Start testing: May 01 21:11 CST
----------------------------------------------------------
1/169 Testing: t_wrapping_ints_cmp
1/169 Test: t_wrapping_ints_cmp
Command: "/home/ubuntu/cs144_sponge/build/tests/wrapping_integers_cmp"
Directory: /home/ubuntu/cs144_sponge/build
"t_wrapping_ints_cmp" start time: May 01 21:11 CST
Output:
----------------------------------------------------------
<end of output>
Test time =   0.00 sec
----------------------------------------------------------
Test Passed.
"t_wrapping_ints_cmp" end time: May 01 21:11 CST
"t_wrapping_ints_cmp" time elapsed: 00:00:00
----------------------------------------------------------

2/169 Testing: t_wrapping_ints_unwrap
2/169 Test: t_wrapping_ints_unwrap
Command: "/home/ubuntu/cs144_sponge/build/tests/wrapping_integers_unwrap"
Directory: /home/ubuntu/cs144_sponge/build
"t_wrapping_ints_unwrap" start time: May 01 21:11 CST
Output:
----------------------------------------------------------
<end of output>
Test time =   0.00 sec
----------------------------------------------------------
Test Passed.
"t_wrapping_ints_unwrap" end time: May 01 21:11 CST
"t_wrapping_ints_unwrap" time elapsed: 00:00:00
----------------------------------------------------------

3/169 Testing: t_wrapping_ints_wrap
3/169 Test: t_wrapping_ints_wrap
Command: "/home/ubuntu/cs144_sponge/build/tests/wrapping_integers_wrap"
Directory: /home/ubuntu/cs144_sponge/build
"t_wrapping_ints_wrap" start time: May 01 21:11 CST
Output:
----------------------------------------------------------
<end of output>
Test time =   0.00 sec
----------------------------------------------------------
Test Passed.
"t_wrapping_ints_wrap" end time: May 01 21:11 CST
"t_wrapping_ints_wrap" time elapsed: 00:00:00
----------------------------------------------------------

4/169 Testing: t_wrapping_ints_roundtrip
4/169 Test: t_wrapping_ints_roundtrip
Command: "/home/ubuntu/cs144_sponge/build/tests/wrapping_integers_roundtrip"
Directory: /home/ubuntu/cs144_sponge/build
"t_wrapping_ints_roundtrip" start time: May 01 21:11 CST
Output:
----------------------------------------------------------
<end of output>
Test time =   0.14 sec
----------------------------------------------------------
Test Passed.
"t_wrapping_ints_roundtrip" end time: May 01 21:11 CST
"t_wrapping_ints_roundtrip" time elapsed: 00:00:00
----------------------------------------------------------

5/169 Testing: t_recv_connect
5/169 Test: t_recv_connect
Command: "/home/ubuntu/cs144_sponge/build/tests/recv_connect"
Directory: /home/ubuntu/cs144_sponge/build
"t_recv_connect" start time: May 01 21:11 CST
Output:
----------------------------------------------------------
<end of output>
Test time =   0.00 sec
----------------------------------------------------------
Test Passed.
"t_recv_connect" end time: May 01 21:11 CST
"t_recv_connect" time elapsed: 00:00:00
----------------------------------------------------------

6/169 Testing: t_recv_transmit
6/169 Test: t_recv_transmit
Command: "/home/ubuntu/cs144_sponge/build/tests/recv_transmit"
Directory: /home/ubuntu/cs144_sponge/build
"t_recv_transmit" start time: May 01 21:11 CST
Output:
----------------------------------------------------------
<end of output>
Test time =   0.06 sec
----------------------------------------------------------
Test Passed.
"t_recv_transmit" end time: May 01 21:11 CST
"t_recv_transmit" time elapsed: 00:00:00
----------------------------------------------------------

7/169 Testing: t_recv_window
7/169 Test: t_recv_window
Command: "/home/ubuntu/cs144_sponge/build/tests/recv_window"
Directory: /home/ubuntu/cs144_sponge/build
"t_recv_window" start time: May 01 21:11 CST
Output:
----------------------------------------------------------
<end of output>
Test time =   0.00 sec
----------------------------------------------------------
Test Passed.
"t_recv_window" end time: May 01 21:11 CST
"t_recv_window" time elapsed: 00:00:00
----------------------------------------------------------

8/169 Testing: t_recv_reorder
8/169 Test: t_recv_reorder
Command: "/home/ubuntu/cs144_sponge/build/tests/recv_reorder"
Directory: /home/ubuntu/cs144_sponge/build
"t_recv_reorder" start time: May 01 21:11 CST
Output:
----------------------------------------------------------
<end of output>
Test time =   0.00 sec
----------------------------------------------------------
Test Passed.
"t_recv_reorder" end time: May 01 21:11 CST
"t_recv_reorder" time elapsed: 00:00:00
----------------------------------------------------------

9/169 Testing: t_recv_close
9/169 Test: t_recv_close
Command: "/home/ubuntu/cs144_sponge/build/tests/recv_close"
Directory: /home/ubuntu/cs144_sponge/build
"t_recv_close" start time: May 01 21:11 CST
Output:
----------------------------------------------------------
<end of output>
Test time =   0.00 sec
----------------------------------------------------------
Test Passed.
"t_recv_close" end time: May 01 21:11 CST
"t_recv_close" time elapsed: 00:00:00
----------------------------------------------------------

10/169 Testing: t_recv_special
10/169 Test: t_recv_special
Command: "/home/ubuntu/cs144_sponge/build/tests/recv_special"
Directory: /home/ubuntu/cs144_sponge/build
"t_recv_special" start time: May 01 21:11 CST
Output:
----------------------------------------------------------
<end of output>
Test time =   0.00 sec
----------------------------------------------------------
Test Passed.
"t_recv_special" end time: May 01 21:11 CST
"t_recv_special" time elapsed: 00:00:00
----------------------------------------------------------

11/169 Testing: t_send_connect
11/169 Test: t_send_connect
Command: "/home/ubuntu/cs144_sponge/build/tests/send_connect"
Directory: /home/ubuntu/cs144_sponge/build
"t_send_connect" start time: May 01 21:11 CST
Output:
----------------------------------------------------------
<end of output>
Test time =   0.00 sec
----------------------------------------------------------
Test Passed.
"t_send_connect" end time: May 01 21:11 CST
"t_send_connect" time elapsed: 00:00:00
----------------------------------------------------------

12/169 Testing: t_send_transmit
12/169 Test: t_send_transmit
Command: "/home/ubuntu/cs144_sponge/build/tests/send_transmit"
Directory: /home/ubuntu/cs144_sponge/build
"t_send_transmit" start time: May 01 21:11 CST
Output:
----------------------------------------------------------
<end of output>
Test time =   0.04 sec
----------------------------------------------------------
Test Passed.
"t_send_transmit" end time: May 01 21:11 CST
"t_send_transmit" time elapsed: 00:00:00
----------------------------------------------------------

13/169 Testing: t_send_retx
13/169 Test: t_send_retx
Command: "/home/ubuntu/cs144_sponge/build/tests/send_retx"
Directory: /home/ubuntu/cs144_sponge/build
"t_send_retx" start time: May 01 21:11 CST
Output:
----------------------------------------------------------
<end of output>
Test time =   0.00 sec
----------------------------------------------------------
Test Passed.
"t_send_retx" end time: May 01 21:11 CST
"t_send_retx" time elapsed: 00:00:00
----------------------------------------------------------

14/169 Testing: t_send_window
14/169 Test: t_send_window
Command: "/home/ubuntu/cs144_sponge/build/tests/send_window"
Directory: /home/ubuntu/cs144_sponge/build
"t_send_window" start time: May 01 21:11 CST
Output:
----------------------------------------------------------
<end of output>
Test time =   0.02 sec
----------------------------------------------------------
Test Passed.
"t_send_window" end time: May 01 21:11 CST
"t_send_window" time elapsed: 00:00:00
----------------------------------------------------------

15/169 Testing: t_send_ack
15/169 Test: t_send_ack
Command: "/home/ubuntu/cs144_sponge/build/tests/send_ack"
Directory: /home/ubuntu/cs144_sponge/build
"t_send_ack" start time: May 01 21:11 CST
Output:
----------------------------------------------------------
<end of output>
Test time =   0.00 sec
----------------------------------------------------------
Test Passed.
"t_send_ack" end time: May 01 21:11 CST
"t_send_ack" time elapsed: 00:00:00
----------------------------------------------------------

16/169 Testing: t_send_close
16/169 Test: t_send_close
Command: "/home/ubuntu/cs144_sponge/build/tests/send_close"
Directory: /home/ubuntu/cs144_sponge/build
"t_send_close" start time: May 01 21:11 CST
Output:
----------------------------------------------------------
<end of output>
Test time =   0.00 sec
----------------------------------------------------------
Test Passed.
"t_send_close" end time: May 01 21:11 CST
"t_send_close" time elapsed: 00:00:00
----------------------------------------------------------

17/169 Testing: t_send_extra
17/169 Test: t_send_extra
Command: "/home/ubuntu/cs144_sponge/build/tests/send_extra"
Directory: /home/ubuntu/cs144_sponge/build
"t_send_extra" start time: May 01 21:11 CST
Output:
----------------------------------------------------------
<end of output>
Test time =   0.01 sec
----------------------------------------------------------
Test Passed.
"t_send_extra" end time: May 01 21:11 CST
"t_send_extra" time elapsed: 00:00:00
----------------------------------------------------------

18/169 Testing: t_strm_reassem_single
18/169 Test: t_strm_reassem_single
Command: "/home/ubuntu/cs144_sponge/build/tests/fsm_stream_reassembler_single"
Directory: /home/ubuntu/cs144_sponge/build
"t_strm_reassem_single" start time: May 01 21:11 CST
Output:
----------------------------------------------------------
<end of output>
Test time =   0.00 sec
----------------------------------------------------------
Test Passed.
"t_strm_reassem_single" end time: May 01 21:11 CST
"t_strm_reassem_single" time elapsed: 00:00:00
----------------------------------------------------------

19/169 Testing: t_strm_reassem_seq
19/169 Test: t_strm_reassem_seq
Command: "/home/ubuntu/cs144_sponge/build/tests/fsm_stream_reassembler_seq"
Directory: /home/ubuntu/cs144_sponge/build
"t_strm_reassem_seq" start time: May 01 21:11 CST
Output:
----------------------------------------------------------
<end of output>
Test time =   0.00 sec
----------------------------------------------------------
Test Passed.
"t_strm_reassem_seq" end time: May 01 21:11 CST
"t_strm_reassem_seq" time elapsed: 00:00:00
----------------------------------------------------------

20/169 Testing: t_strm_reassem_dup
20/169 Test: t_strm_reassem_dup
Command: "/home/ubuntu/cs144_sponge/build/tests/fsm_stream_reassembler_dup"
Directory: /home/ubuntu/cs144_sponge/build
"t_strm_reassem_dup" start time: May 01 21:11 CST
Output:
----------------------------------------------------------
<end of output>
Test time =   0.01 sec
----------------------------------------------------------
Test Passed.
"t_strm_reassem_dup" end time: May 01 21:11 CST
"t_strm_reassem_dup" time elapsed: 00:00:00
----------------------------------------------------------

21/169 Testing: t_strm_reassem_holes
21/169 Test: t_strm_reassem_holes
Command: "/home/ubuntu/cs144_sponge/build/tests/fsm_stream_reassembler_holes"
Directory: /home/ubuntu/cs144_sponge/build
"t_strm_reassem_holes" start time: May 01 21:11 CST
Output:
----------------------------------------------------------
<end of output>
Test time =   0.00 sec
----------------------------------------------------------
Test Passed.
"t_strm_reassem_holes" end time: May 01 21:11 CST
"t_strm_reassem_holes" time elapsed: 00:00:00
----------------------------------------------------------

22/169 Testing: t_strm_reassem_many
22/169 Test: t_strm_reassem_many
Command: "/home/ubuntu/cs144_sponge/build/tests/fsm_stream_reassembler_many"
Directory: /home/ubuntu/cs144_sponge/build
"t_strm_reassem_many" start time: May 01 21:11 CST
Output:
----------------------------------------------------------
<end of output>
Test time =   0.08 sec
----------------------------------------------------------
Test Passed.
"t_strm_reassem_many" end time: May 01 21:11 CST
"t_strm_reassem_many" time elapsed: 00:00:00
----------------------------------------------------------

23/169 Testing: t_strm_reassem_overlapping
23/169 Test: t_strm_reassem_overlapping
Command: "/home/ubuntu/cs144_sponge/build/tests/fsm_stream_reassembler_overlapping"
Directory: /home/ubuntu/cs144_sponge/build
"t_strm_reassem_overlapping" start time: May 01 21:11 CST
Output:
----------------------------------------------------------
<end of output>
Test time =   0.00 sec
----------------------------------------------------------
Test Passed.
"t_strm_reassem_overlapping" end time: May 01 21:11 CST
"t_strm_reassem_overlapping" time elapsed: 00:00:00
----------------------------------------------------------

24/169 Testing: t_strm_reassem_win
24/169 Test: t_strm_reassem_win
Command: "/home/ubuntu/cs144_sponge/build/tests/fsm_stream_reassembler_win"
Directory: /home/ubuntu/cs144_sponge/build
"t_strm_reassem_win" start time: May 01 21:11 CST
Output:
----------------------------------------------------------
<end of output>
Test time =   0.08 sec
----------------------------------------------------------
Test Passed.
"t_strm_reassem_win" end time: May 01 21:11 CST
"t_strm_reassem_win" time elapsed: 00:00:00
----------------------------------------------------------

25/169 Testing: t_strm_reassem_cap
25/169 Test: t_strm_reassem_cap
Command: "/home/ubuntu/cs144_sponge/build/tests/fsm_stream_reassembler_cap"
Directory: /home/ubuntu/cs144_sponge/build
"t_strm_reassem_cap" start time: May 01 21:11 CST
Output:
----------------------------------------------------------
<end of output>
Test time =   0.17 sec
----------------------------------------------------------
Test Passed.
"t_strm_reassem_cap" end time: May 01 21:11 CST
"t_strm_reassem_cap" time elapsed: 00:00:00
----------------------------------------------------------

26/169 Testing: t_byte_stream_construction
26/169 Test: t_byte_stream_construction
Command: "/home/ubuntu/cs144_sponge/build/tests/byte_stream_construction"
Directory: /home/ubuntu/cs144_sponge/build
"t_byte_stream_construction" start time: May 01 21:11 CST
Output:
----------------------------------------------------------
<end of output>
Test time =   0.00 sec
----------------------------------------------------------
Test Passed.
"t_byte_stream_construction" end time: May 01 21:11 CST
"t_byte_stream_construction" time elapsed: 00:00:00
----------------------------------------------------------

27/169 Testing: t_byte_stream_one_write
27/169 Test: t_byte_stream_one_write
Command: "/home/ubuntu/cs144_sponge/build/tests/byte_stream_one_write"
Directory: /home/ubuntu/cs144_sponge/build
"t_byte_stream_one_write" start time: May 01 21:11 CST
Output:
----------------------------------------------------------
<end of output>
Test time =   0.00 sec
----------------------------------------------------------
Test Passed.
"t_byte_stream_one_write" end time: May 01 21:11 CST
"t_byte_stream_one_write" time elapsed: 00:00:00
----------------------------------------------------------

28/169 Testing: t_byte_stream_two_writes
28/169 Test: t_byte_stream_two_writes
Command: "/home/ubuntu/cs144_sponge/build/tests/byte_stream_two_writes"
Directory: /home/ubuntu/cs144_sponge/build
"t_byte_stream_two_writes" start time: May 01 21:11 CST
Output:
----------------------------------------------------------
<end of output>
Test time =   0.00 sec
----------------------------------------------------------
Test Passed.
"t_byte_stream_two_writes" end time: May 01 21:11 CST
"t_byte_stream_two_writes" time elapsed: 00:00:00
----------------------------------------------------------

29/169 Testing: t_byte_stream_capacity
29/169 Test: t_byte_stream_capacity
Command: "/home/ubuntu/cs144_sponge/build/tests/byte_stream_capacity"
Directory: /home/ubuntu/cs144_sponge/build
"t_byte_stream_capacity" start time: May 01 21:11 CST
Output:
----------------------------------------------------------
<end of output>
Test time =   0.47 sec
----------------------------------------------------------
Test Passed.
"t_byte_stream_capacity" end time: May 01 21:11 CST
"t_byte_stream_capacity" time elapsed: 00:00:00
----------------------------------------------------------

30/169 Testing: t_byte_stream_many_writes
30/169 Test: t_byte_stream_many_writes
Command: "/home/ubuntu/cs144_sponge/build/tests/byte_stream_many_writes"
Directory: /home/ubuntu/cs144_sponge/build
"t_byte_stream_many_writes" start time: May 01 21:11 CST
Output:
----------------------------------------------------------
<end of output>
Test time =   0.01 sec
----------------------------------------------------------
Test Passed.
"t_byte_stream_many_writes" end time: May 01 21:11 CST
"t_byte_stream_many_writes" time elapsed: 00:00:00
----------------------------------------------------------

31/169 Testing: t_webget
31/169 Test: t_webget
Command: "/home/ubuntu/cs144_sponge/tests/webget_t.sh"
Directory: /home/ubuntu/cs144_sponge/build
"t_webget" start time: May 01 21:11 CST
Output:
----------------------------------------------------------
HTTP/1.1 200 OK
Content-type: text/plain

7SmXqWkrLKzVBCEalbSPqBcvs11Pw263K7x4Wv3JckI
<end of output>
Test time =   1.16 sec
----------------------------------------------------------
Test Passed.
"t_webget" end time: May 01 21:11 CST
"t_webget" time elapsed: 00:00:01
----------------------------------------------------------

34/169 Testing: t_tcp_parser
34/169 Test: t_tcp_parser
Command: "/home/ubuntu/cs144_sponge/build/tests/tcp_parser" "/home/ubuntu/cs144_sponge/tests/ipv4_parser.data"
Directory: /home/ubuntu/cs144_sponge/build
"t_tcp_parser" start time: May 01 21:11 CST
Output:
----------------------------------------------------------
<end of output>
Test time =   0.06 sec
----------------------------------------------------------
Test Passed.
"t_tcp_parser" end time: May 01 21:11 CST
"t_tcp_parser" time elapsed: 00:00:00
----------------------------------------------------------

35/169 Testing: t_ipv4_parser
35/169 Test: t_ipv4_parser
Command: "/home/ubuntu/cs144_sponge/build/tests/ipv4_parser" "/home/ubuntu/cs144_sponge/tests/ipv4_parser.data"
Directory: /home/ubuntu/cs144_sponge/build
"t_ipv4_parser" start time: May 01 21:11 CST
Output:
----------------------------------------------------------
<end of output>
Test time =   0.06 sec
----------------------------------------------------------
Test Passed.
"t_ipv4_parser" end time: May 01 21:11 CST
"t_ipv4_parser" time elapsed: 00:00:00
----------------------------------------------------------

36/169 Testing: t_active_close
36/169 Test: t_active_close
Command: "/home/ubuntu/cs144_sponge/build/tests/fsm_active_close"
Directory: /home/ubuntu/cs144_sponge/build
"t_active_close" start time: May 01 21:11 CST
Output:
----------------------------------------------------------
<end of output>
Test time =   0.01 sec
----------------------------------------------------------
Test Passed.
"t_active_close" end time: May 01 21:11 CST
"t_active_close" time elapsed: 00:00:00
----------------------------------------------------------

37/169 Testing: t_passive_close
37/169 Test: t_passive_close
Command: "/home/ubuntu/cs144_sponge/build/tests/fsm_passive_close"
Directory: /home/ubuntu/cs144_sponge/build
"t_passive_close" start time: May 01 21:11 CST
Output:
----------------------------------------------------------
<end of output>
Test time =   0.04 sec
----------------------------------------------------------
Test Passed.
"t_passive_close" end time: May 01 21:11 CST
"t_passive_close" time elapsed: 00:00:00
----------------------------------------------------------

39/169 Testing: t_ack_rst
39/169 Test: t_ack_rst
Command: "/home/ubuntu/cs144_sponge/build/tests/fsm_ack_rst_relaxed"
Directory: /home/ubuntu/cs144_sponge/build
"t_ack_rst" start time: May 01 21:11 CST
Output:
----------------------------------------------------------
Test 1
Test 2
Test 3
Warning: Unclean shutdown of TCPConnection
Warning: Unclean shutdown of TCPConnection
Warning: Unclean shutdown of TCPConnection
Warning: Unclean shutdown of TCPConnection
Warning: Unclean shutdown of TCPConnection
Warning: Unclean shutdown of TCPConnection
Warning: Unclean shutdown of TCPConnection
Warning: Unclean shutdown of TCPConnection
Warning: Unclean shutdown of TCPConnection
Test 4
Test 5
Warning: Unclean shutdown of TCPConnection
Warning: Unclean shutdown of TCPConnection
<end of output>
Test time =   0.04 sec
----------------------------------------------------------
Test Passed.
"t_ack_rst" end time: May 01 21:11 CST
"t_ack_rst" time elapsed: 00:00:00
----------------------------------------------------------

41/169 Testing: t_ack_rst_win
41/169 Test: t_ack_rst_win
Command: "/home/ubuntu/cs144_sponge/build/tests/fsm_ack_rst_win_relaxed"
Directory: /home/ubuntu/cs144_sponge/build
"t_ack_rst_win" start time: May 01 21:11 CST
Output:
----------------------------------------------------------
<end of output>
Test time =   0.02 sec
----------------------------------------------------------
Test Passed.
"t_ack_rst_win" end time: May 01 21:11 CST
"t_ack_rst_win" time elapsed: 00:00:00
----------------------------------------------------------

43/169 Testing: t_connect
43/169 Test: t_connect
Command: "/home/ubuntu/cs144_sponge/build/tests/fsm_connect_relaxed"
Directory: /home/ubuntu/cs144_sponge/build
"t_connect" start time: May 01 21:11 CST
Output:
----------------------------------------------------------
Warning: Unclean shutdown of TCPConnection
Warning: Unclean shutdown of TCPConnection
Warning: Unclean shutdown of TCPConnection
<end of output>
Test time =   0.02 sec
----------------------------------------------------------
Test Passed.
"t_connect" end time: May 01 21:11 CST
"t_connect" time elapsed: 00:00:00
----------------------------------------------------------

45/169 Testing: t_listen
45/169 Test: t_listen
Command: "/home/ubuntu/cs144_sponge/build/tests/fsm_listen_relaxed"
Directory: /home/ubuntu/cs144_sponge/build
"t_listen" start time: May 01 21:11 CST
Output:
----------------------------------------------------------
Warning: Unclean shutdown of TCPConnection
<end of output>
Test time =   0.07 sec
----------------------------------------------------------
Test Passed.
"t_listen" end time: May 01 21:11 CST
"t_listen" time elapsed: 00:00:00
----------------------------------------------------------

46/169 Testing: t_winsize
46/169 Test: t_winsize
Command: "/home/ubuntu/cs144_sponge/build/tests/fsm_winsize"
Directory: /home/ubuntu/cs144_sponge/build
"t_winsize" start time: May 01 21:11 CST
Output:
----------------------------------------------------------
Warning: Unclean shutdown of TCPConnection
Warning: Unclean shutdown of TCPConnection
Warning: Unclean shutdown of TCPConnection
Warning: Unclean shutdown of TCPConnection
Warning: Unclean shutdown of TCPConnection
Warning: Unclean shutdown of TCPConnection
Warning: Unclean shutdown of TCPConnection
Warning: Unclean shutdown of TCPConnection
Warning: Unclean shutdown of TCPConnection
Warning: Unclean shutdown of TCPConnection
Warning: Unclean shutdown of TCPConnection
Warning: Unclean shutdown of TCPConnection
Warning: Unclean shutdown of TCPConnection
Warning: Unclean shutdown of TCPConnection
Warning: Unclean shutdown of TCPConnection
Warning: Unclean shutdown of TCPConnection
Warning: Unclean shutdown of TCPConnection
Warning: Unclean shutdown of TCPConnection
Warning: Unclean shutdown of TCPConnection
Warning: Unclean shutdown of TCPConnection
Warning: Unclean shutdown of TCPConnection
Warning: Unclean shutdown of TCPConnection
Warning: Unclean shutdown of TCPConnection
Warning: Unclean shutdown of TCPConnection
Warning: Unclean shutdown of TCPConnection
Warning: Unclean shutdown of TCPConnection
Warning: Unclean shutdown of TCPConnection
Warning: Unclean shutdown of TCPConnection
Warning: Unclean shutdown of TCPConnection
Warning: Unclean shutdown of TCPConnection
Warning: Unclean shutdown of TCPConnection
Warning: Unclean shutdown of TCPConnection
<end of output>
Test time =   0.10 sec
----------------------------------------------------------
Test Passed.
"t_winsize" end time: May 01 21:11 CST
"t_winsize" time elapsed: 00:00:00
----------------------------------------------------------

48/169 Testing: t_retx
48/169 Test: t_retx
Command: "/home/ubuntu/cs144_sponge/build/tests/fsm_retx_relaxed"
Directory: /home/ubuntu/cs144_sponge/build
"t_retx" start time: May 01 21:11 CST
Output:
----------------------------------------------------------
  check_segment
  check_segment
  check_segment
  check_segment
  check_segment
  check_segment
  check_segment
  check_segment
  check_segment
<end of output>
Test time =   0.02 sec
----------------------------------------------------------
Test Passed.
"t_retx" end time: May 01 21:11 CST
"t_retx" time elapsed: 00:00:00
----------------------------------------------------------

49/169 Testing: t_retx_win
49/169 Test: t_retx_win
Command: "/home/ubuntu/cs144_sponge/build/tests/fsm_retx_win"
Directory: /home/ubuntu/cs144_sponge/build
"t_retx_win" start time: May 01 21:11 CST
Output:
----------------------------------------------------------
  check_segment
  check_segment
  check_segment
  check_segment
Warning: Unclean shutdown of TCPConnection
  check_segment
  check_segment
  check_segment
  check_segment
Warning: Unclean shutdown of TCPConnection
  check_segment
  check_segment
  check_segment
  check_segment
Warning: Unclean shutdown of TCPConnection
  check_segment
  check_segment
  check_segment
  check_segment
Warning: Unclean shutdown of TCPConnection
  check_segment
  check_segment
  check_segment
  check_segment
  check_segment
Warning: Unclean shutdown of TCPConnection
  check_segment
  check_segment
  check_segment
  check_segment
  check_segment
  check_segment
Warning: Unclean shutdown of TCPConnection
  check_segment
  check_segment
  check_segment
  check_segment
  check_segment
  check_segment
  check_segment
Warning: Unclean shutdown of TCPConnection
  check_segment
  check_segment
  check_segment
  check_segment
  check_segment
  check_segment
  check_segment
  check_segment
Warning: Unclean shutdown of TCPConnection
  check_segment
  check_segment
  check_segment
  check_segment
  check_segment
  check_segment
  check_segment
  check_segment
  check_segment
Warning: Unclean shutdown of TCPConnection
  check_segment
  check_segment
  check_segment
  check_segment
  check_segment
  check_segment
  check_segment
  check_segment
  check_segment
  check_segment
Warning: Unclean shutdown of TCPConnection
<end of output>
Test time =   0.05 sec
----------------------------------------------------------
Test Passed.
"t_retx_win" end time: May 01 21:11 CST
"t_retx_win" time elapsed: 00:00:00
----------------------------------------------------------

50/169 Testing: t_loopback
50/169 Test: t_loopback
Command: "/home/ubuntu/cs144_sponge/build/tests/fsm_loopback"
Directory: /home/ubuntu/cs144_sponge/build
"t_loopback" start time: May 01 21:11 CST
Output:
----------------------------------------------------------
Warning: Unclean shutdown of TCPConnection
Warning: Unclean shutdown of TCPConnection
Warning: Unclean shutdown of TCPConnection
Warning: Unclean shutdown of TCPConnection
Warning: Unclean shutdown of TCPConnection
Warning: Unclean shutdown of TCPConnection
Warning: Unclean shutdown of TCPConnection
Warning: Unclean shutdown of TCPConnection
Warning: Unclean shutdown of TCPConnection
Warning: Unclean shutdown of TCPConnection
Warning: Unclean shutdown of TCPConnection
Warning: Unclean shutdown of TCPConnection
Warning: Unclean shutdown of TCPConnection
Warning: Unclean shutdown of TCPConnection
Warning: Unclean shutdown of TCPConnection
Warning: Unclean shutdown of TCPConnection
Warning: Unclean shutdown of TCPConnection
Warning: Unclean shutdown of TCPConnection
Warning: Unclean shutdown of TCPConnection
Warning: Unclean shutdown of TCPConnection
Warning: Unclean shutdown of TCPConnection
Warning: Unclean shutdown of TCPConnection
Warning: Unclean shutdown of TCPConnection
Warning: Unclean shutdown of TCPConnection
Warning: Unclean shutdown of TCPConnection
Warning: Unclean shutdown of TCPConnection
Warning: Unclean shutdown of TCPConnection
Warning: Unclean shutdown of TCPConnection
Warning: Unclean shutdown of TCPConnection
Warning: Unclean shutdown of TCPConnection
Warning: Unclean shutdown of TCPConnection
Warning: Unclean shutdown of TCPConnection
Warning: Unclean shutdown of TCPConnection
Warning: Unclean shutdown of TCPConnection
Warning: Unclean shutdown of TCPConnection
Warning: Unclean shutdown of TCPConnection
Warning: Unclean shutdown of TCPConnection
Warning: Unclean shutdown of TCPConnection
Warning: Unclean shutdown of TCPConnection
Warning: Unclean shutdown of TCPConnection
Warning: Unclean shutdown of TCPConnection
Warning: Unclean shutdown of TCPConnection
Warning: Unclean shutdown of TCPConnection
Warning: Unclean shutdown of TCPConnection
Warning: Unclean shutdown of TCPConnection
Warning: Unclean shutdown of TCPConnection
Warning: Unclean shutdown of TCPConnection
Warning: Unclean shutdown of TCPConnection
Warning: Unclean shutdown of TCPConnection
Warning: Unclean shutdown of TCPConnection
Warning: Unclean shutdown of TCPConnection
Warning: Unclean shutdown of TCPConnection
Warning: Unclean shutdown of TCPConnection
Warning: Unclean shutdown of TCPConnection
Warning: Unclean shutdown of TCPConnection
Warning: Unclean shutdown of TCPConnection
Warning: Unclean shutdown of TCPConnection
Warning: Unclean shutdown of TCPConnection
Warning: Unclean shutdown of TCPConnection
Warning: Unclean shutdown of TCPConnection
Warning: Unclean shutdown of TCPConnection
Warning: Unclean shutdown of TCPConnection
Warning: Unclean shutdown of TCPConnection
Warning: Unclean shutdown of TCPConnection
<end of output>
Test time =   0.24 sec
----------------------------------------------------------
Test Passed.
"t_loopback" end time: May 01 21:11 CST
"t_loopback" time elapsed: 00:00:00
----------------------------------------------------------

51/169 Testing: t_loopback_win
51/169 Test: t_loopback_win
Command: "/home/ubuntu/cs144_sponge/build/tests/fsm_loopback_win"
Directory: /home/ubuntu/cs144_sponge/build
"t_loopback_win" start time: May 01 21:11 CST
Output:
----------------------------------------------------------
Warning: Unclean shutdown of TCPConnection
Warning: Unclean shutdown of TCPConnection
Warning: Unclean shutdown of TCPConnection
Warning: Unclean shutdown of TCPConnection
Warning: Unclean shutdown of TCPConnection
Warning: Unclean shutdown of TCPConnection
Warning: Unclean shutdown of TCPConnection
Warning: Unclean shutdown of TCPConnection
Warning: Unclean shutdown of TCPConnection
Warning: Unclean shutdown of TCPConnection
Warning: Unclean shutdown of TCPConnection
Warning: Unclean shutdown of TCPConnection
Warning: Unclean shutdown of TCPConnection
Warning: Unclean shutdown of TCPConnection
Warning: Unclean shutdown of TCPConnection
Warning: Unclean shutdown of TCPConnection
Warning: Unclean shutdown of TCPConnection
Warning: Unclean shutdown of TCPConnection
Warning: Unclean shutdown of TCPConnection
Warning: Unclean shutdown of TCPConnection
Warning: Unclean shutdown of TCPConnection
Warning: Unclean shutdown of TCPConnection
Warning: Unclean shutdown of TCPConnection
Warning: Unclean shutdown of TCPConnection
Warning: Unclean shutdown of TCPConnection
Warning: Unclean shutdown of TCPConnection
Warning: Unclean shutdown of TCPConnection
Warning: Unclean shutdown of TCPConnection
Warning: Unclean shutdown of TCPConnection
Warning: Unclean shutdown of TCPConnection
Warning: Unclean shutdown of TCPConnection
Warning: Unclean shutdown of TCPConnection
<end of output>
Test time =   0.10 sec
----------------------------------------------------------
Test Passed.
"t_loopback_win" end time: May 01 21:11 CST
"t_loopback_win" time elapsed: 00:00:00
----------------------------------------------------------

52/169 Testing: t_reorder
52/169 Test: t_reorder
Command: "/home/ubuntu/cs144_sponge/build/tests/fsm_reorder"
Directory: /home/ubuntu/cs144_sponge/build
"t_reorder" start time: May 01 21:11 CST
Output:
----------------------------------------------------------
Warning: Unclean shutdown of TCPConnection
Warning: Unclean shutdown of TCPConnection
Warning: Unclean shutdown of TCPConnection
Warning: Unclean shutdown of TCPConnection
Warning: Unclean shutdown of TCPConnection
Warning: Unclean shutdown of TCPConnection
Warning: Unclean shutdown of TCPConnection
Warning: Unclean shutdown of TCPConnection
Warning: Unclean shutdown of TCPConnection
Warning: Unclean shutdown of TCPConnection
Warning: Unclean shutdown of TCPConnection
Warning: Unclean shutdown of TCPConnection
Warning: Unclean shutdown of TCPConnection
Warning: Unclean shutdown of TCPConnection
Warning: Unclean shutdown of TCPConnection
Warning: Unclean shutdown of TCPConnection
Warning: Unclean shutdown of TCPConnection
Warning: Unclean shutdown of TCPConnection
Warning: Unclean shutdown of TCPConnection
Warning: Unclean shutdown of TCPConnection
Warning: Unclean shutdown of TCPConnection
Warning: Unclean shutdown of TCPConnection
Warning: Unclean shutdown of TCPConnection
Warning: Unclean shutdown of TCPConnection
Warning: Unclean shutdown of TCPConnection
Warning: Unclean shutdown of TCPConnection
Warning: Unclean shutdown of TCPConnection
Warning: Unclean shutdown of TCPConnection
Warning: Unclean shutdown of TCPConnection
Warning: Unclean shutdown of TCPConnection
Warning: Unclean shutdown of TCPConnection
Warning: Unclean shutdown of TCPConnection
Warning: Unclean shutdown of TCPConnection
Warning: Unclean shutdown of TCPConnection
Warning: Unclean shutdown of TCPConnection
Warning: Unclean shutdown of TCPConnection
Warning: Unclean shutdown of TCPConnection
Warning: Unclean shutdown of TCPConnection
Warning: Unclean shutdown of TCPConnection
Warning: Unclean shutdown of TCPConnection
Warning: Unclean shutdown of TCPConnection
Warning: Unclean shutdown of TCPConnection
Warning: Unclean shutdown of TCPConnection
Warning: Unclean shutdown of TCPConnection
Warning: Unclean shutdown of TCPConnection
Warning: Unclean shutdown of TCPConnection
Warning: Unclean shutdown of TCPConnection
Warning: Unclean shutdown of TCPConnection
Warning: Unclean shutdown of TCPConnection
Warning: Unclean shutdown of TCPConnection
Warning: Unclean shutdown of TCPConnection
Warning: Unclean shutdown of TCPConnection
Warning: Unclean shutdown of TCPConnection
Warning: Unclean shutdown of TCPConnection
Warning: Unclean shutdown of TCPConnection
Warning: Unclean shutdown of TCPConnection
Warning: Unclean shutdown of TCPConnection
Warning: Unclean shutdown of TCPConnection
Warning: Unclean shutdown of TCPConnection
Warning: Unclean shutdown of TCPConnection
Warning: Unclean shutdown of TCPConnection
Warning: Unclean shutdown of TCPConnection
Warning: Unclean shutdown of TCPConnection
Warning: Unclean shutdown of TCPConnection
<end of output>
Test time =   0.19 sec
----------------------------------------------------------
Test Passed.
"t_reorder" end time: May 01 21:11 CST
"t_reorder" time elapsed: 00:00:00
----------------------------------------------------------

53/169 Testing: t_address_dt
53/169 Test: t_address_dt
Command: "/home/ubuntu/cs144_sponge/build/doctests/address_dt"
Directory: /home/ubuntu/cs144_sponge/build
"t_address_dt" start time: May 01 21:11 CST
Output:
----------------------------------------------------------
<end of output>
Test time =   0.00 sec
----------------------------------------------------------
Test Passed.
"t_address_dt" end time: May 01 21:11 CST
"t_address_dt" time elapsed: 00:00:00
----------------------------------------------------------

54/169 Testing: t_parser_dt
54/169 Test: t_parser_dt
Command: "/home/ubuntu/cs144_sponge/build/doctests/parser_dt"
Directory: /home/ubuntu/cs144_sponge/build
"t_parser_dt" start time: May 01 21:11 CST
Output:
----------------------------------------------------------
<end of output>
Test time =   0.00 sec
----------------------------------------------------------
Test Passed.
"t_parser_dt" end time: May 01 21:11 CST
"t_parser_dt" time elapsed: 00:00:00
----------------------------------------------------------

55/169 Testing: t_socket_dt
55/169 Test: t_socket_dt
Command: "/home/ubuntu/cs144_sponge/build/doctests/socket_dt"
Directory: /home/ubuntu/cs144_sponge/build
"t_socket_dt" start time: May 01 21:11 CST
Output:
----------------------------------------------------------
<end of output>
Test time =   0.01 sec
----------------------------------------------------------
Test Passed.
"t_socket_dt" end time: May 01 21:11 CST
"t_socket_dt" time elapsed: 00:00:00
----------------------------------------------------------

56/169 Testing: t_udp_client_send
56/169 Test: t_udp_client_send
Command: "/home/ubuntu/cs144_sponge/txrx.sh" "-ucS"
Directory: /home/ubuntu/cs144_sponge/build
"t_udp_client_send" start time: May 01 21:11 CST
Output:
----------------------------------------------------------
DEBUG: Listening for incoming connection... DEBUG: Connecting to 169.254.144.1:25620... done.
new connection from 169.254.144.1:55971.
DEBUG: Outbound stream to 169.254.144.1:55971 finished (1 byte still in flight).
DEBUG: Inbound stream from 169.254.144.1:25620 finished cleanly.
DEBUG: Outbound stream to 169.254.144.1:55971 has been fully acknowledged.
DEBUG: Outbound stream to 169.254.144.1:25620 finished (33 bytes still in flight).
DEBUG: Waiting for clean shutdown... DEBUG: Waiting for clean shutdown... DEBUG: Inbound stream from 169.254.144.1:55971 finished cleanly.
DEBUG: Waiting for lingering segments (e.g. retransmissions of FIN) from peer...
DEBUG: Outbound stream to 169.254.144.1:25620 has been fully acknowledged.
DEBUG: TCP connection finished cleanly.
done.
DEBUG: TCP connection finished cleanly.
done.
<end of output>
Test time =   0.30 sec
----------------------------------------------------------
Test Passed.
"t_udp_client_send" end time: May 01 21:11 CST
"t_udp_client_send" time elapsed: 00:00:00
----------------------------------------------------------

57/169 Testing: t_udp_server_send
57/169 Test: t_udp_server_send
Command: "/home/ubuntu/cs144_sponge/txrx.sh" "-usS"
Directory: /home/ubuntu/cs144_sponge/build
"t_udp_server_send" start time: May 01 21:11 CST
Output:
----------------------------------------------------------
DEBUG: Listening for incoming connection... DEBUG: Connecting to 169.254.144.1:18292... done.
new connection from 169.254.144.1:34026.
DEBUG: Outbound stream to 169.254.144.1:18292 finished (1 byte still in flight).
DEBUG: Inbound stream from 169.254.144.1:34026 finished cleanly.
DEBUG: Outbound stream to 169.254.144.1:18292 has been fully acknowledged.
DEBUG: Outbound stream to 169.254.144.1:34026 finished (33 bytes still in flight).
DEBUG: Waiting for clean shutdown... DEBUG: Inbound stream from 169.254.144.1:18292 finished cleanly.
DEBUG: Waiting for lingering segments (e.g. retransmissions of FIN) from peer...
DEBUG: Waiting for clean shutdown... DEBUG: Outbound stream to 169.254.144.1:34026 has been fully acknowledged.
DEBUG: TCP connection finished cleanly.
done.
DEBUG: TCP connection finished cleanly.
done.
<end of output>
Test time =   0.25 sec
----------------------------------------------------------
Test Passed.
"t_udp_server_send" end time: May 01 21:11 CST
"t_udp_server_send" time elapsed: 00:00:00
----------------------------------------------------------

58/169 Testing: t_udp_client_recv
58/169 Test: t_udp_client_recv
Command: "/home/ubuntu/cs144_sponge/txrx.sh" "-ucR"
Directory: /home/ubuntu/cs144_sponge/build
"t_udp_client_recv" start time: May 01 21:11 CST
Output:
----------------------------------------------------------
DEBUG: Listening for incoming connection... DEBUG: Connecting to 169.254.144.1:1543... done.
DEBUG: Outbound stream to 169.254.144.1:1543 finished (1 byte still in flight).
new connection from 169.254.144.1:47296.
DEBUG: Inbound stream from 169.254.144.1:47296 finished cleanly.
DEBUG: Outbound stream to 169.254.144.1:1543 has been fully acknowledged.
DEBUG: Waiting for clean shutdown... DEBUG: Outbound stream to 169.254.144.1:47296 finished (33 bytes still in flight).
DEBUG: Inbound stream from 169.254.144.1:1543 finished cleanly.
DEBUG: Waiting for lingering segments (e.g. retransmissions of FIN) from peer...
DEBUG: Outbound stream to 169.254.144.1:47296 has been fully acknowledged.
DEBUG: TCP connection finished cleanly.
done.
DEBUG: Waiting for clean shutdown... DEBUG: TCP connection finished cleanly.
done.
<end of output>
Test time =   0.25 sec
----------------------------------------------------------
Test Passed.
"t_udp_client_recv" end time: May 01 21:11 CST
"t_udp_client_recv" time elapsed: 00:00:00
----------------------------------------------------------

59/169 Testing: t_udp_server_recv
59/169 Test: t_udp_server_recv
Command: "/home/ubuntu/cs144_sponge/txrx.sh" "-usR"
Directory: /home/ubuntu/cs144_sponge/build
"t_udp_server_recv" start time: May 01 21:11 CST
Output:
----------------------------------------------------------
DEBUG: Listening for incoming connection... DEBUG: Connecting to 169.254.144.1:3133... done.
new connection from 169.254.144.1:50539.
DEBUG: Outbound stream to 169.254.144.1:50539 finished (1 byte still in flight).
DEBUG: Inbound stream from 169.254.144.1:3133 finished cleanly.
DEBUG: Waiting for clean shutdown... DEBUG: Outbound stream to 169.254.144.1:3133 finished (33 bytes still in flight).
DEBUG: Outbound stream to 169.254.144.1:50539 has been fully acknowledged.
DEBUG: Waiting for clean shutdown... DEBUG: Inbound stream from 169.254.144.1:50539 finished cleanly.
DEBUG: Waiting for lingering segments (e.g. retransmissions of FIN) from peer...
DEBUG: Outbound stream to 169.254.144.1:3133 has been fully acknowledged.
DEBUG: TCP connection finished cleanly.
done.
DEBUG: TCP connection finished cleanly.
done.
<end of output>
Test time =   0.25 sec
----------------------------------------------------------
Test Passed.
"t_udp_server_recv" end time: May 01 21:11 CST
"t_udp_server_recv" time elapsed: 00:00:00
----------------------------------------------------------

60/169 Testing: t_udp_client_dupl
60/169 Test: t_udp_client_dupl
Command: "/home/ubuntu/cs144_sponge/txrx.sh" "-ucD"
Directory: /home/ubuntu/cs144_sponge/build
"t_udp_client_dupl" start time: May 01 21:11 CST
Output:
----------------------------------------------------------
DEBUG: Listening for incoming connection... DEBUG: Connecting to 169.254.144.1:28435... done.
new connection from 169.254.144.1:58694.
DEBUG: Outbound stream to 169.254.144.1:58694 finished (33 bytes still in flight).
DEBUG: Outbound stream to 169.254.144.1:28435 finished (33 bytes still in flight).
DEBUG: Inbound stream from 169.254.144.1:28435 finished cleanly.
DEBUG: Outbound stream to 169.254.144.1:58694 has been fully acknowledged.
DEBUG: Inbound stream from 169.254.144.1:58694 finished cleanly.
DEBUG: Waiting for lingering segments (e.g. retransmissions of FIN) from peer...
DEBUG: Waiting for clean shutdown... DEBUG: Outbound stream to 169.254.144.1:28435 has been fully acknowledged.
DEBUG: Waiting for clean shutdown... DEBUG: TCP connection finished cleanly.
done.
DEBUG: TCP connection finished cleanly.
done.
<end of output>
Test time =   0.26 sec
----------------------------------------------------------
Test Passed.
"t_udp_client_dupl" end time: May 01 21:11 CST
"t_udp_client_dupl" time elapsed: 00:00:00
----------------------------------------------------------

61/169 Testing: t_udp_server_dupl
61/169 Test: t_udp_server_dupl
Command: "/home/ubuntu/cs144_sponge/txrx.sh" "-usD"
Directory: /home/ubuntu/cs144_sponge/build
"t_udp_server_dupl" start time: May 01 21:11 CST
Output:
----------------------------------------------------------
DEBUG: Listening for incoming connection... DEBUG: Connecting to 169.254.144.1:27562... done.
new connection from 169.254.144.1:33558.
DEBUG: Outbound stream to 169.254.144.1:27562 finished (33 bytes still in flight).
DEBUG: Outbound stream to 169.254.144.1:33558 finished (33 bytes still in flight).
DEBUG: Inbound stream from 169.254.144.1:33558 finished cleanly.
DEBUG: Outbound stream to 169.254.144.1:27562 has been fully acknowledged.
DEBUG: Inbound stream from 169.254.144.1:27562 finished cleanly.
DEBUG: Waiting for lingering segments (e.g. retransmissions of FIN) from peer...
DEBUG: Waiting for clean shutdown... DEBUG: Waiting for clean shutdown... DEBUG: Outbound stream to 169.254.144.1:33558 has been fully acknowledged.
DEBUG: TCP connection finished cleanly.
done.
DEBUG: TCP connection finished cleanly.
done.
<end of output>
Test time =   0.25 sec
----------------------------------------------------------
Test Passed.
"t_udp_server_dupl" end time: May 01 21:11 CST
"t_udp_server_dupl" time elapsed: 00:00:00
----------------------------------------------------------

62/169 Testing: t_ucS_1M_32k
62/169 Test: t_ucS_1M_32k
Command: "/home/ubuntu/cs144_sponge/txrx.sh" "-ucSd" "1M" "-w" "32K"
Directory: /home/ubuntu/cs144_sponge/build
"t_ucS_1M_32k" start time: May 01 21:11 CST
Output:
----------------------------------------------------------
DEBUG: Listening for incoming connection... DEBUG: Connecting to 169.254.144.1:26790... done.
new connection from 169.254.144.1:51308.
DEBUG: Outbound stream to 169.254.144.1:51308 finished (1 byte still in flight).
DEBUG: Inbound stream from 169.254.144.1:26790 finished cleanly.
DEBUG: Outbound stream to 169.254.144.1:51308 has been fully acknowledged.
DEBUG: Waiting for clean shutdown... DEBUG: Outbound stream to 169.254.144.1:26790 finished (31768 bytes still in flight).
DEBUG: Outbound stream to 169.254.144.1:26790 has been fully acknowledged.
DEBUG: TCP connection finished cleanly.
done.
DEBUG: Waiting for clean shutdown... DEBUG: Inbound stream from 169.254.144.1:51308 finished cleanly.
DEBUG: Waiting for lingering segments (e.g. retransmissions of FIN) from peer...
DEBUG: TCP connection finished cleanly.
done.
<end of output>
Test time =   0.42 sec
----------------------------------------------------------
Test Passed.
"t_ucS_1M_32k" end time: May 01 21:11 CST
"t_ucS_1M_32k" time elapsed: 00:00:00
----------------------------------------------------------

63/169 Testing: t_ucS_128K_8K
63/169 Test: t_ucS_128K_8K
Command: "/home/ubuntu/cs144_sponge/txrx.sh" "-ucSd" "128K" "-w" "8K"
Directory: /home/ubuntu/cs144_sponge/build
"t_ucS_128K_8K" start time: May 01 21:11 CST
Output:
----------------------------------------------------------
DEBUG: Listening for incoming connection... DEBUG: Connecting to 169.254.144.1:2586... done.
new connection from 169.254.144.1:48263.
DEBUG: Outbound stream to 169.254.144.1:48263 finished (1 byte still in flight).
DEBUG: Waiting for clean shutdown... DEBUG: Inbound stream from 169.254.144.1:2586 finished cleanly.
DEBUG: Outbound stream to 169.254.144.1:48263 has been fully acknowledged.
DEBUG: Outbound stream to 169.254.144.1:2586 finished (6192 bytes still in flight).
DEBUG: Waiting for clean shutdown... DEBUG: Inbound stream from 169.254.144.1:48263 finished cleanly.
DEBUG: Waiting for lingering segments (e.g. retransmissions of FIN) from peer...
DEBUG: Outbound stream to 169.254.144.1:2586 has been fully acknowledged.
DEBUG: TCP connection finished cleanly.
done.
DEBUG: TCP connection finished cleanly.
done.
<end of output>
Test time =   0.27 sec
----------------------------------------------------------
Test Passed.
"t_ucS_128K_8K" end time: May 01 21:11 CST
"t_ucS_128K_8K" time elapsed: 00:00:00
----------------------------------------------------------

64/169 Testing: t_ucS_16_1
64/169 Test: t_ucS_16_1
Command: "/home/ubuntu/cs144_sponge/txrx.sh" "-ucSd" "16" "-w" "1"
Directory: /home/ubuntu/cs144_sponge/build
"t_ucS_16_1" start time: May 01 21:11 CST
Output:
----------------------------------------------------------
DEBUG: Listening for incoming connection... DEBUG: Connecting to 169.254.144.1:11485... done.
new connection from 169.254.144.1:34269.
DEBUG: Outbound stream to 169.254.144.1:34269 finished (1 byte still in flight).
DEBUG: Inbound stream from 169.254.144.1:11485 finished cleanly.
DEBUG: Waiting for clean shutdown... DEBUG: Outbound stream to 169.254.144.1:11485 finished (1 byte still in flight).
DEBUG: Outbound stream to 169.254.144.1:34269 has been fully acknowledged.
DEBUG: Waiting for clean shutdown... DEBUG: Inbound stream from 169.254.144.1:34269 finished cleanly.
DEBUG: Waiting for lingering segments (e.g. retransmissions of FIN) from peer...
DEBUG: Outbound stream to 169.254.144.1:11485 has been fully acknowledged.
DEBUG: TCP connection finished cleanly.
done.
DEBUG: TCP connection finished cleanly.
done.
<end of output>
Test time =   0.26 sec
----------------------------------------------------------
Test Passed.
"t_ucS_16_1" end time: May 01 21:11 CST
"t_ucS_16_1" time elapsed: 00:00:00
----------------------------------------------------------

65/169 Testing: t_ucS_32K_d
65/169 Test: t_ucS_32K_d
Command: "/home/ubuntu/cs144_sponge/txrx.sh" "-ucSd" "32K"
Directory: /home/ubuntu/cs144_sponge/build
"t_ucS_32K_d" start time: May 01 21:11 CST
Output:
----------------------------------------------------------
DEBUG: Listening for incoming connection... DEBUG: Connecting to 169.254.144.1:5906... done.
new connection from 169.254.144.1:51504.
DEBUG: Outbound stream to 169.254.144.1:5906 finished (32769 bytes still in flight).
DEBUG: Outbound stream to 169.254.144.1:51504 finished (1 byte still in flight).
DEBUG: Inbound stream from 169.254.144.1:5906 finished cleanly.
DEBUG: Waiting for clean shutdown... DEBUG: Waiting for clean shutdown... DEBUG: Inbound stream from 169.254.144.1:51504 finished cleanly.
DEBUG: Outbound stream to 169.254.144.1:51504 has been fully acknowledged.
DEBUG: Outbound stream to 169.254.144.1:5906 has been fully acknowledged.
DEBUG: TCP connection finished cleanly.
done.
DEBUG: TCP connection finished cleanly.
done.
<end of output>
Test time =   0.26 sec
----------------------------------------------------------
Test Passed.
"t_ucS_32K_d" end time: May 01 21:11 CST
"t_ucS_32K_d" time elapsed: 00:00:00
----------------------------------------------------------

66/169 Testing: t_ucR_1M_32k
66/169 Test: t_ucR_1M_32k
Command: "/home/ubuntu/cs144_sponge/txrx.sh" "-ucRd" "1M" "-w" "32K"
Directory: /home/ubuntu/cs144_sponge/build
"t_ucR_1M_32k" start time: May 01 21:11 CST
Output:
----------------------------------------------------------
DEBUG: Listening for incoming connection... DEBUG: Connecting to 169.254.144.1:28287... done.
new connection from 169.254.144.1:34948.
DEBUG: Outbound stream to 169.254.144.1:28287 finished (1 byte still in flight).
DEBUG: Inbound stream from 169.254.144.1:34948 finished cleanly.
DEBUG: Outbound stream to 169.254.144.1:28287 has been fully acknowledged.
DEBUG: Waiting for clean shutdown... DEBUG: Outbound stream to 169.254.144.1:34948 finished (31768 bytes still in flight).
DEBUG: Outbound stream to 169.254.144.1:34948 has been fully acknowledged.
DEBUG: TCP connection finished cleanly.
done.
DEBUG: Waiting for clean shutdown... DEBUG: Inbound stream from 169.254.144.1:28287 finished cleanly.
DEBUG: Waiting for lingering segments (e.g. retransmissions of FIN) from peer...
DEBUG: TCP connection finished cleanly.
done.
<end of output>
Test time =   0.46 sec
----------------------------------------------------------
Test Passed.
"t_ucR_1M_32k" end time: May 01 21:11 CST
"t_ucR_1M_32k" time elapsed: 00:00:00
----------------------------------------------------------

67/169 Testing: t_ucR_128K_8K
67/169 Test: t_ucR_128K_8K
Command: "/home/ubuntu/cs144_sponge/txrx.sh" "-ucRd" "128K" "-w" "8K"
Directory: /home/ubuntu/cs144_sponge/build
"t_ucR_128K_8K" start time: May 01 21:11 CST
Output:
----------------------------------------------------------
DEBUG: Listening for incoming connection... DEBUG: Connecting to 169.254.144.1:3262... done.
new connection from 169.254.144.1:52724.
DEBUG: Outbound stream to 169.254.144.1:3262 finished (1 byte still in flight).
DEBUG: Inbound stream from 169.254.144.1:52724 finished cleanly.
DEBUG: Outbound stream to 169.254.144.1:3262 has been fully acknowledged.
DEBUG: Waiting for clean shutdown... DEBUG: Outbound stream to 169.254.144.1:52724 finished (7192 bytes still in flight).
DEBUG: Inbound stream from 169.254.144.1:3262 finished cleanly.
DEBUG: Waiting for lingering segments (e.g. retransmissions of FIN) from peer...
DEBUG: Waiting for clean shutdown... DEBUG: Outbound stream to 169.254.144.1:52724 has been fully acknowledged.
DEBUG: TCP connection finished cleanly.
done.
DEBUG: TCP connection finished cleanly.
done.
<end of output>
Test time =   0.28 sec
----------------------------------------------------------
Test Passed.
"t_ucR_128K_8K" end time: May 01 21:11 CST
"t_ucR_128K_8K" time elapsed: 00:00:00
----------------------------------------------------------

68/169 Testing: t_ucR_16_1
68/169 Test: t_ucR_16_1
Command: "/home/ubuntu/cs144_sponge/txrx.sh" "-ucRd" "16" "-w" "1"
Directory: /home/ubuntu/cs144_sponge/build
"t_ucR_16_1" start time: May 01 21:11 CST
Output:
----------------------------------------------------------
DEBUG: Listening for incoming connection... DEBUG: Connecting to 169.254.144.1:28462... done.
DEBUG: Outbound stream to 169.254.144.1:28462 finished (1 byte still in flight).
new connection from 169.254.144.1:57754.
DEBUG: Outbound stream to 169.254.144.1:57754 finished (1 byte still in flight).
DEBUG: Waiting for clean shutdown... DEBUG: Inbound stream from 169.254.144.1:57754 finished cleanly.
DEBUG: Outbound stream to 169.254.144.1:28462 has been fully acknowledged.
DEBUG: Inbound stream from 169.254.144.1:28462 finished cleanly.
DEBUG: Waiting for lingering segments (e.g. retransmissions of FIN) from peer...
DEBUG: Waiting for clean shutdown... DEBUG: Outbound stream to 169.254.144.1:57754 has been fully acknowledged.
DEBUG: TCP connection finished cleanly.
done.
DEBUG: TCP connection finished cleanly.
done.
<end of output>
Test time =   0.25 sec
----------------------------------------------------------
Test Passed.
"t_ucR_16_1" end time: May 01 21:11 CST
"t_ucR_16_1" time elapsed: 00:00:00
----------------------------------------------------------

69/169 Testing: t_ucR_32K_d
69/169 Test: t_ucR_32K_d
Command: "/home/ubuntu/cs144_sponge/txrx.sh" "-ucRd" "32K"
Directory: /home/ubuntu/cs144_sponge/build
"t_ucR_32K_d" start time: May 01 21:11 CST
Output:
----------------------------------------------------------
DEBUG: Listening for incoming connection... DEBUG: Connecting to 169.254.144.1:32349... done.
new connection from 169.254.144.1:34200.
DEBUG: Outbound stream to 169.254.144.1:32349 finished (1 byte still in flight).
DEBUG: Inbound stream from 169.254.144.1:34200 finished cleanly.
DEBUG: Outbound stream to 169.254.144.1:32349 has been fully acknowledged.
DEBUG: Waiting for clean shutdown... DEBUG: Outbound stream to 169.254.144.1:34200 finished (32769 bytes still in flight).
DEBUG: Outbound stream to 169.254.144.1:34200 has been fully acknowledged.
DEBUG: TCP connection finished cleanly.
done.
DEBUG: Inbound stream from 169.254.144.1:32349 finished cleanly.
DEBUG: Waiting for lingering segments (e.g. retransmissions of FIN) from peer...
DEBUG: Waiting for clean shutdown... DEBUG: TCP connection finished cleanly.
done.
<end of output>
Test time =   0.26 sec
----------------------------------------------------------
Test Passed.
"t_ucR_32K_d" end time: May 01 21:11 CST
"t_ucR_32K_d" time elapsed: 00:00:00
----------------------------------------------------------

70/169 Testing: t_ucD_1M_32k
70/169 Test: t_ucD_1M_32k
Command: "/home/ubuntu/cs144_sponge/txrx.sh" "-ucDd" "1M" "-w" "32K"
Directory: /home/ubuntu/cs144_sponge/build
"t_ucD_1M_32k" start time: May 01 21:11 CST
Output:
----------------------------------------------------------
DEBUG: Listening for incoming connection... DEBUG: Connecting to 169.254.144.1:18310... done.
new connection from 169.254.144.1:42193.
DEBUG: Outbound stream to 169.254.144.1:18310 finished (31768 bytes still in flight).
DEBUG: Outbound stream to 169.254.144.1:18310 has been fully acknowledged.
DEBUG: Waiting for clean shutdown... DEBUG: Inbound stream from 169.254.144.1:42193 finished cleanly.
DEBUG: Outbound stream to 169.254.144.1:42193 finished (30768 bytes still in flight).
DEBUG: Waiting for clean shutdown... DEBUG: Inbound stream from 169.254.144.1:18310 finished cleanly.
DEBUG: Waiting for lingering segments (e.g. retransmissions of FIN) from peer...
DEBUG: Outbound stream to 169.254.144.1:42193 has been fully acknowledged.
DEBUG: TCP connection finished cleanly.
done.
DEBUG: TCP connection finished cleanly.
done.
<end of output>
Test time =   0.44 sec
----------------------------------------------------------
Test Passed.
"t_ucD_1M_32k" end time: May 01 21:11 CST
"t_ucD_1M_32k" time elapsed: 00:00:00
----------------------------------------------------------

71/169 Testing: t_ucD_128K_8K
71/169 Test: t_ucD_128K_8K
Command: "/home/ubuntu/cs144_sponge/txrx.sh" "-ucDd" "128K" "-w" "8K"
Directory: /home/ubuntu/cs144_sponge/build
"t_ucD_128K_8K" start time: May 01 21:11 CST
Output:
----------------------------------------------------------
DEBUG: Listening for incoming connection... DEBUG: Connecting to 169.254.144.1:13101... done.
new connection from 169.254.144.1:46932.
DEBUG: Outbound stream to 169.254.144.1:13101 finished (7192 bytes still in flight).
DEBUG: Outbound stream to 169.254.144.1:46932 finished (7192 bytes still in flight).
DEBUG: Inbound stream from DEBUG: Waiting for clean shutdown... DEBUG: Inbound stream from 169.254.144.1:46932 finished cleanly.
169.254.144.1:13101 finished cleanly.
DEBUG: Outbound stream to DEBUG: Outbound stream to 169.254.144.1:46932 has been fully acknowledged.
169.254.144.1:13101 has been fully acknowledged.
DEBUG: Waiting for clean shutdown... DEBUG: TCP connection finished cleanly.
done.
DEBUG: TCP connection finished cleanly.
done.
<end of output>
Test time =   0.28 sec
----------------------------------------------------------
Test Passed.
"t_ucD_128K_8K" end time: May 01 21:11 CST
"t_ucD_128K_8K" time elapsed: 00:00:00
----------------------------------------------------------

72/169 Testing: t_ucD_16_1
72/169 Test: t_ucD_16_1
Command: "/home/ubuntu/cs144_sponge/txrx.sh" "-ucDd" "16" "-w" "1"
Directory: /home/ubuntu/cs144_sponge/build
"t_ucD_16_1" start time: May 01 21:11 CST
Output:
----------------------------------------------------------
DEBUG: Listening for incoming connection... DEBUG: Connecting to 169.254.144.1:17633... done.
new connection from 169.254.144.1:48835.
DEBUG: Outbound stream to 169.254.144.1:17633 finished (1 byte still in flight).
DEBUG: Outbound stream to 169.254.144.1:48835 finished (1 byte still in flight).
DEBUG: Waiting for clean shutdown... DEBUG: Inbound stream from 169.254.144.1:48835 finished cleanly.
DEBUG: Outbound stream to 169.254.144.1:17633 has been fully acknowledged.
DEBUG: Inbound stream from 169.254.144.1:17633 finished cleanly.
DEBUG: Waiting for lingering segments (e.g. retransmissions of FIN) from peer...
DEBUG: Waiting for clean shutdown... DEBUG: Outbound stream to 169.254.144.1:48835 has been fully acknowledged.
DEBUG: TCP connection finished cleanly.
done.
DEBUG: TCP connection finished cleanly.
done.
<end of output>
Test time =   0.26 sec
----------------------------------------------------------
Test Passed.
"t_ucD_16_1" end time: May 01 21:11 CST
"t_ucD_16_1" time elapsed: 00:00:00
----------------------------------------------------------

73/169 Testing: t_ucD_32K_d
73/169 Test: t_ucD_32K_d
Command: "/home/ubuntu/cs144_sponge/txrx.sh" "-ucDd" "32K"
Directory: /home/ubuntu/cs144_sponge/build
"t_ucD_32K_d" start time: May 01 21:11 CST
Output:
----------------------------------------------------------
DEBUG: Listening for incoming connection... DEBUG: Connecting to 169.254.144.1:2440... done.
new connection from 169.254.144.1:43841.
DEBUG: Outbound stream to 169.254.144.1:43841 finished (32769 bytes still in flight).
DEBUG: Outbound stream to 169.254.144.1:2440 finished (21769 bytes still in flight).
DEBUG: Inbound stream from 169.254.144.1:2440 finished cleanly.
DEBUG: Waiting for clean shutdown... DEBUG: Outbound stream to 169.254.144.1:43841 has been fully acknowledged.
DEBUG: Waiting for clean shutdown... DEBUG: Inbound stream from 169.254.144.1:43841 finished cleanly.
DEBUG: Waiting for lingering segments (e.g. retransmissions of FIN) from peer...
DEBUG: Outbound stream to 169.254.144.1:2440 has been fully acknowledged.
DEBUG: TCP connection finished cleanly.
done.
DEBUG: TCP connection finished cleanly.
done.
<end of output>
Test time =   0.26 sec
----------------------------------------------------------
Test Passed.
"t_ucD_32K_d" end time: May 01 21:11 CST
"t_ucD_32K_d" time elapsed: 00:00:00
----------------------------------------------------------

74/169 Testing: t_usS_1M_32k
74/169 Test: t_usS_1M_32k
Command: "/home/ubuntu/cs144_sponge/txrx.sh" "-usSd" "1M" "-w" "32K"
Directory: /home/ubuntu/cs144_sponge/build
"t_usS_1M_32k" start time: May 01 21:11 CST
Output:
----------------------------------------------------------
DEBUG: Listening for incoming connection... DEBUG: Connecting to 169.254.144.1:10003... done.
new connection from 169.254.144.1:33121.
DEBUG: Outbound stream to 169.254.144.1:10003 finished (1 byte still in flight).
DEBUG: Inbound stream from 169.254.144.1:33121 finished cleanly.
DEBUG: Outbound stream to 169.254.144.1:10003 has been fully acknowledged.
DEBUG: Waiting for clean shutdown... DEBUG: Outbound stream to 169.254.144.1:33121 finished (30768 bytes still in flight).
DEBUG: Waiting for clean shutdown... DEBUG: Inbound stream from 169.254.144.1:10003 finished cleanly.
DEBUG: Waiting for lingering segments (e.g. retransmissions of FIN) from peer...
DEBUG: Outbound stream to 169.254.144.1:33121 has been fully acknowledged.
DEBUG: TCP connection finished cleanly.
done.
DEBUG: TCP connection finished cleanly.
done.
<end of output>
Test time =   0.44 sec
----------------------------------------------------------
Test Passed.
"t_usS_1M_32k" end time: May 01 21:11 CST
"t_usS_1M_32k" time elapsed: 00:00:00
----------------------------------------------------------

75/169 Testing: t_usS_128K_8K
75/169 Test: t_usS_128K_8K
Command: "/home/ubuntu/cs144_sponge/txrx.sh" "-usSd" "128K" "-w" "8K"
Directory: /home/ubuntu/cs144_sponge/build
"t_usS_128K_8K" start time: May 01 21:11 CST
Output:
----------------------------------------------------------
DEBUG: Listening for incoming connection... DEBUG: Connecting to 169.254.144.1:28509... done.
DEBUG: Outbound stream to 169.254.144.1:28509 finished (1 byte still in flight).
new connection from 169.254.144.1:59636.
DEBUG: Inbound stream from 169.254.144.1:59636 finished cleanly.
DEBUG: Outbound stream to 169.254.144.1:28509 has been fully acknowledged.
DEBUG: Waiting for clean shutdown... DEBUG: Outbound stream to 169.254.144.1:59636 finished (7192 bytes still in flight).
DEBUG: Inbound stream from 169.254.144.1:28509 finished cleanly.
DEBUG: Waiting for lingering segments (e.g. retransmissions of FIN) from peer...
DEBUG: Outbound stream to 169.254.144.1:59636 has been fully acknowledged.
DEBUG: TCP connection finished cleanly.
done.
DEBUG: Waiting for clean shutdown... DEBUG: TCP connection finished cleanly.
done.
<end of output>
Test time =   0.28 sec
----------------------------------------------------------
Test Passed.
"t_usS_128K_8K" end time: May 01 21:11 CST
"t_usS_128K_8K" time elapsed: 00:00:00
----------------------------------------------------------

76/169 Testing: t_usS_16_1
76/169 Test: t_usS_16_1
Command: "/home/ubuntu/cs144_sponge/txrx.sh" "-usSd" "16" "-w" "1"
Directory: /home/ubuntu/cs144_sponge/build
"t_usS_16_1" start time: May 01 21:11 CST
Output:
----------------------------------------------------------
DEBUG: Listening for incoming connection... DEBUG: Connecting to 169.254.144.1:7029... done.
DEBUG: Outbound stream to 169.254.144.1:7029 finished (1 byte still in flight).
new connection from 169.254.144.1:51374.
DEBUG: Outbound stream to 169.254.144.1:51374 finished (1 byte still in flight).
DEBUG: Waiting for clean shutdown... DEBUG: Inbound stream from 169.254.144.1:51374 finished cleanly.
DEBUG: Outbound stream to 169.254.144.1:7029 has been fully acknowledged.
DEBUG: Inbound stream from 169.254.144.1:7029 finished cleanly.
DEBUG: Waiting for lingering segments (e.g. retransmissions of FIN) from peer...
DEBUG: Waiting for clean shutdown... DEBUG: Outbound stream to 169.254.144.1:51374 has been fully acknowledged.
DEBUG: TCP connection finished cleanly.
done.
DEBUG: TCP connection finished cleanly.
done.
<end of output>
Test time =   0.26 sec
----------------------------------------------------------
Test Passed.
"t_usS_16_1" end time: May 01 21:11 CST
"t_usS_16_1" time elapsed: 00:00:00
----------------------------------------------------------

77/169 Testing: t_usS_32K_d
77/169 Test: t_usS_32K_d
Command: "/home/ubuntu/cs144_sponge/txrx.sh" "-usSd" "32K"
Directory: /home/ubuntu/cs144_sponge/build
"t_usS_32K_d" start time: May 01 21:11 CST
Output:
----------------------------------------------------------
DEBUG: Listening for incoming connection... DEBUG: Connecting to 169.254.144.1:19610... done.
DEBUG: Outbound stream to 169.254.144.1:19610 finished (1 byte still in flight).
new connection from 169.254.144.1:58955.
DEBUG: Inbound stream from 169.254.144.1:58955 finished cleanly.
DEBUG: Outbound stream to 169.254.144.1:19610 has been fully acknowledged.
DEBUG: Waiting for clean shutdown... DEBUG: Outbound stream to 169.254.144.1:58955 finished (32769 bytes still in flight).
DEBUG: Outbound stream to 169.254.144.1:58955 has been fully acknowledged.
DEBUG: TCP connection finished cleanly.
done.
DEBUG: Inbound stream from 169.254.144.1:19610 finished cleanly.
DEBUG: Waiting for lingering segments (e.g. retransmissions of FIN) from peer...
DEBUG: Waiting for clean shutdown... DEBUG: TCP connection finished cleanly.
done.
<end of output>
Test time =   0.25 sec
----------------------------------------------------------
Test Passed.
"t_usS_32K_d" end time: May 01 21:11 CST
"t_usS_32K_d" time elapsed: 00:00:00
----------------------------------------------------------

78/169 Testing: t_usR_1M_32k
78/169 Test: t_usR_1M_32k
Command: "/home/ubuntu/cs144_sponge/txrx.sh" "-usRd" "1M" "-w" "32K"
Directory: /home/ubuntu/cs144_sponge/build
"t_usR_1M_32k" start time: May 01 21:11 CST
Output:
----------------------------------------------------------
DEBUG: Listening for incoming connection... DEBUG: Connecting to 169.254.144.1:6119... done.
new connection from 169.254.144.1:54461.
DEBUG: Outbound stream to 169.254.144.1:54461 finished (1 byte still in flight).
DEBUG: Inbound stream from 169.254.144.1:6119 finished cleanly.
DEBUG: Outbound stream to 169.254.144.1:54461 has been fully acknowledged.
DEBUG: Waiting for clean shutdown... DEBUG: Outbound stream to 169.254.144.1:6119 finished (31768 bytes still in flight).
DEBUG: Waiting for clean shutdown... DEBUG: Inbound stream from 169.254.144.1:54461 finished cleanly.
DEBUG: Waiting for lingering segments (e.g. retransmissions of FIN) from peer...
DEBUG: Outbound stream to 169.254.144.1:6119 has been fully acknowledged.
DEBUG: TCP connection finished cleanly.
done.
DEBUG: TCP connection finished cleanly.
done.
<end of output>
Test time =   0.36 sec
----------------------------------------------------------
Test Passed.
"t_usR_1M_32k" end time: May 01 21:11 CST
"t_usR_1M_32k" time elapsed: 00:00:00
----------------------------------------------------------

79/169 Testing: t_usR_128K_8K
79/169 Test: t_usR_128K_8K
Command: "/home/ubuntu/cs144_sponge/txrx.sh" "-usRd" "128K" "-w" "8K"
Directory: /home/ubuntu/cs144_sponge/build
"t_usR_128K_8K" start time: May 01 21:11 CST
Output:
----------------------------------------------------------
DEBUG: Listening for incoming connection... DEBUG: Connecting to 169.254.144.1:20296... done.
new connection from 169.254.144.1:37982.
DEBUG: Outbound stream to 169.254.144.1:37982 finished (1 byte still in flight).
DEBUG: Inbound stream from 169.254.144.1:20296 finished cleanly.
DEBUG: Outbound stream to 169.254.144.1:37982 has been fully acknowledged.
DEBUG: Waiting for clean shutdown... DEBUG: Outbound stream to 169.254.144.1:20296 finished (6192 bytes still in flight).
DEBUG: Waiting for clean shutdown... DEBUG: Inbound stream from 169.254.144.1:37982 finished cleanly.
DEBUG: Waiting for lingering segments (e.g. retransmissions of FIN) from peer...
DEBUG: Outbound stream to 169.254.144.1:20296 has been fully acknowledged.
DEBUG: TCP connection finished cleanly.
done.
DEBUG: TCP connection finished cleanly.
done.
<end of output>
Test time =   0.27 sec
----------------------------------------------------------
Test Passed.
"t_usR_128K_8K" end time: May 01 21:11 CST
"t_usR_128K_8K" time elapsed: 00:00:00
----------------------------------------------------------

80/169 Testing: t_usR_16_1
80/169 Test: t_usR_16_1
Command: "/home/ubuntu/cs144_sponge/txrx.sh" "-usRd" "16" "-w" "1"
Directory: /home/ubuntu/cs144_sponge/build
"t_usR_16_1" start time: May 01 21:11 CST
Output:
----------------------------------------------------------
DEBUG: Listening for incoming connection... DEBUG: Connecting to 169.254.144.1:17291... done.
new connection from 169.254.144.1:40495.
DEBUG: Outbound stream to 169.254.144.1:40495 finished (1 byte still in flight).
DEBUG: Inbound stream from 169.254.144.1:17291 finished cleanly.
DEBUG: Outbound stream to 169.254.144.1:40495 has been fully acknowledged.
DEBUG: Outbound stream to 169.254.144.1:17291 finished (1 byte still in flight).
DEBUG: Waiting for clean shutdown... DEBUG: Inbound stream from 169.254.144.1:40495 finished cleanly.
DEBUG: Waiting for lingering segments (e.g. retransmissions of FIN) from peer...
DEBUG: Outbound stream to 169.254.144.1:17291 has been fully acknowledged.
DEBUG: TCP connection finished cleanly.
DEBUG: Waiting for clean shutdown... done.
DEBUG: TCP connection finished cleanly.
done.
<end of output>
Test time =   0.25 sec
----------------------------------------------------------
Test Passed.
"t_usR_16_1" end time: May 01 21:11 CST
"t_usR_16_1" time elapsed: 00:00:00
----------------------------------------------------------

81/169 Testing: t_usR_32K_d
81/169 Test: t_usR_32K_d
Command: "/home/ubuntu/cs144_sponge/txrx.sh" "-usRd" "32K"
Directory: /home/ubuntu/cs144_sponge/build
"t_usR_32K_d" start time: May 01 21:11 CST
Output:
----------------------------------------------------------
DEBUG: Listening for incoming connection... DEBUG: Connecting to 169.254.144.1:22212... done.
new connection from 169.254.144.1:53442.
DEBUG: Outbound stream to DEBUG: Outbound stream to 169.254.144.1:53442 finished (1 byte still in flight).
169.254.144.1:22212 finished (32769 bytes still in flight).
DEBUG: Inbound stream from 169.254.144.1:22212 finished cleanly.
DEBUG: Waiting for clean shutdown... DEBUG: Inbound stream from 169.254.144.1:53442 finished cleanly.
DEBUG: Outbound stream to DEBUG: Outbound stream to 169.254.144.1:53442 has been fully acknowledged.
169.254.144.1:22212 has been fully acknowledged.
DEBUG: Waiting for clean shutdown... DEBUG: TCP connection finished cleanly.
done.
DEBUG: TCP connection finished cleanly.
done.
<end of output>
Test time =   0.27 sec
----------------------------------------------------------
Test Passed.
"t_usR_32K_d" end time: May 01 21:11 CST
"t_usR_32K_d" time elapsed: 00:00:00
----------------------------------------------------------

82/169 Testing: t_usD_1M_32k
82/169 Test: t_usD_1M_32k
Command: "/home/ubuntu/cs144_sponge/txrx.sh" "-usDd" "1M" "-w" "32K"
Directory: /home/ubuntu/cs144_sponge/build
"t_usD_1M_32k" start time: May 01 21:11 CST
Output:
----------------------------------------------------------
DEBUG: Listening for incoming connection... DEBUG: Connecting to 169.254.144.1:14700... done.
new connection from 169.254.144.1:53507.
DEBUG: Outbound stream to 169.254.144.1:53507 finished (31768 bytes still in flight).
DEBUG: Waiting for clean shutdown... DEBUG: Inbound stream from 169.254.144.1:14700 finished cleanly.
DEBUG: Outbound stream to 169.254.144.1:53507 has been fully acknowledged.
DEBUG: Outbound stream to 169.254.144.1:14700 finished (30768 bytes still in flight).
DEBUG: Waiting for clean shutdown... DEBUG: Inbound stream from 169.254.144.1:53507 finished cleanly.
DEBUG: Waiting for lingering segments (e.g. retransmissions of FIN) from peer...
DEBUG: Outbound stream to 169.254.144.1:14700 has been fully acknowledged.
DEBUG: TCP connection finished cleanly.
done.
DEBUG: TCP connection finished cleanly.
done.
<end of output>
Test time =   0.43 sec
----------------------------------------------------------
Test Passed.
"t_usD_1M_32k" end time: May 01 21:11 CST
"t_usD_1M_32k" time elapsed: 00:00:00
----------------------------------------------------------

83/169 Testing: t_usD_128K_8K
83/169 Test: t_usD_128K_8K
Command: "/home/ubuntu/cs144_sponge/txrx.sh" "-usDd" "128K" "-w" "8K"
Directory: /home/ubuntu/cs144_sponge/build
"t_usD_128K_8K" start time: May 01 21:11 CST
Output:
----------------------------------------------------------
DEBUG: Listening for incoming connection... DEBUG: Connecting to 169.254.144.1:7458... done.
new connection from 169.254.144.1:44844.
DEBUG: Outbound stream to 169.254.144.1:44844 finished (7192 bytes still in flight).
DEBUG: Outbound stream to 169.254.144.1:7458 finished (7192 bytes still in flight).
DEBUG: Waiting for clean shutdown... DEBUG: Inbound stream from 169.254.144.1:44844 finished cleanly.
DEBUG: Waiting for clean shutdown... DEBUG: Inbound stream from 169.254.144.1:7458 finished cleanly.
DEBUG: Outbound stream to 169.254.144.1:7458 has been fully acknowledged.
DEBUG: Outbound stream to 169.254.144.1:44844 has been fully acknowledged.
DEBUG: TCP connection finished cleanly.
done.
DEBUG: TCP connection finished cleanly.
done.
<end of output>
Test time =   0.28 sec
----------------------------------------------------------
Test Passed.
"t_usD_128K_8K" end time: May 01 21:11 CST
"t_usD_128K_8K" time elapsed: 00:00:00
----------------------------------------------------------

84/169 Testing: t_usD_16_1
84/169 Test: t_usD_16_1
Command: "/home/ubuntu/cs144_sponge/txrx.sh" "-usDd" "16" "-w" "1"
Directory: /home/ubuntu/cs144_sponge/build
"t_usD_16_1" start time: May 01 21:11 CST
Output:
----------------------------------------------------------
DEBUG: Listening for incoming connection... DEBUG: Connecting to 169.254.144.1:1584... done.
new connection from 169.254.144.1:50052.
DEBUG: Outbound stream to 169.254.144.1:1584 finished (1 byte still in flight).
DEBUG: Outbound stream to 169.254.144.1:50052 finished (1 byte still in flight).
DEBUG: Outbound stream to 169.254.144.1:1584 has been fully acknowledged.
DEBUG: Inbound stream from 169.254.144.1:50052 finished cleanly.
DEBUG: Inbound stream from 169.254.144.1:1584 finished cleanly.
DEBUG: Waiting for lingering segments (e.g. retransmissions of FIN) from peer...
DEBUG: Waiting for clean shutdown... DEBUG: Outbound stream to 169.254.144.1:50052 has been fully acknowledged.
DEBUG: TCP connection finished cleanly.
done.
DEBUG: Waiting for clean shutdown... DEBUG: TCP connection finished cleanly.
done.
<end of output>
Test time =   0.26 sec
----------------------------------------------------------
Test Passed.
"t_usD_16_1" end time: May 01 21:11 CST
"t_usD_16_1" time elapsed: 00:00:00
----------------------------------------------------------

85/169 Testing: t_usD_32K_d
85/169 Test: t_usD_32K_d
Command: "/home/ubuntu/cs144_sponge/txrx.sh" "-usDd" "32K"
Directory: /home/ubuntu/cs144_sponge/build
"t_usD_32K_d" start time: May 01 21:11 CST
Output:
----------------------------------------------------------
DEBUG: Listening for incoming connection... DEBUG: Connecting to 169.254.144.1:30576... done.
new connection from 169.254.144.1:33034.
DEBUG: Outbound stream to 169.254.144.1:33034 finished (32769 bytes still in flight).
DEBUG: Outbound stream to 169.254.144.1:30576 finished (32769 bytes still in flight).
DEBUG: Inbound stream from 169.254.144.1:33034 finished cleanly.
DEBUG: Waiting for clean shutdown... DEBUG: Waiting for clean shutdown... DEBUG: Inbound stream from 169.254.144.1:30576 finished cleanly.
DEBUG: Outbound stream to 169.254.144.1:33034 has been fully acknowledged.
DEBUG: Outbound stream to 169.254.144.1:30576 has been fully acknowledged.
DEBUG: TCP connection finished cleanly.
done.
DEBUG: TCP connection finished cleanly.
done.
<end of output>
Test time =   0.26 sec
----------------------------------------------------------
Test Passed.
"t_usD_32K_d" end time: May 01 21:11 CST
"t_usD_32K_d" time elapsed: 00:00:00
----------------------------------------------------------

86/169 Testing: t_ucS_128K_8K_l
86/169 Test: t_ucS_128K_8K_l
Command: "/home/ubuntu/cs144_sponge/txrx.sh" "-ucSd" "128K" "-w" "8K" "-l" "0.1"
Directory: /home/ubuntu/cs144_sponge/build
"t_ucS_128K_8K_l" start time: May 01 21:11 CST
Output:
----------------------------------------------------------
DEBUG: Listening for incoming connection... DEBUG: Connecting to 169.254.144.1:16334... done.
new connection from 169.254.144.1:50986.
DEBUG: Outbound stream to 169.254.144.1:50986 finished (1 byte still in flight).
DEBUG: Outbound stream to 169.254.144.1:16334 finished (6192 bytes still in flight).
DEBUG: Inbound stream from 169.254.144.1:16334 finished cleanly.
DEBUG: Outbound stream to 169.254.144.1:50986 has been fully acknowledged.
DEBUG: Waiting for clean shutdown... DEBUG: Inbound stream from 169.254.144.1:50986 finished cleanly.
DEBUG: Waiting for lingering segments (e.g. retransmissions of FIN) from peer...
DEBUG: Waiting for clean shutdown... DEBUG: Outbound stream to 169.254.144.1:16334 has been fully acknowledged.
DEBUG: TCP connection finished cleanly.
done.
DEBUG: TCP connection finished cleanly.
done.
<end of output>
Test time =   0.26 sec
----------------------------------------------------------
Test Passed.
"t_ucS_128K_8K_l" end time: May 01 21:11 CST
"t_ucS_128K_8K_l" time elapsed: 00:00:00
----------------------------------------------------------

87/169 Testing: t_ucS_128K_8K_L
87/169 Test: t_ucS_128K_8K_L
Command: "/home/ubuntu/cs144_sponge/txrx.sh" "-ucSd" "128K" "-w" "8K" "-L" "0.1"
Directory: /home/ubuntu/cs144_sponge/build
"t_ucS_128K_8K_L" start time: May 01 21:11 CST
Output:
----------------------------------------------------------
DEBUG: Listening for incoming connection... DEBUG: Connecting to 169.254.144.1:17406... done.
new connection from 169.254.144.1:34529.
DEBUG: Outbound stream to 169.254.144.1:34529 finished (1 byte still in flight).
DEBUG: Inbound stream from 169.254.144.1:17406 finished cleanly.
DEBUG: Outbound stream to 169.254.144.1:34529 has been fully acknowledged.
DEBUG: Waiting for clean shutdown... DEBUG: Outbound stream to 169.254.144.1:17406 finished (8192 bytes still in flight).
DEBUG: Inbound stream from 169.254.144.1:34529 finished cleanly.
DEBUG: Waiting for lingering segments (e.g. retransmissions of FIN) from peer...
DEBUG: Outbound stream to 169.254.144.1:17406 has been fully acknowledged.
DEBUG: TCP connection finished cleanly.
DEBUG: Waiting for clean shutdown... done.
DEBUG: TCP connection finished cleanly.
done.
<end of output>
Test time =   0.49 sec
----------------------------------------------------------
Test Passed.
"t_ucS_128K_8K_L" end time: May 01 21:11 CST
"t_ucS_128K_8K_L" time elapsed: 00:00:00
----------------------------------------------------------

88/169 Testing: t_ucS_128K_8K_lL
88/169 Test: t_ucS_128K_8K_lL
Command: "/home/ubuntu/cs144_sponge/txrx.sh" "-ucSd" "128K" "-w" "8K" "-l" "0.1" "-L" "0.1"
Directory: /home/ubuntu/cs144_sponge/build
[...]
DEBUG: Outbound stream to 169.254.144.9:33639 has been fully acknowledged.
DEBUG: Outbound stream to 169.254.144.1:10722 finished (5000 bytes still in flight).
DEBUG: Waiting for clean shutdown... DEBUG: Inbound stream from 169.254.144.9:33639 finished cleanly.
DEBUG: Waiting for lingering segments (e.g. retransmissions of FIN) from peer...
DEBUG: Outbound stream to 169.254.144.1:10722 has been fully acknowledged.
DEBUG: TCP connection finished cleanly.
done.
DEBUG: TCP connection finished cleanly.
done.
<end of output>
Test time =   0.56 sec
----------------------------------------------------------
Test Passed.
"t_isD_128K_8K_L" end time: May 01 21:12 CST
"t_isD_128K_8K_L" time elapsed: 00:00:00
----------------------------------------------------------

151/169 Testing: t_isD_128K_8K_lL
151/169 Test: t_isD_128K_8K_lL
Command: "/home/ubuntu/cs144_sponge/txrx.sh" "-isDd" "128K" "-w" "8K" "-l" "0.1" "-L" "0.1"
Directory: /home/ubuntu/cs144_sponge/build
"t_isD_128K_8K_lL" start time: May 01 21:12 CST
Output:
----------------------------------------------------------
DEBUG: Listening for incoming connection... DEBUG: Connecting to 169.254.144.9:11557... done.
new connection from 169.254.144.1:19623.
DEBUG: Outbound stream to 169.254.144.1:19623 finished (6192 bytes still in flight).
DEBUG: Outbound stream to 169.254.144.9:11557 finished (8192 bytes still in flight).
DEBUG: Inbound stream from 169.254.144.9:11557 finished cleanly.
DEBUG: Waiting for clean shutdown... DEBUG: Outbound stream to 169.254.144.1:19623 has been fully acknowledged.
DEBUG: Waiting for clean shutdown... DEBUG: Inbound stream from 169.254.144.1:19623 finished cleanly.
DEBUG: Waiting for lingering segments (e.g. retransmissions of FIN) from peer...
DEBUG: Outbound stream to 169.254.144.9:11557 has been fully acknowledged.
DEBUG: TCP connection finished cleanly.
done.
DEBUG: TCP connection finished cleanly.
done.
<end of output>
Test time =   0.71 sec
----------------------------------------------------------
Test Passed.
"t_isD_128K_8K_lL" end time: May 01 21:12 CST
"t_isD_128K_8K_lL" time elapsed: 00:00:00
----------------------------------------------------------

152/169 Testing: t_icnS_128K_8K_l
152/169 Test: t_icnS_128K_8K_l
Command: "/home/ubuntu/cs144_sponge/txrx.sh" "-icSnd" "128K" "-w" "8K" "-l" "0.1"
Directory: /home/ubuntu/cs144_sponge/build
"t_icnS_128K_8K_l" start time: May 01 21:12 CST
Output:
----------------------------------------------------------
DEBUG: Connecting to 169.254.144.1:9137... done.
DEBUG: Inbound stream from 169.254.144.1:9137 finished cleanly.
DEBUG: Waiting for clean shutdown... DEBUG: Outbound stream to 169.254.144.1:9137 finished (63000 bytes still in flight).
DEBUG: Outbound stream to 169.254.144.1:9137 has been fully acknowledged.
DEBUG: TCP connection finished cleanly.
done.
<end of output>
Test time =   0.15 sec
----------------------------------------------------------
Test Passed.
"t_icnS_128K_8K_l" end time: May 01 21:12 CST
"t_icnS_128K_8K_l" time elapsed: 00:00:00
----------------------------------------------------------

153/169 Testing: t_icnS_128K_8K_L
153/169 Test: t_icnS_128K_8K_L
Command: "/home/ubuntu/cs144_sponge/txrx.sh" "-icSnd" "128K" "-w" "8K" "-L" "0.1"
Directory: /home/ubuntu/cs144_sponge/build
"t_icnS_128K_8K_L" start time: May 01 21:12 CST
Output:
----------------------------------------------------------
DEBUG: Connecting to 169.254.144.1:2197... done.
DEBUG: Inbound stream from 169.254.144.1:2197 finished cleanly.
DEBUG: Waiting for clean shutdown... DEBUG: Outbound stream to 169.254.144.1:2197 finished (35000 bytes still in flight).
DEBUG: Outbound stream to 169.254.144.1:2197 has been fully acknowledged.
DEBUG: TCP connection finished cleanly.
done.
<end of output>
Test time =   0.43 sec
----------------------------------------------------------
Test Passed.
"t_icnS_128K_8K_L" end time: May 01 21:12 CST
"t_icnS_128K_8K_L" time elapsed: 00:00:00
----------------------------------------------------------

154/169 Testing: t_icnS_128K_8K_lL
154/169 Test: t_icnS_128K_8K_lL
Command: "/home/ubuntu/cs144_sponge/txrx.sh" "-icSnd" "128K" "-w" "8K" "-l" "0.1" "-L" "0.1"
Directory: /home/ubuntu/cs144_sponge/build
"t_icnS_128K_8K_lL" start time: May 01 21:12 CST
Output:
----------------------------------------------------------
DEBUG: Connecting to 169.254.144.1:19647... done.
DEBUG: Inbound stream from 169.254.144.1:19647 finished cleanly.
DEBUG: Waiting for clean shutdown... DEBUG: Outbound stream to 169.254.144.1:19647 finished (62000 bytes still in flight).
DEBUG: Outbound stream to 169.254.144.1:19647 has been fully acknowledged.
DEBUG: TCP connection finished cleanly.
done.
<end of output>
Test time =   0.32 sec
----------------------------------------------------------
Test Passed.
"t_icnS_128K_8K_lL" end time: May 01 21:12 CST
"t_icnS_128K_8K_lL" time elapsed: 00:00:00
----------------------------------------------------------

155/169 Testing: t_icnR_128K_8K_l
155/169 Test: t_icnR_128K_8K_l
Command: "/home/ubuntu/cs144_sponge/txrx.sh" "-icRnd" "128K" "-w" "8K" "-l" "0.1"
Directory: /home/ubuntu/cs144_sponge/build
"t_icnR_128K_8K_l" start time: May 01 21:12 CST
Output:
----------------------------------------------------------
DEBUG: Connecting to 169.254.144.1:30012... done.
DEBUG: Outbound stream to 169.254.144.1:30012 finished (1 byte still in flight).
DEBUG: Outbound stream to 169.254.144.1:30012 has been fully acknowledged.
DEBUG: Inbound stream from 169.254.144.1:30012 finished cleanly.
DEBUG: Waiting for lingering segments (e.g. retransmissions of FIN) from peer...
DEBUG: Waiting for clean shutdown... DEBUG: TCP connection finished cleanly.
done.
<end of output>
Test time =   0.54 sec
----------------------------------------------------------
Test Passed.
"t_icnR_128K_8K_l" end time: May 01 21:12 CST
"t_icnR_128K_8K_l" time elapsed: 00:00:00
----------------------------------------------------------

156/169 Testing: t_icnR_128K_8K_L
156/169 Test: t_icnR_128K_8K_L
Command: "/home/ubuntu/cs144_sponge/txrx.sh" "-icRnd" "128K" "-w" "8K" "-L" "0.1"
Directory: /home/ubuntu/cs144_sponge/build
"t_icnR_128K_8K_L" start time: May 01 21:12 CST
Output:
----------------------------------------------------------
DEBUG: Connecting to 169.254.144.1:19489... done.
DEBUG: Outbound stream to 169.254.144.1:19489 finished (1 byte still in flight).
DEBUG: Outbound stream to 169.254.144.1:19489 has been fully acknowledged.
DEBUG: Inbound stream from 169.254.144.1:19489 finished cleanly.
DEBUG: Waiting for lingering segments (e.g. retransmissions of FIN) from peer...
DEBUG: Waiting for clean shutdown... DEBUG: TCP connection finished cleanly.
done.
<end of output>
Test time =   0.29 sec
----------------------------------------------------------
Test Passed.
"t_icnR_128K_8K_L" end time: May 01 21:12 CST
"t_icnR_128K_8K_L" time elapsed: 00:00:00
----------------------------------------------------------

157/169 Testing: t_icnR_128K_8K_lL
157/169 Test: t_icnR_128K_8K_lL
Command: "/home/ubuntu/cs144_sponge/txrx.sh" "-icRnd" "128K" "-w" "8K" "-l" "0.1" "-L" "0.1"
Directory: /home/ubuntu/cs144_sponge/build
"t_icnR_128K_8K_lL" start time: May 01 21:12 CST
Output:
----------------------------------------------------------
DEBUG: Connecting to 169.254.144.1:32973... done.
DEBUG: Outbound stream to 169.254.144.1:32973 finished (1 byte still in flight).
DEBUG: Outbound stream to 169.254.144.1:32973 has been fully acknowledged.
DEBUG: Inbound stream from 169.254.144.1:32973 finished cleanly.
DEBUG: Waiting for lingering segments (e.g. retransmissions of FIN) from peer...
DEBUG: Waiting for clean shutdown... DEBUG: TCP connection finished cleanly.
done.
<end of output>
Test time =   1.19 sec
----------------------------------------------------------
Test Passed.
"t_icnR_128K_8K_lL" end time: May 01 21:12 CST
"t_icnR_128K_8K_lL" time elapsed: 00:00:01
----------------------------------------------------------

158/169 Testing: t_icnD_128K_8K_l
158/169 Test: t_icnD_128K_8K_l
Command: "/home/ubuntu/cs144_sponge/txrx.sh" "-icDnd" "128K" "-w" "8K" "-l" "0.1"
Directory: /home/ubuntu/cs144_sponge/build
"t_icnD_128K_8K_l" start time: May 01 21:12 CST
Output:
----------------------------------------------------------
DEBUG: Connecting to 169.254.144.1:31375... done.
DEBUG: Outbound stream to 169.254.144.1:31375 finished (64000 bytes still in flight).
DEBUG: Outbound stream to 169.254.144.1:31375 has been fully acknowledged.
DEBUG: Inbound stream from 169.254.144.1:31375 finished cleanly.
DEBUG: Waiting for lingering segments (e.g. retransmissions of FIN) from peer...
DEBUG: Waiting for clean shutdown... DEBUG: TCP connection finished cleanly.
done.
<end of output>
Test time =   1.09 sec
----------------------------------------------------------
Test Passed.
"t_icnD_128K_8K_l" end time: May 01 21:12 CST
"t_icnD_128K_8K_l" time elapsed: 00:00:01
----------------------------------------------------------

159/169 Testing: t_icnD_128K_8K_L
159/169 Test: t_icnD_128K_8K_L
Command: "/home/ubuntu/cs144_sponge/txrx.sh" "-icDnd" "128K" "-w" "8K" "-L" "0.1"
Directory: /home/ubuntu/cs144_sponge/build
"t_icnD_128K_8K_L" start time: May 01 21:12 CST
Output:
----------------------------------------------------------
DEBUG: Connecting to 169.254.144.1:15691... done.
DEBUG: Outbound stream to 169.254.144.1:15691 finished (64000 bytes still in flight).
DEBUG: Inbound stream from 169.254.144.1:15691 finished cleanly.
DEBUG: Waiting for clean shutdown... DEBUG: Outbound stream to 169.254.144.1:15691 has been fully acknowledged.
DEBUG: TCP connection finished cleanly.
done.
<end of output>
Test time =   0.47 sec
----------------------------------------------------------
Test Passed.
"t_icnD_128K_8K_L" end time: May 01 21:12 CST
"t_icnD_128K_8K_L" time elapsed: 00:00:00
----------------------------------------------------------

160/169 Testing: t_icnD_128K_8K_lL
160/169 Test: t_icnD_128K_8K_lL
Command: "/home/ubuntu/cs144_sponge/txrx.sh" "-icDnd" "128K" "-w" "8K" "-l" "0.1" "-L" "0.1"
Directory: /home/ubuntu/cs144_sponge/build
"t_icnD_128K_8K_lL" start time: May 01 21:12 CST
Output:
----------------------------------------------------------
DEBUG: Connecting to 169.254.144.1:32861... done.
DEBUG: Outbound stream to 169.254.144.1:32861 finished (56000 bytes still in flight).
DEBUG: Outbound stream to 169.254.144.1:32861 has been fully acknowledged.
DEBUG: Inbound stream from 169.254.144.1:32861 finished cleanly.
DEBUG: Waiting for lingering segments (e.g. retransmissions of FIN) from peer...
DEBUG: Waiting for clean shutdown... DEBUG: TCP connection finished cleanly.
done.
<end of output>
Test time =   1.01 sec
----------------------------------------------------------
Test Passed.
"t_icnD_128K_8K_lL" end time: May 01 21:12 CST
"t_icnD_128K_8K_lL" time elapsed: 00:00:01
----------------------------------------------------------

161/169 Testing: t_isnS_128K_8K_l
161/169 Test: t_isnS_128K_8K_l
Command: "/home/ubuntu/cs144_sponge/txrx.sh" "-isSnd" "128K" "-w" "8K" "-l" "0.1"
Directory: /home/ubuntu/cs144_sponge/build
"t_isnS_128K_8K_l" start time: May 01 21:12 CST
Output:
----------------------------------------------------------
DEBUG: Listening for incoming connection... new connection from 169.254.144.1:51882.
DEBUG: Inbound stream from 169.254.144.1:51882 finished cleanly.
DEBUG: Waiting for clean shutdown... DEBUG: Outbound stream to 169.254.144.1:51882 finished (62000 bytes still in flight).
DEBUG: Outbound stream to 169.254.144.1:51882 has been fully acknowledged.
DEBUG: TCP connection finished cleanly.
done.
<end of output>
Test time =   0.14 sec
----------------------------------------------------------
Test Passed.
"t_isnS_128K_8K_l" end time: May 01 21:12 CST
"t_isnS_128K_8K_l" time elapsed: 00:00:00
----------------------------------------------------------

162/169 Testing: t_isnS_128K_8K_L
162/169 Test: t_isnS_128K_8K_L
Command: "/home/ubuntu/cs144_sponge/txrx.sh" "-isSnd" "128K" "-w" "8K" "-L" "0.1"
Directory: /home/ubuntu/cs144_sponge/build
"t_isnS_128K_8K_L" start time: May 01 21:12 CST
Output:
----------------------------------------------------------
DEBUG: Listening for incoming connection... new connection from 169.254.144.1:40946.
DEBUG: Inbound stream from 169.254.144.1:40946 finished cleanly.
DEBUG: Waiting for clean shutdown... DEBUG: Outbound stream to 169.254.144.1:40946 finished (62000 bytes still in flight).
DEBUG: Outbound stream to 169.254.144.1:40946 has been fully acknowledged.
DEBUG: TCP connection finished cleanly.
done.
<end of output>
Test time =   0.26 sec
----------------------------------------------------------
Test Passed.
"t_isnS_128K_8K_L" end time: May 01 21:12 CST
"t_isnS_128K_8K_L" time elapsed: 00:00:00
----------------------------------------------------------

163/169 Testing: t_isnS_128K_8K_lL
163/169 Test: t_isnS_128K_8K_lL
Command: "/home/ubuntu/cs144_sponge/txrx.sh" "-isSnd" "128K" "-w" "8K" "-l" "0.1" "-L" "0.1"
Directory: /home/ubuntu/cs144_sponge/build
"t_isnS_128K_8K_lL" start time: May 01 21:12 CST
Output:
----------------------------------------------------------
DEBUG: Listening for incoming connection... new connection from 169.254.144.1:56456.
DEBUG: Waiting for clean shutdown... DEBUG: Inbound stream from 169.254.144.1:56456 finished cleanly.
DEBUG: Outbound stream to 169.254.144.1:56456 finished (32000 bytes still in flight).
DEBUG: Outbound stream to 169.254.144.1:56456 has been fully acknowledged.
DEBUG: TCP connection finished cleanly.
done.
<end of output>
Test time =   0.29 sec
----------------------------------------------------------
Test Passed.
"t_isnS_128K_8K_lL" end time: May 01 21:12 CST
"t_isnS_128K_8K_lL" time elapsed: 00:00:00
----------------------------------------------------------

164/169 Testing: t_isnR_128K_8K_l
164/169 Test: t_isnR_128K_8K_l
Command: "/home/ubuntu/cs144_sponge/txrx.sh" "-isRnd" "128K" "-w" "8K" "-l" "0.1"
Directory: /home/ubuntu/cs144_sponge/build
"t_isnR_128K_8K_l" start time: May 01 21:12 CST
Output:
----------------------------------------------------------
DEBUG: Listening for incoming connection... new connection from 169.254.144.1:49720.
DEBUG: Outbound stream to 169.254.144.1:49720 finished (1 byte still in flight).
DEBUG: Outbound stream to 169.254.144.1:49720 has been fully acknowledged.
DEBUG: Inbound stream from 169.254.144.1:49720 finished cleanly.
DEBUG: Waiting for lingering segments (e.g. retransmissions of FIN) from peer...
DEBUG: Waiting for clean shutdown... DEBUG: TCP connection finished cleanly.
done.
<end of output>
Test time =   0.79 sec
----------------------------------------------------------
Test Passed.
"t_isnR_128K_8K_l" end time: May 01 21:12 CST
"t_isnR_128K_8K_l" time elapsed: 00:00:00
----------------------------------------------------------

165/169 Testing: t_isnR_128K_8K_L
165/169 Test: t_isnR_128K_8K_L
Command: "/home/ubuntu/cs144_sponge/txrx.sh" "-isRnd" "128K" "-w" "8K" "-L" "0.1"
Directory: /home/ubuntu/cs144_sponge/build
"t_isnR_128K_8K_L" start time: May 01 21:12 CST
Output:
----------------------------------------------------------
DEBUG: Listening for incoming connection... new connection from 169.254.144.1:40340.
DEBUG: Outbound stream to 169.254.144.1:40340 finished (1 byte still in flight).
DEBUG: Outbound stream to 169.254.144.1:40340 has been fully acknowledged.
DEBUG: Inbound stream from 169.254.144.1:40340 finished cleanly.
DEBUG: Waiting for lingering segments (e.g. retransmissions of FIN) from peer...
DEBUG: Waiting for clean shutdown... DEBUG: TCP connection finished cleanly.
done.
<end of output>
Test time =   0.28 sec
----------------------------------------------------------
Test Passed.
"t_isnR_128K_8K_L" end time: May 01 21:12 CST
"t_isnR_128K_8K_L" time elapsed: 00:00:00
----------------------------------------------------------

166/169 Testing: t_isnR_128K_8K_lL
166/169 Test: t_isnR_128K_8K_lL
Command: "/home/ubuntu/cs144_sponge/txrx.sh" "-isRnd" "128K" "-w" "8K" "-l" "0.1" "-L" "0.1"
Directory: /home/ubuntu/cs144_sponge/build
"t_isnR_128K_8K_lL" start time: May 01 21:12 CST
Output:
----------------------------------------------------------
DEBUG: Listening for incoming connection... new connection from 169.254.144.1:37866.
DEBUG: Outbound stream to 169.254.144.1:37866 finished (1 byte still in flight).
DEBUG: Outbound stream to 169.254.144.1:37866 has been fully acknowledged.
DEBUG: Inbound stream from 169.254.144.1:37866 finished cleanly.
DEBUG: Waiting for lingering segments (e.g. retransmissions of FIN) from peer...
DEBUG: Waiting for clean shutdown... DEBUG: TCP connection finished cleanly.
done.
<end of output>
Test time =   0.54 sec
----------------------------------------------------------
Test Passed.
"t_isnR_128K_8K_lL" end time: May 01 21:12 CST
"t_isnR_128K_8K_lL" time elapsed: 00:00:00
----------------------------------------------------------

167/169 Testing: t_isnD_128K_8K_l
167/169 Test: t_isnD_128K_8K_l
Command: "/home/ubuntu/cs144_sponge/txrx.sh" "-isDnd" "128K" "-w" "8K" "-l" "0.1"
Directory: /home/ubuntu/cs144_sponge/build
"t_isnD_128K_8K_l" start time: May 01 21:12 CST
Output:
----------------------------------------------------------
DEBUG: Listening for incoming connection... new connection from 169.254.144.1:49628.
DEBUG: Outbound stream to 169.254.144.1:49628 finished (64000 bytes still in flight).
DEBUG: Outbound stream to 169.254.144.1:49628 has been fully acknowledged.
DEBUG: Inbound stream from 169.254.144.1:49628 finished cleanly.
DEBUG: Waiting for lingering segments (e.g. retransmissions of FIN) from peer...
DEBUG: Waiting for clean shutdown... DEBUG: TCP connection finished cleanly.
done.
<end of output>
Test time =   0.83 sec
----------------------------------------------------------
Test Passed.
"t_isnD_128K_8K_l" end time: May 01 21:12 CST
"t_isnD_128K_8K_l" time elapsed: 00:00:00
----------------------------------------------------------

168/169 Testing: t_isnD_128K_8K_L
168/169 Test: t_isnD_128K_8K_L
Command: "/home/ubuntu/cs144_sponge/txrx.sh" "-isDnd" "128K" "-w" "8K" "-L" "0.1"
Directory: /home/ubuntu/cs144_sponge/build
"t_isnD_128K_8K_L" start time: May 01 21:12 CST
Output:
----------------------------------------------------------
DEBUG: Listening for incoming connection... new connection from 169.254.144.1:50720.
DEBUG: Outbound stream to 169.254.144.1:50720 finished (52000 bytes still in flight).
DEBUG: Inbound stream from 169.254.144.1:50720 finished cleanly.
DEBUG: Waiting for clean shutdown... DEBUG: Outbound stream to 169.254.144.1:50720 has been fully acknowledged.
DEBUG: TCP connection finished cleanly.
done.
<end of output>
Test time =   0.25 sec
----------------------------------------------------------
Test Passed.
"t_isnD_128K_8K_L" end time: May 01 21:12 CST
"t_isnD_128K_8K_L" time elapsed: 00:00:00
----------------------------------------------------------

169/169 Testing: t_isnD_128K_8K_lL
169/169 Test: t_isnD_128K_8K_lL
Command: "/home/ubuntu/cs144_sponge/txrx.sh" "-isDnd" "128K" "-w" "8K" "-l" "0.1" "-L" "0.1"
Directory: /home/ubuntu/cs144_sponge/build
"t_isnD_128K_8K_lL" start time: May 01 21:12 CST
Output:
----------------------------------------------------------
DEBUG: Listening for incoming connection... new connection from 169.254.144.1:36364.
DEBUG: Outbound stream to 169.254.144.1:36364 finished (34000 bytes still in flight).
DEBUG: Inbound stream from 169.254.144.1:36364 finished cleanly.
DEBUG: Waiting for clean shutdown... DEBUG: Outbound stream to 169.254.144.1:36364 has been fully acknowledged.
DEBUG: TCP connection finished cleanly.
done.
<end of output>
Test time =   0.55 sec
----------------------------------------------------------
Test Passed.
"t_isnD_128K_8K_lL" end time: May 01 21:12 CST
"t_isnD_128K_8K_lL" time elapsed: 00:00:00
----------------------------------------------------------

End testing: May 01 21:12 CST
