Start testing: May 01 22:50 CST
----------------------------------------------------------
1/169 Testing: t_wrapping_ints_cmp
1/169 Test: t_wrapping_ints_cmp
Command: "/home/ubuntu/cs144_sponge/build/tests/wrapping_integers_cmp"
Directory: /home/ubuntu/cs144_sponge/build
"t_wrapping_ints_cmp" start time: May 01 22:50 CST
Output:
----------------------------------------------------------
<end of output>
Test time =   0.00 sec
----------------------------------------------------------
Test Passed.
"t_wrapping_ints_cmp" end time: May 01 22:50 CST
"t_wrapping_ints_cmp" time elapsed: 00:00:00
----------------------------------------------------------

2/169 Testing: t_wrapping_ints_unwrap
2/169 Test: t_wrapping_ints_unwrap
Command: "/home/ubuntu/cs144_sponge/build/tests/wrapping_integers_unwrap"
Directory: /home/ubuntu/cs144_sponge/build
"t_wrapping_ints_unwrap" start time: May 01 22:50 CST
Output:
----------------------------------------------------------
<end of output>
Test time =   0.00 sec
----------------------------------------------------------
Test Passed.
"t_wrapping_ints_unwrap" end time: May 01 22:50 CST
"t_wrapping_ints_unwrap" time elapsed: 00:00:00
----------------------------------------------------------

3/169 Testing: t_wrapping_ints_wrap
3/169 Test: t_wrapping_ints_wrap
Command: "/home/ubuntu/cs144_sponge/build/tests/wrapping_integers_wrap"
Directory: /home/ubuntu/cs144_sponge/build
"t_wrapping_ints_wrap" start time: May 01 22:50 CST
Output:
----------------------------------------------------------
<end of output>
Test time =   0.00 sec
----------------------------------------------------------
Test Passed.
"t_wrapping_ints_wrap" end time: May 01 22:50 CST
"t_wrapping_ints_wrap" time elapsed: 00:00:00
----------------------------------------------------------

4/169 Testing: t_wrapping_ints_roundtrip
4/169 Test: t_wrapping_ints_roundtrip
Command: "/home/ubuntu/cs144_sponge/build/tests/wrapping_integers_roundtrip"
Directory: /home/ubuntu/cs144_sponge/build
"t_wrapping_ints_roundtrip" start time: May 01 22:50 CST
Output:
----------------------------------------------------------
<end of output>
Test time =   0.12 sec
----------------------------------------------------------
Test Passed.
"t_wrapping_ints_roundtrip" end time: May 01 22:50 CST
"t_wrapping_ints_roundtrip" time elapsed: 00:00:00
----------------------------------------------------------

5/169 Testing: t_recv_connect
5/169 Test: t_recv_connect
Command: "/home/ubuntu/cs144_sponge/build/tests/recv_connect"
Directory: /home/ubuntu/cs144_sponge/build
"t_recv_connect" start time: May 01 22:50 CST
Output:
----------------------------------------------------------
<end of output>
Test time =   0.01 sec
----------------------------------------------------------
Test Passed.
"t_recv_connect" end time: May 01 22:50 CST
"t_recv_connect" time elapsed: 00:00:00
----------------------------------------------------------

6/169 Testing: t_recv_transmit
6/169 Test: t_recv_transmit
Command: "/home/ubuntu/cs144_sponge/build/tests/recv_transmit"
Directory: /home/ubuntu/cs144_sponge/build
"t_recv_transmit" start time: May 01 22:50 CST
Output:
----------------------------------------------------------
<end of output>
Test time =   0.08 sec
----------------------------------------------------------
Test Passed.
"t_recv_transmit" end time: May 01 22:50 CST
"t_recv_transmit" time elapsed: 00:00:00
----------------------------------------------------------

7/169 Testing: t_recv_window
7/169 Test: t_recv_window
Command: "/home/ubuntu/cs144_sponge/build/tests/recv_window"
Directory: /home/ubuntu/cs144_sponge/build
"t_recv_window" start time: May 01 22:50 CST
Output:
----------------------------------------------------------
<end of output>
Test time =   0.00 sec
----------------------------------------------------------
Test Passed.
"t_recv_window" end time: May 01 22:50 CST
"t_recv_window" time elapsed: 00:00:00
----------------------------------------------------------

8/169 Testing: t_recv_reorder
8/169 Test: t_recv_reorder
Command: "/home/ubuntu/cs144_sponge/build/tests/recv_reorder"
Directory: /home/ubuntu/cs144_sponge/build
"t_recv_reorder" start time: May 01 22:50 CST
Output:
----------------------------------------------------------
<end of output>
Test time =   0.00 sec
----------------------------------------------------------
Test Passed.
"t_recv_reorder" end time: May 01 22:50 CST
"t_recv_reorder" time elapsed: 00:00:00
----------------------------------------------------------

9/169 Testing: t_recv_close
9/169 Test: t_recv_close
Command: "/home/ubuntu/cs144_sponge/build/tests/recv_close"
Directory: /home/ubuntu/cs144_sponge/build
"t_recv_close" start time: May 01 22:50 CST
Output:
----------------------------------------------------------
<end of output>
Test time =   0.00 sec
----------------------------------------------------------
Test Passed.
"t_recv_close" end time: May 01 22:50 CST
"t_recv_close" time elapsed: 00:00:00
----------------------------------------------------------

10/169 Testing: t_recv_special
10/169 Test: t_recv_special
Command: "/home/ubuntu/cs144_sponge/build/tests/recv_special"
Directory: /home/ubuntu/cs144_sponge/build
"t_recv_special" start time: May 01 22:50 CST
Output:
----------------------------------------------------------
<end of output>
Test time =   0.00 sec
----------------------------------------------------------
Test Passed.
"t_recv_special" end time: May 01 22:50 CST
"t_recv_special" time elapsed: 00:00:00
----------------------------------------------------------

11/169 Testing: t_send_connect
11/169 Test: t_send_connect
Command: "/home/ubuntu/cs144_sponge/build/tests/send_connect"
Directory: /home/ubuntu/cs144_sponge/build
"t_send_connect" start time: May 01 22:50 CST
Output:
----------------------------------------------------------
<end of output>
Test time =   0.00 sec
----------------------------------------------------------
Test Passed.
"t_send_connect" end time: May 01 22:50 CST
"t_send_connect" time elapsed: 00:00:00
----------------------------------------------------------

12/169 Testing: t_send_transmit
12/169 Test: t_send_transmit
Command: "/home/ubuntu/cs144_sponge/build/tests/send_transmit"
Directory: /home/ubuntu/cs144_sponge/build
"t_send_transmit" start time: May 01 22:50 CST
Output:
----------------------------------------------------------
<end of output>
Test time =   0.04 sec
----------------------------------------------------------
Test Passed.
"t_send_transmit" end time: May 01 22:50 CST
"t_send_transmit" time elapsed: 00:00:00
----------------------------------------------------------

13/169 Testing: t_send_retx
13/169 Test: t_send_retx
Command: "/home/ubuntu/cs144_sponge/build/tests/send_retx"
Directory: /home/ubuntu/cs144_sponge/build
"t_send_retx" start time: May 01 22:50 CST
Output:
----------------------------------------------------------
<end of output>
Test time =   0.00 sec
----------------------------------------------------------
Test Passed.
"t_send_retx" end time: May 01 22:50 CST
"t_send_retx" time elapsed: 00:00:00
----------------------------------------------------------

14/169 Testing: t_send_window
14/169 Test: t_send_window
Command: "/home/ubuntu/cs144_sponge/build/tests/send_window"
Directory: /home/ubuntu/cs144_sponge/build
"t_send_window" start time: May 01 22:50 CST
Output:
----------------------------------------------------------
<end of output>
Test time =   0.01 sec
----------------------------------------------------------
Test Passed.
"t_send_window" end time: May 01 22:50 CST
"t_send_window" time elapsed: 00:00:00
----------------------------------------------------------

15/169 Testing: t_send_ack
15/169 Test: t_send_ack
Command: "/home/ubuntu/cs144_sponge/build/tests/send_ack"
Directory: /home/ubuntu/cs144_sponge/build
"t_send_ack" start time: May 01 22:50 CST
Output:
----------------------------------------------------------
<end of output>
Test time =   0.00 sec
----------------------------------------------------------
Test Passed.
"t_send_ack" end time: May 01 22:50 CST
"t_send_ack" time elapsed: 00:00:00
----------------------------------------------------------

16/169 Testing: t_send_close
16/169 Test: t_send_close
Command: "/home/ubuntu/cs144_sponge/build/tests/send_close"
Directory: /home/ubuntu/cs144_sponge/build
"t_send_close" start time: May 01 22:50 CST
Output:
----------------------------------------------------------
<end of output>
Test time =   0.00 sec
----------------------------------------------------------
Test Passed.
"t_send_close" end time: May 01 22:50 CST
"t_send_close" time elapsed: 00:00:00
----------------------------------------------------------

17/169 Testing: t_send_extra
17/169 Test: t_send_extra
Command: "/home/ubuntu/cs144_sponge/build/tests/send_extra"
Directory: /home/ubuntu/cs144_sponge/build
"t_send_extra" start time: May 01 22:50 CST
Output:
----------------------------------------------------------
<end of output>
Test time =   0.01 sec
----------------------------------------------------------
Test Passed.
"t_send_extra" end time: May 01 22:50 CST
"t_send_extra" time elapsed: 00:00:00
----------------------------------------------------------

18/169 Testing: t_strm_reassem_single
18/169 Test: t_strm_reassem_single
Command: "/home/ubuntu/cs144_sponge/build/tests/fsm_stream_reassembler_single"
Directory: /home/ubuntu/cs144_sponge/build
"t_strm_reassem_single" start time: May 01 22:50 CST
Output:
----------------------------------------------------------
<end of output>
Test time =   0.00 sec
----------------------------------------------------------
Test Passed.
"t_strm_reassem_single" end time: May 01 22:50 CST
"t_strm_reassem_single" time elapsed: 00:00:00
----------------------------------------------------------

19/169 Testing: t_strm_reassem_seq
19/169 Test: t_strm_reassem_seq
Command: "/home/ubuntu/cs144_sponge/build/tests/fsm_stream_reassembler_seq"
Directory: /home/ubuntu/cs144_sponge/build
"t_strm_reassem_seq" start time: May 01 22:50 CST
Output:
----------------------------------------------------------
<end of output>
Test time =   0.00 sec
----------------------------------------------------------
Test Passed.
"t_strm_reassem_seq" end time: May 01 22:50 CST
"t_strm_reassem_seq" time elapsed: 00:00:00
----------------------------------------------------------

20/169 Testing: t_strm_reassem_dup
20/169 Test: t_strm_reassem_dup
Command: "/home/ubuntu/cs144_sponge/build/tests/fsm_stream_reassembler_dup"
Directory: /home/ubuntu/cs144_sponge/build
"t_strm_reassem_dup" start time: May 01 22:50 CST
Output:
----------------------------------------------------------
<end of output>
Test time =   0.01 sec
----------------------------------------------------------
Test Passed.
"t_strm_reassem_dup" end time: May 01 22:50 CST
"t_strm_reassem_dup" time elapsed: 00:00:00
----------------------------------------------------------

21/169 Testing: t_strm_reassem_holes
21/169 Test: t_strm_reassem_holes
Command: "/home/ubuntu/cs144_sponge/build/tests/fsm_stream_reassembler_holes"
Directory: /home/ubuntu/cs144_sponge/build
"t_strm_reassem_holes" start time: May 01 22:50 CST
Output:
----------------------------------------------------------
<end of output>
Test time =   0.00 sec
----------------------------------------------------------
Test Passed.
"t_strm_reassem_holes" end time: May 01 22:50 CST
"t_strm_reassem_holes" time elapsed: 00:00:00
----------------------------------------------------------

22/169 Testing: t_strm_reassem_many
22/169 Test: t_strm_reassem_many
Command: "/home/ubuntu/cs144_sponge/build/tests/fsm_stream_reassembler_many"
Directory: /home/ubuntu/cs144_sponge/build
"t_strm_reassem_many" start time: May 01 22:50 CST
Output:
----------------------------------------------------------
<end of output>
Test time =   0.07 sec
----------------------------------------------------------
Test Passed.
"t_strm_reassem_many" end time: May 01 22:50 CST
"t_strm_reassem_many" time elapsed: 00:00:00
----------------------------------------------------------

23/169 Testing: t_strm_reassem_overlapping
23/169 Test: t_strm_reassem_overlapping
Command: "/home/ubuntu/cs144_sponge/build/tests/fsm_stream_reassembler_overlapping"
Directory: /home/ubuntu/cs144_sponge/build
"t_strm_reassem_overlapping" start time: May 01 22:50 CST
Output:
----------------------------------------------------------
<end of output>
Test time =   0.00 sec
----------------------------------------------------------
Test Passed.
"t_strm_reassem_overlapping" end time: May 01 22:50 CST
"t_strm_reassem_overlapping" time elapsed: 00:00:00
----------------------------------------------------------

24/169 Testing: t_strm_reassem_win
24/169 Test: t_strm_reassem_win
Command: "/home/ubuntu/cs144_sponge/build/tests/fsm_stream_reassembler_win"
Directory: /home/ubuntu/cs144_sponge/build
"t_strm_reassem_win" start time: May 01 22:50 CST
Output:
----------------------------------------------------------
<end of output>
Test time =   0.07 sec
----------------------------------------------------------
Test Passed.
"t_strm_reassem_win" end time: May 01 22:50 CST
"t_strm_reassem_win" time elapsed: 00:00:00
----------------------------------------------------------

25/169 Testing: t_strm_reassem_cap
25/169 Test: t_strm_reassem_cap
Command: "/home/ubuntu/cs144_sponge/build/tests/fsm_stream_reassembler_cap"
Directory: /home/ubuntu/cs144_sponge/build
"t_strm_reassem_cap" start time: May 01 22:50 CST
Output:
----------------------------------------------------------
<end of output>
Test time =   0.09 sec
----------------------------------------------------------
Test Passed.
"t_strm_reassem_cap" end time: May 01 22:50 CST
"t_strm_reassem_cap" time elapsed: 00:00:00
----------------------------------------------------------

26/169 Testing: t_byte_stream_construction
26/169 Test: t_byte_stream_construction
Command: "/home/ubuntu/cs144_sponge/build/tests/byte_stream_construction"
Directory: /home/ubuntu/cs144_sponge/build
"t_byte_stream_construction" start time: May 01 22:50 CST
Output:
----------------------------------------------------------
<end of output>
Test time =   0.00 sec
----------------------------------------------------------
Test Passed.
"t_byte_stream_construction" end time: May 01 22:50 CST
"t_byte_stream_construction" time elapsed: 00:00:00
----------------------------------------------------------

27/169 Testing: t_byte_stream_one_write
27/169 Test: t_byte_stream_one_write
Command: "/home/ubuntu/cs144_sponge/build/tests/byte_stream_one_write"
Directory: /home/ubuntu/cs144_sponge/build
"t_byte_stream_one_write" start time: May 01 22:50 CST
Output:
----------------------------------------------------------
<end of output>
Test time =   0.00 sec
----------------------------------------------------------
Test Passed.
"t_byte_stream_one_write" end time: May 01 22:50 CST
"t_byte_stream_one_write" time elapsed: 00:00:00
----------------------------------------------------------

28/169 Testing: t_byte_stream_two_writes
28/169 Test: t_byte_stream_two_writes
Command: "/home/ubuntu/cs144_sponge/build/tests/byte_stream_two_writes"
Directory: /home/ubuntu/cs144_sponge/build
"t_byte_stream_two_writes" start time: May 01 22:50 CST
Output:
----------------------------------------------------------
<end of output>
Test time =   0.00 sec
----------------------------------------------------------
Test Passed.
"t_byte_stream_two_writes" end time: May 01 22:50 CST
"t_byte_stream_two_writes" time elapsed: 00:00:00
----------------------------------------------------------

29/169 Testing: t_byte_stream_capacity
29/169 Test: t_byte_stream_capacity
Command: "/home/ubuntu/cs144_sponge/build/tests/byte_stream_capacity"
Directory: /home/ubuntu/cs144_sponge/build
"t_byte_stream_capacity" start time: May 01 22:50 CST
Output:
----------------------------------------------------------
<end of output>
Test time =   0.42 sec
----------------------------------------------------------
Test Passed.
"t_byte_stream_capacity" end time: May 01 22:50 CST
"t_byte_stream_capacity" time elapsed: 00:00:00
----------------------------------------------------------

30/169 Testing: t_byte_stream_many_writes
30/169 Test: t_byte_stream_many_writes
Command: "/home/ubuntu/cs144_sponge/build/tests/byte_stream_many_writes"
Directory: /home/ubuntu/cs144_sponge/build
"t_byte_stream_many_writes" start time: May 01 22:50 CST
Output:
----------------------------------------------------------
<end of output>
Test time =   0.01 sec
----------------------------------------------------------
Test Passed.
"t_byte_stream_many_writes" end time: May 01 22:50 CST
"t_byte_stream_many_writes" time elapsed: 00:00:00
----------------------------------------------------------

31/169 Testing: t_webget
31/169 Test: t_webget
Command: "/home/ubuntu/cs144_sponge/tests/webget_t.sh"
Directory: /home/ubuntu/cs144_sponge/build
"t_webget" start time: May 01 22:50 CST
Output:
----------------------------------------------------------
HTTP/1.1 200 OK
Content-type: text/plain

7SmXqWkrLKzVBCEalbSPqBcvs11Pw263K7x4Wv3JckI
<end of output>
Test time =   1.12 sec
----------------------------------------------------------
Test Passed.
"t_webget" end time: May 01 22:50 CST
"t_webget" time elapsed: 00:00:01
----------------------------------------------------------

32/169 Testing: arp_network_interface
32/169 Test: arp_network_interface
Command: "/home/ubuntu/cs144_sponge/build/tests/net_interface"
Directory: /home/ubuntu/cs144_sponge/build
"arp_network_interface" start time: May 01 22:50 CST
Output:
----------------------------------------------------------
DEBUG: Network interface has Ethernet address 32:ac:60:38:22:f4 and IP address 4.3.2.1
DEBUG: Network interface has Ethernet address b6:a7:2c:2b:87:28 and IP address 5.5.5.5
DEBUG: Network interface has Ethernet address 82:fe:e7:1a:c4:48 and IP address 5.5.5.5
DEBUG: Network interface has Ethernet address e6:34:6e:28:a9:cf and IP address 1.2.3.4
DEBUG: Network interface has Ethernet address 66:9f:ec:e3:54:1d and IP address 4.3.2.1
DEBUG: Network interface has Ethernet address 0e:68:e2:ee:d8:65 and IP address 10.0.0.1
<end of output>
Test time =   0.00 sec
----------------------------------------------------------
Test Passed.
"arp_network_interface" end time: May 01 22:50 CST
"arp_network_interface" time elapsed: 00:00:00
----------------------------------------------------------

33/169 Testing: router_test
33/169 Test: router_test
Command: "/home/ubuntu/cs144_sponge/build/apps/network_simulator"
Directory: /home/ubuntu/cs144_sponge/build
"router_test" start time: May 01 22:50 CST
Output:
----------------------------------------------------------
[32;1mConstructing network.[m
DEBUG: Network interface has Ethernet address 02:00:00:c7:15:06 and IP address 171.67.76.46
DEBUG: Network interface has Ethernet address 02:00:00:7b:32:95 and IP address 10.0.0.1
DEBUG: Network interface has Ethernet address 02:00:00:f6:5f:cf and IP address 172.16.0.1
DEBUG: Network interface has Ethernet address 02:00:00:4f:a3:39 and IP address 192.168.0.1
DEBUG: Network interface has Ethernet address 02:00:00:83:a6:74 and IP address 198.178.229.1
DEBUG: Network interface has Ethernet address 02:00:00:12:62:c9 and IP address 143.195.0.2
DEBUG: Network interface has Ethernet address 02:00:00:7a:ec:2b and IP address 128.30.76.255
DEBUG: Network interface has Ethernet address 82:cf:77:3a:a2:c4 and IP address 10.0.0.2
DEBUG: Network interface has Ethernet address 16:52:d9:b7:3c:e0 and IP address 171.67.76.1
DEBUG: Network interface has Ethernet address 4a:37:d8:09:33:70 and IP address 192.168.0.2
DEBUG: Network interface has Ethernet address da:5d:88:3a:a5:bf and IP address 143.195.0.1
DEBUG: Network interface has Ethernet address 6e:c9:c5:82:61:47 and IP address 198.178.229.42
DEBUG: Network interface has Ethernet address 26:b0:fe:72:7f:4a and IP address 198.178.229.43
DEBUG: adding route 0.0.0.0/0 => 171.67.76.1 on interface 0
DEBUG: adding route 10.0.0.0/8 => (direct) on interface 1
DEBUG: adding route 172.16.0.0/16 => (direct) on interface 2
DEBUG: adding route 192.168.0.0/24 => (direct) on interface 3
DEBUG: adding route 198.178.229.0/24 => (direct) on interface 4
DEBUG: adding route 143.195.0.0/17 => 143.195.0.1 on interface 5
DEBUG: adding route 143.195.128.0/18 => 143.195.0.1 on interface 5
DEBUG: adding route 143.195.192.0/19 => 143.195.0.1 on interface 5
DEBUG: adding route 128.30.76.255/16 => 128.30.0.1 on interface 6
[32;1m

Testing traffic between two ordinary hosts (applesauce to cherrypie)...[m

Host applesauce trying to send datagram (with next hop = 10.0.0.1): IPv4, len=30, protocol=6, src=10.0.0.2, dst=192.168.0.2 payload="random payload: {2501829612}"
Transferring frame from applesauce to router.eth0: dst=ff:ff:ff:ff:ff:ff, src=82:cf:77:3a:a2:c4, type=ARP opcode=REQUEST, sender=82:cf:77:3a:a2:c4/10.0.0.2, target=00:00:00:00:00:00/10.0.0.1
Transferring frame from router.eth0 to applesauce: dst=82:cf:77:3a:a2:c4, src=02:00:00:7b:32:95, type=ARP opcode=REPLY, sender=02:00:00:7b:32:95/10.0.0.1, target=82:cf:77:3a:a2:c4/10.0.0.2
Transferring frame from applesauce to router.eth0: dst=02:00:00:7b:32:95, src=82:cf:77:3a:a2:c4, type=IPv4 IPv4, len=30, protocol=6, src=10.0.0.2, dst=192.168.0.2 payload="random payload: {2501829612}"
Transferring frame from router.eth2 to cherrypie: dst=ff:ff:ff:ff:ff:ff, src=02:00:00:4f:a3:39, type=ARP opcode=REQUEST, sender=02:00:00:4f:a3:39/192.168.0.1, target=00:00:00:00:00:00/192.168.0.2
Transferring frame from cherrypie to router.eth2: dst=02:00:00:4f:a3:39, src=4a:37:d8:09:33:70, type=ARP opcode=REPLY, sender=4a:37:d8:09:33:70/192.168.0.2, target=02:00:00:4f:a3:39/192.168.0.1
Transferring frame from router.eth2 to cherrypie: dst=4a:37:d8:09:33:70, src=02:00:00:4f:a3:39, type=IPv4 IPv4, len=30, protocol=6, src=10.0.0.2, dst=192.168.0.2 payload="random payload: {2501829612}"
[32;1m

Testing traffic between two ordinary hosts (cherrypie to applesauce)...[m

Host cherrypie trying to send datagram (with next hop = 192.168.0.1): IPv4, len=2f, protocol=6, src=192.168.0.2, dst=10.0.0.2 payload="random payload: {839549918}"
Transferring frame from cherrypie to router.eth2: dst=02:00:00:4f:a3:39, src=4a:37:d8:09:33:70, type=IPv4 IPv4, len=2f, protocol=6, src=192.168.0.2, dst=10.0.0.2 payload="random payload: {839549918}"
Transferring frame from router.eth0 to applesauce: dst=82:cf:77:3a:a2:c4, src=02:00:00:7b:32:95, type=IPv4 IPv4, len=2f, protocol=6, src=192.168.0.2, dst=10.0.0.2 payload="random payload: {839549918}"
[32;1m

Success! Testing applesauce sending to the Internet.[m

Host applesauce trying to send datagram (with next hop = 10.0.0.1): IPv4, len=30, protocol=6, src=10.0.0.2, dst=1.2.3.4 payload="random payload: {2114982802}"
Transferring frame from applesauce to router.eth0: dst=02:00:00:7b:32:95, src=82:cf:77:3a:a2:c4, type=IPv4 IPv4, len=30, protocol=6, src=10.0.0.2, dst=1.2.3.4 payload="random payload: {2114982802}"
Transferring frame from router.default to default_router: dst=ff:ff:ff:ff:ff:ff, src=02:00:00:c7:15:06, type=ARP opcode=REQUEST, sender=02:00:00:c7:15:06/171.67.76.46, target=00:00:00:00:00:00/171.67.76.1
Transferring frame from default_router to router.default: dst=02:00:00:c7:15:06, src=16:52:d9:b7:3c:e0, type=ARP opcode=REPLY, sender=16:52:d9:b7:3c:e0/171.67.76.1, target=02:00:00:c7:15:06/171.67.76.46
Transferring frame from router.default to default_router: dst=16:52:d9:b7:3c:e0, src=02:00:00:c7:15:06, type=IPv4 IPv4, len=30, protocol=6, src=10.0.0.2, dst=1.2.3.4 payload="random payload: {2114982802}"
[32;1m

Success! Testing sending to the HS network and Internet.[m

Host applesauce trying to send datagram (with next hop = 10.0.0.1): IPv4, len=30, protocol=6, src=10.0.0.2, dst=143.195.131.17 payload="random payload: {1610160765}"
Transferring frame from applesauce to router.eth0: dst=02:00:00:7b:32:95, src=82:cf:77:3a:a2:c4, type=IPv4 IPv4, len=30, protocol=6, src=10.0.0.2, dst=143.195.131.17 payload="random payload: {1610160765}"
Transferring frame from router.hs4 to hs_router: dst=ff:ff:ff:ff:ff:ff, src=02:00:00:12:62:c9, type=ARP opcode=REQUEST, sender=02:00:00:12:62:c9/143.195.0.2, target=00:00:00:00:00:00/143.195.0.1
Transferring frame from hs_router to router.hs4: dst=02:00:00:12:62:c9, src=da:5d:88:3a:a5:bf, type=ARP opcode=REPLY, sender=da:5d:88:3a:a5:bf/143.195.0.1, target=02:00:00:12:62:c9/143.195.0.2
Transferring frame from router.hs4 to hs_router: dst=da:5d:88:3a:a5:bf, src=02:00:00:12:62:c9, type=IPv4 IPv4, len=30, protocol=6, src=10.0.0.2, dst=143.195.131.17 payload="random payload: {1610160765}"
Host cherrypie trying to send datagram (with next hop = 192.168.0.1): IPv4, len=30, protocol=6, src=192.168.0.2, dst=143.195.193.52 payload="random payload: {1858782017}"
Transferring frame from cherrypie to router.eth2: dst=02:00:00:4f:a3:39, src=4a:37:d8:09:33:70, type=IPv4 IPv4, len=30, protocol=6, src=192.168.0.2, dst=143.195.193.52 payload="random payload: {1858782017}"
Transferring frame from router.hs4 to hs_router: dst=da:5d:88:3a:a5:bf, src=02:00:00:12:62:c9, type=IPv4 IPv4, len=30, protocol=6, src=192.168.0.2, dst=143.195.193.52 payload="random payload: {1858782017}"
Host cherrypie trying to send datagram (with next hop = 192.168.0.1): IPv4, len=2f, protocol=6, src=192.168.0.2, dst=143.195.223.255 payload="random payload: {135755970}"
Transferring frame from cherrypie to router.eth2: dst=02:00:00:4f:a3:39, src=4a:37:d8:09:33:70, type=IPv4 IPv4, len=2f, protocol=6, src=192.168.0.2, dst=143.195.223.255 payload="random payload: {135755970}"
Transferring frame from router.hs4 to hs_router: dst=da:5d:88:3a:a5:bf, src=02:00:00:12:62:c9, type=IPv4 IPv4, len=2f, protocol=6, src=192.168.0.2, dst=143.195.223.255 payload="random payload: {135755970}"
Host cherrypie trying to send datagram (with next hop = 192.168.0.1): IPv4, len=30, protocol=6, src=192.168.0.2, dst=143.195.224.0 payload="random payload: {3437230068}"
Transferring frame from cherrypie to router.eth2: dst=02:00:00:4f:a3:39, src=4a:37:d8:09:33:70, type=IPv4 IPv4, len=30, protocol=6, src=192.168.0.2, dst=143.195.224.0 payload="random payload: {3437230068}"
Transferring frame from router.default to default_router: dst=16:52:d9:b7:3c:e0, src=02:00:00:c7:15:06, type=IPv4 IPv4, len=30, protocol=6, src=192.168.0.2, dst=143.195.224.0 payload="random payload: {3437230068}"
[32;1m

Success! Testing two hosts on the same network (dm42 to dm43)...[m

Host dm42 trying to send datagram (with next hop = 198.178.229.1): IPv4, len=30, protocol=6, src=198.178.229.42, dst=198.178.229.43 payload="random payload: {2500794410}"
Transferring frame from dm42 to router.uun3: dst=ff:ff:ff:ff:ff:ff, src=6e:c9:c5:82:61:47, type=ARP opcode=REQUEST, sender=6e:c9:c5:82:61:47/198.178.229.42, target=00:00:00:00:00:00/198.178.229.1
Transferring frame from dm42 to dm43: dst=ff:ff:ff:ff:ff:ff, src=6e:c9:c5:82:61:47, type=ARP opcode=REQUEST, sender=6e:c9:c5:82:61:47/198.178.229.42, target=00:00:00:00:00:00/198.178.229.1
Transferring frame from router.uun3 to dm42: dst=6e:c9:c5:82:61:47, src=02:00:00:83:a6:74, type=ARP opcode=REPLY, sender=02:00:00:83:a6:74/198.178.229.1, target=6e:c9:c5:82:61:47/198.178.229.42
Transferring frame from router.uun3 to dm43: dst=6e:c9:c5:82:61:47, src=02:00:00:83:a6:74, type=ARP opcode=REPLY, sender=02:00:00:83:a6:74/198.178.229.1, target=6e:c9:c5:82:61:47/198.178.229.42
Transferring frame from dm42 to router.uun3: dst=02:00:00:83:a6:74, src=6e:c9:c5:82:61:47, type=IPv4 IPv4, len=30, protocol=6, src=198.178.229.42, dst=198.178.229.43 payload="random payload: {2500794410}"
Transferring frame from dm42 to dm43: dst=02:00:00:83:a6:74, src=6e:c9:c5:82:61:47, type=IPv4 IPv4, len=30, protocol=6, src=198.178.229.42, dst=198.178.229.43 payload="random payload: {2500794410}"
Transferring frame from router.uun3 to dm42: dst=ff:ff:ff:ff:ff:ff, src=02:00:00:83:a6:74, type=ARP opcode=REQUEST, sender=02:00:00:83:a6:74/198.178.229.1, target=00:00:00:00:00:00/198.178.229.43
Transferring frame from router.uun3 to dm43: dst=ff:ff:ff:ff:ff:ff, src=02:00:00:83:a6:74, type=ARP opcode=REQUEST, sender=02:00:00:83:a6:74/198.178.229.1, target=00:00:00:00:00:00/198.178.229.43
Transferring frame from dm43 to router.uun3: dst=02:00:00:83:a6:74, src=26:b0:fe:72:7f:4a, type=ARP opcode=REPLY, sender=26:b0:fe:72:7f:4a/198.178.229.43, target=02:00:00:83:a6:74/198.178.229.1
Transferring frame from dm43 to dm42: dst=02:00:00:83:a6:74, src=26:b0:fe:72:7f:4a, type=ARP opcode=REPLY, sender=26:b0:fe:72:7f:4a/198.178.229.43, target=02:00:00:83:a6:74/198.178.229.1
Transferring frame from router.uun3 to dm42: dst=26:b0:fe:72:7f:4a, src=02:00:00:83:a6:74, type=IPv4 IPv4, len=30, protocol=6, src=198.178.229.42, dst=198.178.229.43 payload="random payload: {2500794410}"
Transferring frame from router.uun3 to dm43: dst=26:b0:fe:72:7f:4a, src=02:00:00:83:a6:74, type=IPv4 IPv4, len=30, protocol=6, src=198.178.229.42, dst=198.178.229.43 payload="random payload: {2500794410}"
[32;1m

Success! Testing TTL expiration...[m

Host applesauce trying to send datagram (with next hop = 10.0.0.1): IPv4, len=2f, protocol=6, ttl=1, src=10.0.0.2, dst=1.2.3.4 payload="random payload: {442677240}"
Transferring frame from applesauce to router.eth0: dst=02:00:00:7b:32:95, src=82:cf:77:3a:a2:c4, type=IPv4 IPv4, len=2f, protocol=6, ttl=1, src=10.0.0.2, dst=1.2.3.4 payload="random payload: {442677240}"
Host applesauce trying to send datagram (with next hop = 10.0.0.1): IPv4, len=30, protocol=6, ttl=0, src=10.0.0.2, dst=1.2.3.4 payload="random payload: {3008844605}"
Transferring frame from applesauce to router.eth0: dst=02:00:00:7b:32:95, src=82:cf:77:3a:a2:c4, type=IPv4 IPv4, len=30, protocol=6, ttl=0, src=10.0.0.2, dst=1.2.3.4 payload="random payload: {3008844605}"


[32;1mCongratulations! All datagrams were routed successfully.[m
<end of output>
Test time =   0.01 sec
----------------------------------------------------------
Test Passed.
"router_test" end time: May 01 22:50 CST
"router_test" time elapsed: 00:00:00
----------------------------------------------------------

34/169 Testing: t_tcp_parser
34/169 Test: t_tcp_parser
Command: "/home/ubuntu/cs144_sponge/build/tests/tcp_parser" "/home/ubuntu/cs144_sponge/tests/ipv4_parser.data"
Directory: /home/ubuntu/cs144_sponge/build
"t_tcp_parser" start time: May 01 22:50 CST
Output:
----------------------------------------------------------
<end of output>
Test time =   0.02 sec
----------------------------------------------------------
Test Passed.
"t_tcp_parser" end time: May 01 22:50 CST
"t_tcp_parser" time elapsed: 00:00:00
----------------------------------------------------------

35/169 Testing: t_ipv4_parser
35/169 Test: t_ipv4_parser
Command: "/home/ubuntu/cs144_sponge/build/tests/ipv4_parser" "/home/ubuntu/cs144_sponge/tests/ipv4_parser.data"
Directory: /home/ubuntu/cs144_sponge/build
"t_ipv4_parser" start time: May 01 22:50 CST
Output:
----------------------------------------------------------
<end of output>
Test time =   0.01 sec
----------------------------------------------------------
Test Passed.
"t_ipv4_parser" end time: May 01 22:50 CST
"t_ipv4_parser" time elapsed: 00:00:00
----------------------------------------------------------

36/169 Testing: t_active_close
36/169 Test: t_active_close
Command: "/home/ubuntu/cs144_sponge/build/tests/fsm_active_close"
Directory: /home/ubuntu/cs144_sponge/build
"t_active_close" start time: May 01 22:50 CST
Output:
----------------------------------------------------------
<end of output>
Test time =   0.01 sec
----------------------------------------------------------
Test Passed.
"t_active_close" end time: May 01 22:50 CST
"t_active_close" time elapsed: 00:00:00
----------------------------------------------------------

37/169 Testing: t_passive_close
37/169 Test: t_passive_close
Command: "/home/ubuntu/cs144_sponge/build/tests/fsm_passive_close"
Directory: /home/ubuntu/cs144_sponge/build
"t_passive_close" start time: May 01 22:50 CST
Output:
----------------------------------------------------------
<end of output>
Test time =   0.00 sec
----------------------------------------------------------
Test Passed.
"t_passive_close" end time: May 01 22:50 CST
"t_passive_close" time elapsed: 00:00:00
----------------------------------------------------------

39/169 Testing: t_ack_rst
39/169 Test: t_ack_rst
Command: "/home/ubuntu/cs144_sponge/build/tests/fsm_ack_rst_relaxed"
Directory: /home/ubuntu/cs144_sponge/build
"t_ack_rst" start time: May 01 22:50 CST
Output:
----------------------------------------------------------
Test 1
Test 2
Test 3
Warning: Unclean shutdown of TCPConnection
Warning: Unclean shutdown of TCPConnection
Warning: Unclean shutdown of TCPConnection
Warning: Unclean shutdown of TCPConnection
Warning: Unclean shutdown of TCPConnection
Warning: Unclean shutdown of TCPConnection
Warning: Unclean shutdown of TCPConnection
Warning: Unclean shutdown of TCPConnection
Warning: Unclean shutdown of TCPConnection
Test 4
Test 5
Warning: Unclean shutdown of TCPConnection
Warning: Unclean shutdown of TCPConnection
<end of output>
Test time =   0.00 sec
----------------------------------------------------------
Test Passed.
"t_ack_rst" end time: May 01 22:50 CST
"t_ack_rst" time elapsed: 00:00:00
----------------------------------------------------------

41/169 Testing: t_ack_rst_win
41/169 Test: t_ack_rst_win
Command: "/home/ubuntu/cs144_sponge/build/tests/fsm_ack_rst_win_relaxed"
Directory: /home/ubuntu/cs144_sponge/build
"t_ack_rst_win" start time: May 01 22:50 CST
Output:
----------------------------------------------------------
<end of output>
Test time =   0.00 sec
----------------------------------------------------------
Test Passed.
"t_ack_rst_win" end time: May 01 22:50 CST
"t_ack_rst_win" time elapsed: 00:00:00
----------------------------------------------------------

43/169 Testing: t_connect
43/169 Test: t_connect
Command: "/home/ubuntu/cs144_sponge/build/tests/fsm_connect_relaxed"
Directory: /home/ubuntu/cs144_sponge/build
"t_connect" start time: May 01 22:50 CST
Output:
----------------------------------------------------------
Warning: Unclean shutdown of TCPConnection
Warning: Unclean shutdown of TCPConnection
Warning: Unclean shutdown of TCPConnection
<end of output>
Test time =   0.00 sec
----------------------------------------------------------
Test Passed.
"t_connect" end time: May 01 22:50 CST
"t_connect" time elapsed: 00:00:00
----------------------------------------------------------

45/169 Testing: t_listen
45/169 Test: t_listen
Command: "/home/ubuntu/cs144_sponge/build/tests/fsm_listen_relaxed"
Directory: /home/ubuntu/cs144_sponge/build
"t_listen" start time: May 01 22:50 CST
Output:
----------------------------------------------------------
Warning: Unclean shutdown of TCPConnection
<end of output>
Test time =   0.00 sec
----------------------------------------------------------
Test Passed.
"t_listen" end time: May 01 22:50 CST
"t_listen" time elapsed: 00:00:00
----------------------------------------------------------

46/169 Testing: t_winsize
46/169 Test: t_winsize
Command: "/home/ubuntu/cs144_sponge/build/tests/fsm_winsize"
Directory: /home/ubuntu/cs144_sponge/build
"t_winsize" start time: May 01 22:50 CST
Output:
----------------------------------------------------------
Warning: Unclean shutdown of TCPConnection
Warning: Unclean shutdown of TCPConnection
Warning: Unclean shutdown of TCPConnection
Warning: Unclean shutdown of TCPConnection
Warning: Unclean shutdown of TCPConnection
Warning: Unclean shutdown of TCPConnection
Warning: Unclean shutdown of TCPConnection
Warning: Unclean shutdown of TCPConnection
Warning: Unclean shutdown of TCPConnection
Warning: Unclean shutdown of TCPConnection
Warning: Unclean shutdown of TCPConnection
Warning: Unclean shutdown of TCPConnection
Warning: Unclean shutdown of TCPConnection
Warning: Unclean shutdown of TCPConnection
Warning: Unclean shutdown of TCPConnection
Warning: Unclean shutdown of TCPConnection
Warning: Unclean shutdown of TCPConnection
Warning: Unclean shutdown of TCPConnection
Warning: Unclean shutdown of TCPConnection
Warning: Unclean shutdown of TCPConnection
Warning: Unclean shutdown of TCPConnection
Warning: Unclean shutdown of TCPConnection
Warning: Unclean shutdown of TCPConnection
Warning: Unclean shutdown of TCPConnection
Warning: Unclean shutdown of TCPConnection
Warning: Unclean shutdown of TCPConnection
Warning: Unclean shutdown of TCPConnection
Warning: Unclean shutdown of TCPConnection
Warning: Unclean shutdown of TCPConnection
Warning: Unclean shutdown of TCPConnection
Warning: Unclean shutdown of TCPConnection
Warning: Unclean shutdown of TCPConnection
<end of output>
Test time =   0.07 sec
----------------------------------------------------------
Test Passed.
"t_winsize" end time: May 01 22:50 CST
"t_winsize" time elapsed: 00:00:00
----------------------------------------------------------

48/169 Testing: t_retx
48/169 Test: t_retx
Command: "/home/ubuntu/cs144_sponge/build/tests/fsm_retx_relaxed"
Directory: /home/ubuntu/cs144_sponge/build
"t_retx" start time: May 01 22:50 CST
Output:
----------------------------------------------------------
  check_segment
  check_segment
  check_segment
  check_segment
  check_segment
  check_segment
  check_segment
  check_segment
  check_segment
<end of output>
Test time =   0.00 sec
----------------------------------------------------------
Test Passed.
"t_retx" end time: May 01 22:50 CST
"t_retx" time elapsed: 00:00:00
----------------------------------------------------------

49/169 Testing: t_retx_win
49/169 Test: t_retx_win
Command: "/home/ubuntu/cs144_sponge/build/tests/fsm_retx_win"
Directory: /home/ubuntu/cs144_sponge/build
"t_retx_win" start time: May 01 22:50 CST
Output:
----------------------------------------------------------
  check_segment
  check_segment
  check_segment
  check_segment
Warning: Unclean shutdown of TCPConnection
  check_segment
  check_segment
  check_segment
  check_segment
Warning: Unclean shutdown of TCPConnection
  check_segment
  check_segment
  check_segment
  check_segment
Warning: Unclean shutdown of TCPConnection
  check_segment
  check_segment
  check_segment
  check_segment
Warning: Unclean shutdown of TCPConnection
  check_segment
  check_segment
  check_segment
  check_segment
  check_segment
Warning: Unclean shutdown of TCPConnection
  check_segment
  check_segment
  check_segment
  check_segment
  check_segment
  check_segment
Warning: Unclean shutdown of TCPConnection
  check_segment
  check_segment
  check_segment
  check_segment
  check_segment
  check_segment
  check_segment
Warning: Unclean shutdown of TCPConnection
  check_segment
  check_segment
  check_segment
  check_segment
  check_segment
  check_segment
  check_segment
  check_segment
Warning: Unclean shutdown of TCPConnection
  check_segment
  check_segment
  check_segment
  check_segment
  check_segment
  check_segment
  check_segment
  check_segment
  check_segment
Warning: Unclean shutdown of TCPConnection
  check_segment
  check_segment
  check_segment
  check_segment
  check_segment
  check_segment
  check_segment
  check_segment
  check_segment
  check_segment
Warning: Unclean shutdown of TCPConnection
<end of output>
Test time =   0.01 sec
----------------------------------------------------------
Test Passed.
"t_retx_win" end time: May 01 22:50 CST
"t_retx_win" time elapsed: 00:00:00
----------------------------------------------------------

50/169 Testing: t_loopback
50/169 Test: t_loopback
Command: "/home/ubuntu/cs144_sponge/build/tests/fsm_loopback"
Directory: /home/ubuntu/cs144_sponge/build
"t_loopback" start time: May 01 22:50 CST
Output:
----------------------------------------------------------
Warning: Unclean shutdown of TCPConnection
Warning: Unclean shutdown of TCPConnection
Warning: Unclean shutdown of TCPConnection
Warning: Unclean shutdown of TCPConnection
Warning: Unclean shutdown of TCPConnection
Warning: Unclean shutdown of TCPConnection
Warning: Unclean shutdown of TCPConnection
Warning: Unclean shutdown of TCPConnection
Warning: Unclean shutdown of TCPConnection
Warning: Unclean shutdown of TCPConnection
Warning: Unclean shutdown of TCPConnection
Warning: Unclean shutdown of TCPConnection
Warning: Unclean shutdown of TCPConnection
Warning: Unclean shutdown of TCPConnection
Warning: Unclean shutdown of TCPConnection
Warning: Unclean shutdown of TCPConnection
Warning: Unclean shutdown of TCPConnection
Warning: Unclean shutdown of TCPConnection
Warning: Unclean shutdown of TCPConnection
Warning: Unclean shutdown of TCPConnection
Warning: Unclean shutdown of TCPConnection
Warning: Unclean shutdown of TCPConnection
Warning: Unclean shutdown of TCPConnection
Warning: Unclean shutdown of TCPConnection
Warning: Unclean shutdown of TCPConnection
Warning: Unclean shutdown of TCPConnection
Warning: Unclean shutdown of TCPConnection
Warning: Unclean shutdown of TCPConnection
Warning: Unclean shutdown of TCPConnection
Warning: Unclean shutdown of TCPConnection
Warning: Unclean shutdown of TCPConnection
Warning: Unclean shutdown of TCPConnection
Warning: Unclean shutdown of TCPConnection
Warning: Unclean shutdown of TCPConnection
Warning: Unclean shutdown of TCPConnection
Warning: Unclean shutdown of TCPConnection
Warning: Unclean shutdown of TCPConnection
Warning: Unclean shutdown of TCPConnection
Warning: Unclean shutdown of TCPConnection
Warning: Unclean shutdown of TCPConnection
Warning: Unclean shutdown of TCPConnection
Warning: Unclean shutdown of TCPConnection
Warning: Unclean shutdown of TCPConnection
Warning: Unclean shutdown of TCPConnection
Warning: Unclean shutdown of TCPConnection
Warning: Unclean shutdown of TCPConnection
Warning: Unclean shutdown of TCPConnection
Warning: Unclean shutdown of TCPConnection
Warning: Unclean shutdown of TCPConnection
Warning: Unclean shutdown of TCPConnection
Warning: Unclean shutdown of TCPConnection
Warning: Unclean shutdown of TCPConnection
Warning: Unclean shutdown of TCPConnection
Warning: Unclean shutdown of TCPConnection
Warning: Unclean shutdown of TCPConnection
Warning: Unclean shutdown of TCPConnection
Warning: Unclean shutdown of TCPConnection
Warning: Unclean shutdown of TCPConnection
Warning: Unclean shutdown of TCPConnection
Warning: Unclean shutdown of TCPConnection
Warning: Unclean shutdown of TCPConnection
Warning: Unclean shutdown of TCPConnection
Warning: Unclean shutdown of TCPConnection
Warning: Unclean shutdown of TCPConnection
<end of output>
Test time =   0.20 sec
----------------------------------------------------------
Test Passed.
"t_loopback" end time: May 01 22:50 CST
"t_loopback" time elapsed: 00:00:00
----------------------------------------------------------

51/169 Testing: t_loopback_win
51/169 Test: t_loopback_win
Command: "/home/ubuntu/cs144_sponge/build/tests/fsm_loopback_win"
Directory: /home/ubuntu/cs144_sponge/build
"t_loopback_win" start time: May 01 22:50 CST
Output:
----------------------------------------------------------
Warning: Unclean shutdown of TCPConnection
Warning: Unclean shutdown of TCPConnection
Warning: Unclean shutdown of TCPConnection
Warning: Unclean shutdown of TCPConnection
Warning: Unclean shutdown of TCPConnection
Warning: Unclean shutdown of TCPConnection
Warning: Unclean shutdown of TCPConnection
Warning: Unclean shutdown of TCPConnection
Warning: Unclean shutdown of TCPConnection
Warning: Unclean shutdown of TCPConnection
Warning: Unclean shutdown of TCPConnection
Warning: Unclean shutdown of TCPConnection
Warning: Unclean shutdown of TCPConnection
Warning: Unclean shutdown of TCPConnection
Warning: Unclean shutdown of TCPConnection
Warning: Unclean shutdown of TCPConnection
Warning: Unclean shutdown of TCPConnection
Warning: Unclean shutdown of TCPConnection
Warning: Unclean shutdown of TCPConnection
Warning: Unclean shutdown of TCPConnection
Warning: Unclean shutdown of TCPConnection
Warning: Unclean shutdown of TCPConnection
Warning: Unclean shutdown of TCPConnection
Warning: Unclean shutdown of TCPConnection
Warning: Unclean shutdown of TCPConnection
Warning: Unclean shutdown of TCPConnection
Warning: Unclean shutdown of TCPConnection
Warning: Unclean shutdown of TCPConnection
Warning: Unclean shutdown of TCPConnection
Warning: Unclean shutdown of TCPConnection
Warning: Unclean shutdown of TCPConnection
Warning: Unclean shutdown of TCPConnection
<end of output>
Test time =   0.10 sec
----------------------------------------------------------
Test Passed.
"t_loopback_win" end time: May 01 22:50 CST
"t_loopback_win" time elapsed: 00:00:00
----------------------------------------------------------

52/169 Testing: t_reorder
52/169 Test: t_reorder
Command: "/home/ubuntu/cs144_sponge/build/tests/fsm_reorder"
Directory: /home/ubuntu/cs144_sponge/build
"t_reorder" start time: May 01 22:50 CST
Output:
----------------------------------------------------------
Warning: Unclean shutdown of TCPConnection
Warning: Unclean shutdown of TCPConnection
Warning: Unclean shutdown of TCPConnection
Warning: Unclean shutdown of TCPConnection
Warning: Unclean shutdown of TCPConnection
Warning: Unclean shutdown of TCPConnection
Warning: Unclean shutdown of TCPConnection
Warning: Unclean shutdown of TCPConnection
Warning: Unclean shutdown of TCPConnection
Warning: Unclean shutdown of TCPConnection
Warning: Unclean shutdown of TCPConnection
Warning: Unclean shutdown of TCPConnection
Warning: Unclean shutdown of TCPConnection
Warning: Unclean shutdown of TCPConnection
Warning: Unclean shutdown of TCPConnection
Warning: Unclean shutdown of TCPConnection
Warning: Unclean shutdown of TCPConnection
Warning: Unclean shutdown of TCPConnection
Warning: Unclean shutdown of TCPConnection
Warning: Unclean shutdown of TCPConnection
Warning: Unclean shutdown of TCPConnection
Warning: Unclean shutdown of TCPConnection
Warning: Unclean shutdown of TCPConnection
Warning: Unclean shutdown of TCPConnection
Warning: Unclean shutdown of TCPConnection
Warning: Unclean shutdown of TCPConnection
Warning: Unclean shutdown of TCPConnection
Warning: Unclean shutdown of TCPConnection
Warning: Unclean shutdown of TCPConnection
Warning: Unclean shutdown of TCPConnection
Warning: Unclean shutdown of TCPConnection
Warning: Unclean shutdown of TCPConnection
Warning: Unclean shutdown of TCPConnection
Warning: Unclean shutdown of TCPConnection
Warning: Unclean shutdown of TCPConnection
Warning: Unclean shutdown of TCPConnection
Warning: Unclean shutdown of TCPConnection
Warning: Unclean shutdown of TCPConnection
Warning: Unclean shutdown of TCPConnection
Warning: Unclean shutdown of TCPConnection
Warning: Unclean shutdown of TCPConnection
Warning: Unclean shutdown of TCPConnection
Warning: Unclean shutdown of TCPConnection
Warning: Unclean shutdown of TCPConnection
Warning: Unclean shutdown of TCPConnection
Warning: Unclean shutdown of TCPConnection
Warning: Unclean shutdown of TCPConnection
Warning: Unclean shutdown of TCPConnection
Warning: Unclean shutdown of TCPConnection
Warning: Unclean shutdown of TCPConnection
Warning: Unclean shutdown of TCPConnection
Warning: Unclean shutdown of TCPConnection
Warning: Unclean shutdown of TCPConnection
Warning: Unclean shutdown of TCPConnection
Warning: Unclean shutdown of TCPConnection
Warning: Unclean shutdown of TCPConnection
Warning: Unclean shutdown of TCPConnection
Warning: Unclean shutdown of TCPConnection
Warning: Unclean shutdown of TCPConnection
Warning: Unclean shutdown of TCPConnection
Warning: Unclean shutdown of TCPConnection
Warning: Unclean shutdown of TCPConnection
Warning: Unclean shutdown of TCPConnection
Warning: Unclean shutdown of TCPConnection
<end of output>
Test time =   0.16 sec
----------------------------------------------------------
Test Passed.
"t_reorder" end time: May 01 22:50 CST
"t_reorder" time elapsed: 00:00:00
----------------------------------------------------------

53/169 Testing: t_address_dt
53/169 Test: t_address_dt
Command: "/home/ubuntu/cs144_sponge/build/doctests/address_dt"
Directory: /home/ubuntu/cs144_sponge/build
"t_address_dt" start time: May 01 22:50 CST
Output:
----------------------------------------------------------
<end of output>
Test time =   0.01 sec
----------------------------------------------------------
Test Passed.
"t_address_dt" end time: May 01 22:50 CST
"t_address_dt" time elapsed: 00:00:00
----------------------------------------------------------

54/169 Testing: t_parser_dt
54/169 Test: t_parser_dt
Command: "/home/ubuntu/cs144_sponge/build/doctests/parser_dt"
Directory: /home/ubuntu/cs144_sponge/build
"t_parser_dt" start time: May 01 22:50 CST
Output:
----------------------------------------------------------
<end of output>
Test time =   0.00 sec
----------------------------------------------------------
Test Passed.
"t_parser_dt" end time: May 01 22:50 CST
"t_parser_dt" time elapsed: 00:00:00
----------------------------------------------------------

55/169 Testing: t_socket_dt
55/169 Test: t_socket_dt
Command: "/home/ubuntu/cs144_sponge/build/doctests/socket_dt"
Directory: /home/ubuntu/cs144_sponge/build
"t_socket_dt" start time: May 01 22:50 CST
Output:
----------------------------------------------------------
<end of output>
Test time =   0.01 sec
----------------------------------------------------------
Test Passed.
"t_socket_dt" end time: May 01 22:50 CST
"t_socket_dt" time elapsed: 00:00:00
----------------------------------------------------------

56/169 Testing: t_udp_client_send
56/169 Test: t_udp_client_send
Command: "/home/ubuntu/cs144_sponge/txrx.sh" "-ucS"
Directory: /home/ubuntu/cs144_sponge/build
"t_udp_client_send" start time: May 01 22:50 CST
Output:
----------------------------------------------------------
DEBUG: Listening for incoming connection...
DEBUG: Connecting to 169.254.144.1:32988...
Successfully connected to 169.254.144.1:32988.
New connection from 169.254.144.1:36067.
DEBUG: Outbound stream to 169.254.144.1:36067 finished (1 byte still in flight).
DEBUG: Inbound stream from 169.254.144.1:32988 finished cleanly.
DEBUG: Outbound stream to 169.254.144.1:36067 has been fully acknowledged.
DEBUG: Outbound stream to 169.254.144.1:32988 finished (33 bytes still in flight).
DEBUG: Waiting for clean shutdown... DEBUG: Waiting for clean shutdown... DEBUG: Inbound stream from 169.254.144.1:36067 finished cleanly.
DEBUG: Waiting for lingering segments (e.g. retransmissions of FIN) from peer...
DEBUG: Outbound stream to 169.254.144.1:32988 has been fully acknowledged.
DEBUG: TCP connection finished cleanly.
done.
DEBUG: TCP connection finished cleanly.
done.
<end of output>
Test time =   0.26 sec
----------------------------------------------------------
Test Passed.
"t_udp_client_send" end time: May 01 22:50 CST
"t_udp_client_send" time elapsed: 00:00:00
----------------------------------------------------------

57/169 Testing: t_udp_server_send
57/169 Test: t_udp_server_send
Command: "/home/ubuntu/cs144_sponge/txrx.sh" "-usS"
Directory: /home/ubuntu/cs144_sponge/build
"t_udp_server_send" start time: May 01 22:50 CST
Output:
----------------------------------------------------------
DEBUG: Listening for incoming connection...
DEBUG: Connecting to 169.254.144.1:10575...
Successfully connected to 169.254.144.1:10575.
New connection from 169.254.144.1:44906.
DEBUG: Outbound stream to 169.254.144.1:10575 finished (1 byte still in flight).
DEBUG: Inbound stream from 169.254.144.1:44906 finished cleanly.
DEBUG: Outbound stream to 169.254.144.1:10575 has been fully acknowledged.
DEBUG: Waiting for clean shutdown... DEBUG: Outbound stream to 169.254.144.1:44906 finished (33 bytes still in flight).
DEBUG: Inbound stream from 169.254.144.1:10575 finished cleanly.
DEBUG: Waiting for lingering segments (e.g. retransmissions of FIN) from peer...
DEBUG: Waiting for clean shutdown... DEBUG: Outbound stream to 169.254.144.1:44906 has been fully acknowledged.
DEBUG: TCP connection finished cleanly.
done.
DEBUG: TCP connection finished cleanly.
done.
<end of output>
Test time =   0.24 sec
----------------------------------------------------------
Test Passed.
"t_udp_server_send" end time: May 01 22:50 CST
"t_udp_server_send" time elapsed: 00:00:00
----------------------------------------------------------

58/169 Testing: t_udp_client_recv
58/169 Test: t_udp_client_recv
Command: "/home/ubuntu/cs144_sponge/txrx.sh" "-ucR"
Directory: /home/ubuntu/cs144_sponge/build
"t_udp_client_recv" start time: May 01 22:50 CST
Output:
----------------------------------------------------------
DEBUG: Listening for incoming connection...
DEBUG: Connecting to 169.254.144.1:21703...
Successfully connected to 169.254.144.1:21703.
New connection from 169.254.144.1:58805.
DEBUG: Outbound stream to 169.254.144.1:21703 finished (1 byte still in flight).
DEBUG: Outbound stream to 169.254.144.1:58805 finished (33 bytes still in flight).
DEBUG: Waiting for clean shutdown... DEBUG: Inbound stream from 169.254.144.1:58805 finished cleanly.
DEBUG: Outbound stream to 169.254.144.1:21703 has been fully acknowledged.
DEBUG: Inbound stream from 169.254.144.1:21703 finished cleanly.
DEBUG: Waiting for lingering segments (e.g. retransmissions of FIN) from peer...
DEBUG: Outbound stream to 169.254.144.1:58805 has been fully acknowledged.
DEBUG: TCP connection finished cleanly.
done.
DEBUG: Waiting for clean shutdown... DEBUG: TCP connection finished cleanly.
done.
<end of output>
Test time =   0.24 sec
----------------------------------------------------------
Test Passed.
"t_udp_client_recv" end time: May 01 22:50 CST
"t_udp_client_recv" time elapsed: 00:00:00
----------------------------------------------------------

59/169 Testing: t_udp_server_recv
59/169 Test: t_udp_server_recv
Command: "/home/ubuntu/cs144_sponge/txrx.sh" "-usR"
Directory: /home/ubuntu/cs144_sponge/build
"t_udp_server_recv" start time: May 01 22:50 CST
Output:
----------------------------------------------------------
DEBUG: Listening for incoming connection...
DEBUG: Connecting to 169.254.144.1:23933...
Successfully connected to 169.254.144.1:23933.
New connection from 169.254.144.1:46128.
DEBUG: Outbound stream to 169.254.144.1:46128 finished (1 byte still in flight).
DEBUG: Inbound stream from 169.254.144.1:23933 finished cleanly.
DEBUG: Outbound stream to 169.254.144.1:46128 has been fully acknowledged.
DEBUG: Outbound stream to 169.254.144.1:23933 finished (DEBUG: Waiting for clean shutdown... 33 bytes still in flight).
DEBUG: Waiting for clean shutdown... DEBUG: Inbound stream from 169.254.144.1:46128 finished cleanly.
DEBUG: Waiting for lingering segments (e.g. retransmissions of FIN) from peer...
DEBUG: Outbound stream to 169.254.144.1:23933 has been fully acknowledged.
DEBUG: TCP connection finished cleanly.
done.
DEBUG: TCP connection finished cleanly.
done.
<end of output>
Test time =   0.24 sec
----------------------------------------------------------
Test Passed.
"t_udp_server_recv" end time: May 01 22:50 CST
"t_udp_server_recv" time elapsed: 00:00:00
----------------------------------------------------------

60/169 Testing: t_udp_client_dupl
60/169 Test: t_udp_client_dupl
Command: "/home/ubuntu/cs144_sponge/txrx.sh" "-ucD"
Directory: /home/ubuntu/cs144_sponge/build
"t_udp_client_dupl" start time: May 01 22:50 CST
Output:
----------------------------------------------------------
DEBUG: Listening for incoming connection...
DEBUG: Connecting to 169.254.144.1:27046...
Successfully connected to 169.254.144.1:27046.
New connection from 169.254.144.1:58009.
DEBUG: Outbound stream to 169.254.144.1:27046 finished (33 bytes still in flight).
DEBUG: Outbound stream to 169.254.144.1:58009 finished (33 bytes still in flight).
DEBUG: Waiting for clean shutdown... DEBUG: Inbound stream from 169.254.144.1:58009 finished cleanly.
DEBUG: Outbound stream to 169.254.144.1:27046 has been fully acknowledged.
DEBUG: Inbound stream from 169.254.144.1:27046 finished cleanly.
DEBUG: Waiting for lingering segments (e.g. retransmissions of FIN) from peer...
DEBUG: Outbound stream to 169.254.144.1:58009 has been fully acknowledged.
DEBUG: TCP connection finished cleanly.
done.
DEBUG: Waiting for clean shutdown... DEBUG: TCP connection finished cleanly.
done.
<end of output>
Test time =   0.25 sec
----------------------------------------------------------
Test Passed.
"t_udp_client_dupl" end time: May 01 22:50 CST
"t_udp_client_dupl" time elapsed: 00:00:00
----------------------------------------------------------

61/169 Testing: t_udp_server_dupl
61/169 Test: t_udp_server_dupl
Command: "/home/ubuntu/cs144_sponge/txrx.sh" "-usD"
Directory: /home/ubuntu/cs144_sponge/build
"t_udp_server_dupl" start time: May 01 22:50 CST
Output:
----------------------------------------------------------
DEBUG: Listening for incoming connection...
DEBUG: Connecting to 169.254.144.1:23852...
Successfully connected to 169.254.144.1:23852.
New connection from 169.254.144.1:44423.
DEBUG: Outbound stream to 169.254.144.1:23852 finished (33 bytes still in flight).
DEBUG: Outbound stream to 169.254.144.1:44423 finished (33 bytes still in flight).
DEBUG: Waiting for clean shutdown... DEBUG: Inbound stream from 169.254.144.1:44423 finished cleanly.
DEBUG: Outbound stream to 169.254.144.1:23852 has been fully acknowledged.
DEBUG: Inbound stream from 169.254.144.1:23852 finished cleanly.
DEBUG: Waiting for lingering segments (e.g. retransmissions of FIN) from peer...
DEBUG: Outbound stream to 169.254.144.1:44423 has been fully acknowledged.
DEBUG: TCP connection finished cleanly.
done.
DEBUG: Waiting for clean shutdown... DEBUG: TCP connection finished cleanly.
done.
<end of output>
Test time =   0.25 sec
----------------------------------------------------------
Test Passed.
"t_udp_server_dupl" end time: May 01 22:50 CST
"t_udp_server_dupl" time elapsed: 00:00:00
----------------------------------------------------------

62/169 Testing: t_ucS_1M_32k
62/169 Test: t_ucS_1M_32k
Command: "/home/ubuntu/cs144_sponge/txrx.sh" "-ucSd" "1M" "-w" "32K"
Directory: /home/ubuntu/cs144_sponge/build
"t_ucS_1M_32k" start time: May 01 22:50 CST
Output:
----------------------------------------------------------
DEBUG: Listening for incoming connection...
DEBUG: Connecting to 169.254.144.1:24695...
Successfully connected to 169.254.144.1:24695.
New connection from 169.254.144.1:44717.
DEBUG: Outbound stream to 169.254.144.1:44717 finished (1 byte still in flight).
DEBUG: Inbound stream from 169.254.144.1:24695 finished cleanly.
DEBUG: Outbound stream to 169.254.144.1:44717 has been fully acknowledged.
DEBUG: Waiting for clean shutdown... DEBUG: Outbound stream to 169.254.144.1:24695 finished (31768 bytes still in flight).
DEBUG: Inbound stream from 169.254.144.1:44717 finished cleanly.
DEBUG: Waiting for lingering segments (e.g. retransmissions of FIN) from peer...
DEBUG: Outbound stream to 169.254.144.1:24695 has been fully acknowledged.
DEBUG: TCP connection finished cleanly.
done.
DEBUG: Waiting for clean shutdown... DEBUG: TCP connection finished cleanly.
done.
<end of output>
Test time =   0.39 sec
----------------------------------------------------------
Test Passed.
"t_ucS_1M_32k" end time: May 01 22:50 CST
"t_ucS_1M_32k" time elapsed: 00:00:00
----------------------------------------------------------

63/169 Testing: t_ucS_128K_8K
63/169 Test: t_ucS_128K_8K
Command: "/home/ubuntu/cs144_sponge/txrx.sh" "-ucSd" "128K" "-w" "8K"
Directory: /home/ubuntu/cs144_sponge/build
"t_ucS_128K_8K" start time: May 01 22:50 CST
Output:
----------------------------------------------------------
DEBUG: Listening for incoming connection...
DEBUG: Connecting to 169.254.144.1:9605...
Successfully connected to 169.254.144.1:9605.
New connection from 169.254.144.1:34849.
DEBUG: Outbound stream to 169.254.144.1:34849 finished (1 byte still in flight).
DEBUG: Inbound stream from 169.254.144.1:9605 finished cleanly.
DEBUG: Outbound stream to 169.254.144.1:34849 has been fully acknowledged.
DEBUG: Outbound stream to 169.254.144.1:9605 finished (6192 bytes still in flight).
DEBUG: Waiting for clean shutdown... DEBUG: Waiting for clean shutdown... DEBUG: Inbound stream from 169.254.144.1:34849 finished cleanly.
DEBUG: Waiting for lingering segments (e.g. retransmissions of FIN) from peer...
DEBUG: Outbound stream to 169.254.144.1:9605 has been fully acknowledged.
DEBUG: TCP connection finished cleanly.
done.
DEBUG: TCP connection finished cleanly.
done.
<end of output>
Test time =   0.26 sec
----------------------------------------------------------
Test Passed.
"t_ucS_128K_8K" end time: May 01 22:50 CST
"t_ucS_128K_8K" time elapsed: 00:00:00
----------------------------------------------------------

64/169 Testing: t_ucS_16_1
64/169 Test: t_ucS_16_1
Command: "/home/ubuntu/cs144_sponge/txrx.sh" "-ucSd" "16" "-w" "1"
Directory: /home/ubuntu/cs144_sponge/build
"t_ucS_16_1" start time: May 01 22:50 CST
Output:
----------------------------------------------------------
DEBUG: Listening for incoming connection...
DEBUG: Connecting to 169.254.144.1:1265...
Successfully connected to 169.254.144.1:1265.
New connection from 169.254.144.1:36326.
DEBUG: Outbound stream to 169.254.144.1:36326 finished (1 byte still in flight).
DEBUG: Inbound stream from 169.254.144.1:1265 finished cleanly.
DEBUG: Outbound stream to 169.254.144.1:36326 has been fully acknowledged.
DEBUG: Outbound stream to 169.254.144.1:1265 finished (1 byte still in flight).
DEBUG: Waiting for clean shutdown... DEBUG: Waiting for clean shutdown... DEBUG: Inbound stream from 169.254.144.1:36326 finished cleanly.
DEBUG: Waiting for lingering segments (e.g. retransmissions of FIN) from peer...
DEBUG: Outbound stream to 169.254.144.1:1265 has been fully acknowledged.
DEBUG: TCP connection finished cleanly.
done.
DEBUG: TCP connection finished cleanly.
done.
<end of output>
Test time =   0.25 sec
----------------------------------------------------------
Test Passed.
"t_ucS_16_1" end time: May 01 22:50 CST
"t_ucS_16_1" time elapsed: 00:00:00
----------------------------------------------------------

65/169 Testing: t_ucS_32K_d
65/169 Test: t_ucS_32K_d
Command: "/home/ubuntu/cs144_sponge/txrx.sh" "-ucSd" "32K"
Directory: /home/ubuntu/cs144_sponge/build
"t_ucS_32K_d" start time: May 01 22:50 CST
Output:
----------------------------------------------------------
DEBUG: Listening for incoming connection...
DEBUG: Connecting to 169.254.144.1:3744...
Successfully connected to 169.254.144.1:3744.
New connection from 169.254.144.1:56136.
DEBUG: Outbound stream to 169.254.144.1:56136 finished (1 byte still in flight).
DEBUG: Inbound stream from 169.254.144.1:3744 finished cleanly.
DEBUG: Outbound stream to 169.254.144.1:56136 has been fully acknowledged.
DEBUG: Waiting for clean shutdown... DEBUG: Outbound stream to 169.254.144.1:3744 finished (32769 bytes still in flight).
DEBUG: Waiting for clean shutdown... DEBUG: Inbound stream from 169.254.144.1:56136 finished cleanly.
DEBUG: Waiting for lingering segments (e.g. retransmissions of FIN) from peer...
DEBUG: Outbound stream to 169.254.144.1:3744 has been fully acknowledged.
DEBUG: TCP connection finished cleanly.
done.
DEBUG: TCP connection finished cleanly.
done.
<end of output>
Test time =   0.25 sec
----------------------------------------------------------
Test Passed.
"t_ucS_32K_d" end time: May 01 22:50 CST
"t_ucS_32K_d" time elapsed: 00:00:00
----------------------------------------------------------

66/169 Testing: t_ucR_1M_32k
66/169 Test: t_ucR_1M_32k
Command: "/home/ubuntu/cs144_sponge/txrx.sh" "-ucRd" "1M" "-w" "32K"
Directory: /home/ubuntu/cs144_sponge/build
"t_ucR_1M_32k" start time: May 01 22:50 CST
Output:
----------------------------------------------------------
DEBUG: Listening for incoming connection...
DEBUG: Connecting to 169.254.144.1:30916...
Successfully connected to 169.254.144.1:30916.
DEBUG: Outbound stream to 169.254.144.1:30916 finished (1 byte still in flight).
New connection from 169.254.144.1:38143.
DEBUG: Inbound stream from 169.254.144.1:38143 finished cleanly.
DEBUG: Outbound stream to 169.254.144.1:30916 has been fully acknowledged.
DEBUG: Waiting for clean shutdown... DEBUG: Outbound stream to 169.254.144.1:38143 finished (31768 bytes still in flight).
DEBUG: Waiting for clean shutdown... DEBUG: Inbound stream from 169.254.144.1:30916 finished cleanly.
DEBUG: Waiting for lingering segments (e.g. retransmissions of FIN) from peer...
DEBUG: Outbound stream to 169.254.144.1:38143 has been fully acknowledged.
DEBUG: TCP connection finished cleanly.
done.
DEBUG: TCP connection finished cleanly.
done.
<end of output>
Test time =   0.42 sec
----------------------------------------------------------
Test Passed.
"t_ucR_1M_32k" end time: May 01 22:50 CST
"t_ucR_1M_32k" time elapsed: 00:00:00
----------------------------------------------------------

67/169 Testing: t_ucR_128K_8K
67/169 Test: t_ucR_128K_8K
Command: "/home/ubuntu/cs144_sponge/txrx.sh" "-ucRd" "128K" "-w" "8K"
Directory: /home/ubuntu/cs144_sponge/build
"t_ucR_128K_8K" start time: May 01 22:50 CST
Output:
----------------------------------------------------------
DEBUG: Listening for incoming connection...
DEBUG: Connecting to 169.254.144.1:30891...
Successfully connected to 169.254.144.1:30891.
New connection from 169.254.144.1:55228.
DEBUG: Outbound stream to 169.254.144.1:30891 finished (1 byte still in flight).
DEBUG: Inbound stream from 169.254.144.1:55228 finished cleanly.
DEBUG: Outbound stream to 169.254.144.1:30891 has been fully acknowledged.
DEBUG: Waiting for clean shutdown... DEBUG: Outbound stream to 169.254.144.1:55228 finished (7192 bytes still in flight).
DEBUG: Inbound stream from 169.254.144.1:30891 finished cleanly.
DEBUG: Waiting for lingering segments (e.g. retransmissions of FIN) from peer...
DEBUG: Outbound stream to 169.254.144.1:55228 has been fully acknowledged.
DEBUG: TCP connection finished cleanly.
done.
DEBUG: Waiting for clean shutdown... DEBUG: TCP connection finished cleanly.
done.
<end of output>
Test time =   0.29 sec
----------------------------------------------------------
Test Passed.
"t_ucR_128K_8K" end time: May 01 22:50 CST
"t_ucR_128K_8K" time elapsed: 00:00:00
----------------------------------------------------------

68/169 Testing: t_ucR_16_1
68/169 Test: t_ucR_16_1
Command: "/home/ubuntu/cs144_sponge/txrx.sh" "-ucRd" "16" "-w" "1"
Directory: /home/ubuntu/cs144_sponge/build
"t_ucR_16_1" start time: May 01 22:50 CST
Output:
----------------------------------------------------------
DEBUG: Listening for incoming connection...
DEBUG: Connecting to 169.254.144.1:15182...
Successfully connected to 169.254.144.1:15182.
DEBUG: Outbound stream to 169.254.144.1:15182 finished (1 byte still in flight).
New connection from 169.254.144.1:50330.
DEBUG: Outbound stream to 169.254.144.1:50330 finished (1 byte still in flight).
DEBUG: Waiting for clean shutdown... DEBUG: Inbound stream from 169.254.144.1:50330 finished cleanly.
DEBUG: Outbound stream to 169.254.144.1:15182 has been fully acknowledged.
DEBUG: Waiting for clean shutdown... DEBUG: Inbound stream from 169.254.144.1:15182 finished cleanly.
DEBUG: Waiting for lingering segments (e.g. retransmissions of FIN) from peer...
DEBUG: Outbound stream to 169.254.144.1:50330 has been fully acknowledged.
DEBUG: TCP connection finished cleanly.
done.
DEBUG: TCP connection finished cleanly.
done.
<end of output>
Test time =   0.25 sec
----------------------------------------------------------
Test Passed.
"t_ucR_16_1" end time: May 01 22:50 CST
"t_ucR_16_1" time elapsed: 00:00:00
----------------------------------------------------------

69/169 Testing: t_ucR_32K_d
69/169 Test: t_ucR_32K_d
Command: "/home/ubuntu/cs144_sponge/txrx.sh" "-ucRd" "32K"
Directory: /home/ubuntu/cs144_sponge/build
"t_ucR_32K_d" start time: May 01 22:50 CST
Output:
----------------------------------------------------------
DEBUG: Listening for incoming connection...
DEBUG: Connecting to 169.254.144.1:28471...
Successfully connected to 169.254.144.1:28471.
New connection from 169.254.144.1:41982.
DEBUG: Outbound stream to 169.254.144.1:28471 finished (1 byte still in flight).
DEBUG: Outbound stream to 169.254.144.1:41982 finished (32769 bytes still in flight).
DEBUG: Waiting for clean shutdown... DEBUG: Inbound stream from 169.254.144.1:41982 finished cleanly.
DEBUG: Outbound stream to 169.254.144.1:28471 has been fully acknowledged.
DEBUG: Outbound stream to 169.254.144.1:41982 has been fully acknowledged.
DEBUG: TCP connection finished cleanly.
done.
DEBUG: Inbound stream from 169.254.144.1:28471 finished cleanly.
DEBUG: Waiting for lingering segments (e.g. retransmissions of FIN) from peer...
DEBUG: Waiting for clean shutdown... DEBUG: TCP connection finished cleanly.
done.
<end of output>
Test time =   0.25 sec
----------------------------------------------------------
Test Passed.
"t_ucR_32K_d" end time: May 01 22:50 CST
"t_ucR_32K_d" time elapsed: 00:00:00
----------------------------------------------------------

70/169 Testing: t_ucD_1M_32k
70/169 Test: t_ucD_1M_32k
Command: "/home/ubuntu/cs144_sponge/txrx.sh" "-ucDd" "1M" "-w" "32K"
Directory: /home/ubuntu/cs144_sponge/build
"t_ucD_1M_32k" start time: May 01 22:50 CST
Output:
----------------------------------------------------------
DEBUG: Listening for incoming connection...
DEBUG: Connecting to 169.254.144.1:30533...
Successfully connected to 169.254.144.1:30533.
New connection from 169.254.144.1:45129.
DEBUG: Outbound stream to 169.254.144.1:30533 finished (31768 bytes still in flight).
DEBUG: Outbound stream to 169.254.144.1:45129 finished (32768 bytes still in flight).
DEBUG: Waiting for clean shutdown... DEBUG: Inbound stream from 169.254.144.1:45129 finished cleanly.
DEBUG: Outbound stream to 169.254.144.1:30533 has been fully acknowledged.
DEBUG: Waiting for clean shutdown... DEBUG: Inbound stream from 169.254.144.1:30533 finished cleanly.
DEBUG: Waiting for lingering segments (e.g. retransmissions of FIN) from peer...
DEBUG: Outbound stream to 169.254.144.1:45129 has been fully acknowledged.
DEBUG: TCP connection finished cleanly.
done.
DEBUG: TCP connection finished cleanly.
done.
<end of output>
Test time =   0.40 sec
----------------------------------------------------------
Test Passed.
"t_ucD_1M_32k" end time: May 01 22:50 CST
"t_ucD_1M_32k" time elapsed: 00:00:00
----------------------------------------------------------

71/169 Testing: t_ucD_128K_8K
71/169 Test: t_ucD_128K_8K
Command: "/home/ubuntu/cs144_sponge/txrx.sh" "-ucDd" "128K" "-w" "8K"
Directory: /home/ubuntu/cs144_sponge/build
"t_ucD_128K_8K" start time: May 01 22:50 CST
Output:
----------------------------------------------------------
DEBUG: Listening for incoming connection...
DEBUG: Connecting to 169.254.144.1:28477...
Successfully connected to 169.254.144.1:28477.
New connection from 169.254.144.1:59389.
DEBUG: Outbound stream to 169.254.144.1:28477 finished (7192 bytes still in flight).
DEBUG: Outbound stream to 169.254.144.1:59389 finished (7192 bytes still in flight).
DEBUG: Waiting for clean shutdown... DEBUG: Inbound stream from 169.254.144.1:28477 finished cleanly.
DEBUG: Inbound stream from DEBUG: Waiting for clean shutdown... 169.254.144.1:59389 finished cleanly.
DEBUG: Outbound stream to 169.254.144.1:59389 has been fully acknowledged.
DEBUG: Outbound stream to 169.254.144.1:28477 has been fully acknowledged.
DEBUG: TCP connection finished cleanly.
done.
DEBUG: TCP connection finished cleanly.
done.
<end of output>
Test time =   0.28 sec
----------------------------------------------------------
Test Passed.
"t_ucD_128K_8K" end time: May 01 22:50 CST
"t_ucD_128K_8K" time elapsed: 00:00:00
----------------------------------------------------------

72/169 Testing: t_ucD_16_1
72/169 Test: t_ucD_16_1
Command: "/home/ubuntu/cs144_sponge/txrx.sh" "-ucDd" "16" "-w" "1"
Directory: /home/ubuntu/cs144_sponge/build
"t_ucD_16_1" start time: May 01 22:50 CST
Output:
----------------------------------------------------------
DEBUG: Listening for incoming connection...
DEBUG: Connecting to 169.254.144.1:30101...
Successfully connected to 169.254.144.1:30101.
New connection from 169.254.144.1:54231.
DEBUG: Outbound stream to 169.254.144.1:30101 finished (1 byte still in flight).
DEBUG: Outbound stream to 169.254.144.1:54231 finished (1 byte still in flight).
DEBUG: Outbound stream to 169.254.144.1:30101 has been fully acknowledged.
DEBUG: Waiting for clean shutdown... DEBUG: Inbound stream from 169.254.144.1:54231 finished cleanly.
DEBUG: Inbound stream from 169.254.144.1:30101 finished cleanly.
DEBUG: Waiting for lingering segments (e.g. retransmissions of FIN) from peer...
DEBUG: Waiting for clean shutdown... DEBUG: Outbound stream to 169.254.144.1:54231 has been fully acknowledged.
DEBUG: TCP connection finished cleanly.
done.
DEBUG: TCP connection finished cleanly.
done.
<end of output>
Test time =   0.25 sec
----------------------------------------------------------
Test Passed.
"t_ucD_16_1" end time: May 01 22:50 CST
"t_ucD_16_1" time elapsed: 00:00:00
----------------------------------------------------------

73/169 Testing: t_ucD_32K_d
73/169 Test: t_ucD_32K_d
Command: "/home/ubuntu/cs144_sponge/txrx.sh" "-ucDd" "32K"
Directory: /home/ubuntu/cs144_sponge/build
"t_ucD_32K_d" start time: May 01 22:50 CST
Output:
----------------------------------------------------------
DEBUG: Listening for incoming connection...
DEBUG: Connecting to 169.254.144.1:4063...
Successfully connected to 169.254.144.1:4063.
New connection from 169.254.144.1:56870.
DEBUG: Outbound stream to 169.254.144.1:4063 finished (32769 bytes still in flight).
DEBUG: Outbound stream to 169.254.144.1:56870 finished (32769 bytes still in flight).
DEBUG: Inbound stream from 169.254.144.1:4063 finished cleanly.
DEBUG: Waiting for clean shutdown... DEBUG: Inbound stream from 169.254.144.1:56870 finished cleanly.
DEBUG: Outbound stream to 169.254.144.1:4063 has been fully acknowledged.
DEBUG: Outbound stream to 169.254.144.1:56870 has been fully acknowledged.
DEBUG: Waiting for clean shutdown... DEBUG: TCP connection finished cleanly.
done.
DEBUG: TCP connection finished cleanly.
done.
<end of output>
Test time =   0.26 sec
----------------------------------------------------------
Test Passed.
"t_ucD_32K_d" end time: May 01 22:50 CST
"t_ucD_32K_d" time elapsed: 00:00:00
----------------------------------------------------------

74/169 Testing: t_usS_1M_32k
74/169 Test: t_usS_1M_32k
Command: "/home/ubuntu/cs144_sponge/txrx.sh" "-usSd" "1M" "-w" "32K"
Directory: /home/ubuntu/cs144_sponge/build
"t_usS_1M_32k" start time: May 01 22:50 CST
Output:
----------------------------------------------------------
DEBUG: Listening for incoming connection...
DEBUG: Connecting to 169.254.144.1:29961...
Successfully connected to 169.254.144.1:29961.
New connection from 169.254.144.1:42302.
DEBUG: Outbound stream to 169.254.144.1:29961 finished (1 byte still in flight).
DEBUG: Inbound stream from 169.254.144.1:42302 finished cleanly.
DEBUG: Outbound stream to 169.254.144.1:29961 has been fully acknowledged.
DEBUG: Waiting for clean shutdown... DEBUG: Outbound stream to 169.254.144.1:42302 finished (31768 bytes still in flight).
DEBUG: Outbound stream to 169.254.144.1:42302 has been fully acknowledged.
DEBUG: TCP connection finished cleanly.
done.
DEBUG: Inbound stream from 169.254.144.1:29961 finished cleanly.
DEBUG: Waiting for lingering segments (e.g. retransmissions of FIN) from peer...
DEBUG: Waiting for clean shutdown... DEBUG: TCP connection finished cleanly.
done.
<end of output>
Test time =   0.48 sec
----------------------------------------------------------
Test Passed.
"t_usS_1M_32k" end time: May 01 22:50 CST
"t_usS_1M_32k" time elapsed: 00:00:00
----------------------------------------------------------

75/169 Testing: t_usS_128K_8K
75/169 Test: t_usS_128K_8K
Command: "/home/ubuntu/cs144_sponge/txrx.sh" "-usSd" "128K" "-w" "8K"
Directory: /home/ubuntu/cs144_sponge/build
"t_usS_128K_8K" start time: May 01 22:50 CST
Output:
----------------------------------------------------------
DEBUG: Listening for incoming connection...
DEBUG: Connecting to 169.254.144.1:3618...
Successfully connected to 169.254.144.1:3618.
New connection from 169.254.144.1:44092.
DEBUG: Outbound stream to 169.254.144.1:3618 finished (1 byte still in flight).
DEBUG: Inbound stream from 169.254.144.1:44092 finished cleanly.
DEBUG: Outbound stream to 169.254.144.1:3618 has been fully acknowledged.
DEBUG: Waiting for clean shutdown... DEBUG: Outbound stream to 169.254.144.1:44092 finished (7192 bytes still in flight).
DEBUG: Inbound stream from 169.254.144.1:3618 finished cleanly.
DEBUG: Waiting for lingering segments (e.g. retransmissions of FIN) from peer...
DEBUG: Waiting for clean shutdown... DEBUG: Outbound stream to 169.254.144.1:44092 has been fully acknowledged.
DEBUG: TCP connection finished cleanly.
done.
DEBUG: TCP connection finished cleanly.
done.
<end of output>
Test time =   0.28 sec
----------------------------------------------------------
Test Passed.
"t_usS_128K_8K" end time: May 01 22:50 CST
"t_usS_128K_8K" time elapsed: 00:00:00
----------------------------------------------------------

76/169 Testing: t_usS_16_1
76/169 Test: t_usS_16_1
Command: "/home/ubuntu/cs144_sponge/txrx.sh" "-usSd" "16" "-w" "1"
Directory: /home/ubuntu/cs144_sponge/build
"t_usS_16_1" start time: May 01 22:50 CST
Output:
----------------------------------------------------------
DEBUG: Listening for incoming connection...
DEBUG: Connecting to 169.254.144.1:16744...
Successfully connected to 169.254.144.1:16744.
New connection from 169.254.144.1:45067.
DEBUG: Outbound stream to 169.254.144.1:16744 finished (1 byte still in flight).
DEBUG: Inbound stream from 169.254.144.1:45067 finished cleanly.
DEBUG: Outbound stream to 169.254.144.1:16744 has been fully acknowledged.
DEBUG: Outbound stream to 169.254.144.1:45067 finished (1 byte still in flight).
DEBUG: Waiting for clean shutdown... DEBUG: Inbound stream from 169.254.144.1:16744 finished cleanly.
DEBUG: Waiting for lingering segments (e.g. retransmissions of FIN) from peer...
DEBUG: Waiting for clean shutdown... DEBUG: Outbound stream to 169.254.144.1:45067 has been fully acknowledged.
DEBUG: TCP connection finished cleanly.
done.
DEBUG: TCP connection finished cleanly.
done.
<end of output>
Test time =   0.25 sec
----------------------------------------------------------
Test Passed.
"t_usS_16_1" end time: May 01 22:50 CST
"t_usS_16_1" time elapsed: 00:00:00
----------------------------------------------------------

77/169 Testing: t_usS_32K_d
77/169 Test: t_usS_32K_d
Command: "/home/ubuntu/cs144_sponge/txrx.sh" "-usSd" "32K"
Directory: /home/ubuntu/cs144_sponge/build
"t_usS_32K_d" start time: May 01 22:50 CST
Output:
----------------------------------------------------------
DEBUG: Listening for incoming connection...
DEBUG: Connecting to 169.254.144.1:12019...
Successfully connected to 169.254.144.1:12019.
New connection from 169.254.144.1:51078.
DEBUG: Outbound stream to 169.254.144.1:12019 finished (1 byte still in flight).
DEBUG: Outbound stream to 169.254.144.1:51078 finished (32769 bytes still in flight).
DEBUG: Inbound stream from 169.254.144.1:51078 finished cleanly.
DEBUG: Outbound stream to 169.254.144.1:12019 has been fully acknowledged.
DEBUG: Waiting for clean shutdown... DEBUG: Waiting for clean shutdown... DEBUG: Inbound stream from 169.254.144.1:12019 finished cleanly.
DEBUG: Waiting for lingering segments (e.g. retransmissions of FIN) from peer...
DEBUG: Outbound stream to 169.254.144.1:51078 has been fully acknowledged.
DEBUG: TCP connection finished cleanly.
done.
DEBUG: TCP connection finished cleanly.
done.
<end of output>
Test time =   0.26 sec
----------------------------------------------------------
Test Passed.
"t_usS_32K_d" end time: May 01 22:50 CST
[...]
DEBUG: Outbound stream to 169.254.144.1:16340 has been fully acknowledged.
DEBUG: TCP connection finished cleanly.
done.
DEBUG: TCP connection finished cleanly.
done.
<end of output>
Test time =   0.49 sec
----------------------------------------------------------
Test Passed.
"t_isD_128K_8K_L" end time: May 01 22:51 CST
"t_isD_128K_8K_L" time elapsed: 00:00:00
----------------------------------------------------------

151/169 Testing: t_isD_128K_8K_lL
151/169 Test: t_isD_128K_8K_lL
Command: "/home/ubuntu/cs144_sponge/txrx.sh" "-isDd" "128K" "-w" "8K" "-l" "0.1" "-L" "0.1"
Directory: /home/ubuntu/cs144_sponge/build
"t_isD_128K_8K_lL" start time: May 01 22:51 CST
Output:
----------------------------------------------------------
DEBUG: Listening for incoming connection...
DEBUG: Connecting to 169.254.144.9:18042...
Successfully connected to 169.254.144.9:18042.
New connection from 169.254.144.1:49019.
DEBUG: Outbound stream to 169.254.144.1:49019 finished (8192 bytes still in flight).
DEBUG: Outbound stream to 169.254.144.9:18042 finished (8192 bytes still in flight).
DEBUG: Waiting for clean shutdown... DEBUG: Inbound stream from 169.254.144.9:18042 finished cleanly.
DEBUG: Outbound stream to 169.254.144.1:49019 has been fully acknowledged.
DEBUG: Waiting for clean shutdown... DEBUG: Inbound stream from 169.254.144.1:49019 finished cleanly.
DEBUG: Waiting for lingering segments (e.g. retransmissions of FIN) from peer...
DEBUG: Outbound stream to 169.254.144.9:18042 has been fully acknowledged.
DEBUG: TCP connection finished cleanly.
done.
DEBUG: TCP connection finished cleanly.
done.
<end of output>
Test time =   0.69 sec
----------------------------------------------------------
Test Passed.
"t_isD_128K_8K_lL" end time: May 01 22:51 CST
"t_isD_128K_8K_lL" time elapsed: 00:00:00
----------------------------------------------------------

152/169 Testing: t_icnS_128K_8K_l
152/169 Test: t_icnS_128K_8K_l
Command: "/home/ubuntu/cs144_sponge/txrx.sh" "-icSnd" "128K" "-w" "8K" "-l" "0.1"
Directory: /home/ubuntu/cs144_sponge/build
"t_icnS_128K_8K_l" start time: May 01 22:51 CST
Output:
----------------------------------------------------------
DEBUG: Connecting to 169.254.144.1:6350...
Successfully connected to 169.254.144.1:6350.
DEBUG: Inbound stream from 169.254.144.1:6350 finished cleanly.
DEBUG: Waiting for clean shutdown... DEBUG: Outbound stream to 169.254.144.1:6350 finished (64000 bytes still in flight).
DEBUG: Outbound stream to 169.254.144.1:6350 has been fully acknowledged.
DEBUG: TCP connection finished cleanly.
done.
<end of output>
Test time =   0.15 sec
----------------------------------------------------------
Test Passed.
"t_icnS_128K_8K_l" end time: May 01 22:51 CST
"t_icnS_128K_8K_l" time elapsed: 00:00:00
----------------------------------------------------------

153/169 Testing: t_icnS_128K_8K_L
153/169 Test: t_icnS_128K_8K_L
Command: "/home/ubuntu/cs144_sponge/txrx.sh" "-icSnd" "128K" "-w" "8K" "-L" "0.1"
Directory: /home/ubuntu/cs144_sponge/build
"t_icnS_128K_8K_L" start time: May 01 22:51 CST
Output:
----------------------------------------------------------
DEBUG: Connecting to 169.254.144.1:8823...
Successfully connected to 169.254.144.1:8823.
DEBUG: Inbound stream from 169.254.144.1:8823 finished cleanly.
DEBUG: Outbound stream to 169.254.144.1:8823 finished (62000 bytes still in flight).
DEBUG: Waiting for clean shutdown... DEBUG: Outbound stream to 169.254.144.1:8823 has been fully acknowledged.
DEBUG: TCP connection finished cleanly.
done.
<end of output>
Test time =   0.38 sec
----------------------------------------------------------
Test Passed.
"t_icnS_128K_8K_L" end time: May 01 22:51 CST
"t_icnS_128K_8K_L" time elapsed: 00:00:00
----------------------------------------------------------

154/169 Testing: t_icnS_128K_8K_lL
154/169 Test: t_icnS_128K_8K_lL
Command: "/home/ubuntu/cs144_sponge/txrx.sh" "-icSnd" "128K" "-w" "8K" "-l" "0.1" "-L" "0.1"
Directory: /home/ubuntu/cs144_sponge/build
"t_icnS_128K_8K_lL" start time: May 01 22:51 CST
Output:
----------------------------------------------------------
DEBUG: Connecting to 169.254.144.1:22916...
Successfully connected to 169.254.144.1:22916.
DEBUG: Inbound stream from 169.254.144.1:22916 finished cleanly.
DEBUG: Waiting for clean shutdown... DEBUG: Outbound stream to 169.254.144.1:22916 finished (62000 bytes still in flight).
DEBUG: Outbound stream to 169.254.144.1:22916 has been fully acknowledged.
DEBUG: TCP connection finished cleanly.
done.
<end of output>
Test time =   0.44 sec
----------------------------------------------------------
Test Passed.
"t_icnS_128K_8K_lL" end time: May 01 22:51 CST
"t_icnS_128K_8K_lL" time elapsed: 00:00:00
----------------------------------------------------------

155/169 Testing: t_icnR_128K_8K_l
155/169 Test: t_icnR_128K_8K_l
Command: "/home/ubuntu/cs144_sponge/txrx.sh" "-icRnd" "128K" "-w" "8K" "-l" "0.1"
Directory: /home/ubuntu/cs144_sponge/build
"t_icnR_128K_8K_l" start time: May 01 22:51 CST
Output:
----------------------------------------------------------
DEBUG: Connecting to 169.254.144.1:13889...
Successfully connected to 169.254.144.1:13889.
DEBUG: Outbound stream to 169.254.144.1:13889 finished (1 byte still in flight).
DEBUG: Outbound stream to 169.254.144.1:13889 has been fully acknowledged.
DEBUG: Inbound stream from 169.254.144.1:13889 finished cleanly.
DEBUG: Waiting for lingering segments (e.g. retransmissions of FIN) from peer...
DEBUG: Waiting for clean shutdown... DEBUG: TCP connection finished cleanly.
done.
<end of output>
Test time =   0.51 sec
----------------------------------------------------------
Test Passed.
"t_icnR_128K_8K_l" end time: May 01 22:51 CST
"t_icnR_128K_8K_l" time elapsed: 00:00:00
----------------------------------------------------------

156/169 Testing: t_icnR_128K_8K_L
156/169 Test: t_icnR_128K_8K_L
Command: "/home/ubuntu/cs144_sponge/txrx.sh" "-icRnd" "128K" "-w" "8K" "-L" "0.1"
Directory: /home/ubuntu/cs144_sponge/build
"t_icnR_128K_8K_L" start time: May 01 22:51 CST
Output:
----------------------------------------------------------
DEBUG: Connecting to 169.254.144.1:13724...
Successfully connected to 169.254.144.1:13724.
DEBUG: Outbound stream to 169.254.144.1:13724 finished (1 byte still in flight).
DEBUG: Outbound stream to 169.254.144.1:13724 has been fully acknowledged.
DEBUG: Inbound stream from 169.254.144.1:13724 finished cleanly.
DEBUG: Waiting for lingering segments (e.g. retransmissions of FIN) from peer...
DEBUG: Waiting for clean shutdown... DEBUG: TCP connection finished cleanly.
done.
<end of output>
Test time =   0.27 sec
----------------------------------------------------------
Test Passed.
"t_icnR_128K_8K_L" end time: May 01 22:51 CST
"t_icnR_128K_8K_L" time elapsed: 00:00:00
----------------------------------------------------------

157/169 Testing: t_icnR_128K_8K_lL
157/169 Test: t_icnR_128K_8K_lL
Command: "/home/ubuntu/cs144_sponge/txrx.sh" "-icRnd" "128K" "-w" "8K" "-l" "0.1" "-L" "0.1"
Directory: /home/ubuntu/cs144_sponge/build
"t_icnR_128K_8K_lL" start time: May 01 22:51 CST
Output:
----------------------------------------------------------
DEBUG: Connecting to 169.254.144.1:33491...
Successfully connected to 169.254.144.1:33491.
DEBUG: Outbound stream to 169.254.144.1:33491 finished (1 byte still in flight).
DEBUG: Outbound stream to 169.254.144.1:33491 has been fully acknowledged.
DEBUG: Inbound stream from 169.254.144.1:33491 finished cleanly.
DEBUG: Waiting for lingering segments (e.g. retransmissions of FIN) from peer...
DEBUG: Waiting for clean shutdown... DEBUG: TCP connection finished cleanly.
done.
<end of output>
Test time =   0.94 sec
----------------------------------------------------------
Test Passed.
"t_icnR_128K_8K_lL" end time: May 01 22:51 CST
"t_icnR_128K_8K_lL" time elapsed: 00:00:00
----------------------------------------------------------

158/169 Testing: t_icnD_128K_8K_l
158/169 Test: t_icnD_128K_8K_l
Command: "/home/ubuntu/cs144_sponge/txrx.sh" "-icDnd" "128K" "-w" "8K" "-l" "0.1"
Directory: /home/ubuntu/cs144_sponge/build
"t_icnD_128K_8K_l" start time: May 01 22:51 CST
Output:
----------------------------------------------------------
DEBUG: Connecting to 169.254.144.1:13515...
Successfully connected to 169.254.144.1:13515.
DEBUG: Outbound stream to 169.254.144.1:13515 finished (64000 bytes still in flight).
DEBUG: Outbound stream to 169.254.144.1:13515 has been fully acknowledged.
DEBUG: Inbound stream from 169.254.144.1:13515 finished cleanly.
DEBUG: Waiting for lingering segments (e.g. retransmissions of FIN) from peer...
DEBUG: Waiting for clean shutdown... DEBUG: TCP connection finished cleanly.
done.
<end of output>
Test time =   0.62 sec
----------------------------------------------------------
Test Passed.
"t_icnD_128K_8K_l" end time: May 01 22:51 CST
"t_icnD_128K_8K_l" time elapsed: 00:00:00
----------------------------------------------------------

159/169 Testing: t_icnD_128K_8K_L
159/169 Test: t_icnD_128K_8K_L
Command: "/home/ubuntu/cs144_sponge/txrx.sh" "-icDnd" "128K" "-w" "8K" "-L" "0.1"
Directory: /home/ubuntu/cs144_sponge/build
"t_icnD_128K_8K_L" start time: May 01 22:51 CST
Output:
----------------------------------------------------------
DEBUG: Connecting to 169.254.144.1:20566...
Successfully connected to 169.254.144.1:20566.
DEBUG: Inbound stream from 169.254.144.1:20566 finished cleanly.
DEBUG: Waiting for clean shutdown... DEBUG: Outbound stream to 169.254.144.1:20566 finished (54000 bytes still in flight).
DEBUG: Outbound stream to 169.254.144.1:20566 has been fully acknowledged.
DEBUG: TCP connection finished cleanly.
done.
<end of output>
Test time =   0.37 sec
----------------------------------------------------------
Test Passed.
"t_icnD_128K_8K_L" end time: May 01 22:51 CST
"t_icnD_128K_8K_L" time elapsed: 00:00:00
----------------------------------------------------------

160/169 Testing: t_icnD_128K_8K_lL
160/169 Test: t_icnD_128K_8K_lL
Command: "/home/ubuntu/cs144_sponge/txrx.sh" "-icDnd" "128K" "-w" "8K" "-l" "0.1" "-L" "0.1"
Directory: /home/ubuntu/cs144_sponge/build
"t_icnD_128K_8K_lL" start time: May 01 22:51 CST
Output:
----------------------------------------------------------
DEBUG: Connecting to 169.254.144.1:28575...
Successfully connected to 169.254.144.1:28575.
DEBUG: Outbound stream to 169.254.144.1:28575 finished (44000 bytes still in flight).
DEBUG: Outbound stream to 169.254.144.1:28575 has been fully acknowledged.
DEBUG: Inbound stream from 169.254.144.1:28575 finished cleanly.
DEBUG: Waiting for lingering segments (e.g. retransmissions of FIN) from peer...
DEBUG: Waiting for clean shutdown... DEBUG: TCP connection finished cleanly.
done.
<end of output>
Test time =   0.46 sec
----------------------------------------------------------
Test Passed.
"t_icnD_128K_8K_lL" end time: May 01 22:51 CST
"t_icnD_128K_8K_lL" time elapsed: 00:00:00
----------------------------------------------------------

161/169 Testing: t_isnS_128K_8K_l
161/169 Test: t_isnS_128K_8K_l
Command: "/home/ubuntu/cs144_sponge/txrx.sh" "-isSnd" "128K" "-w" "8K" "-l" "0.1"
Directory: /home/ubuntu/cs144_sponge/build
"t_isnS_128K_8K_l" start time: May 01 22:51 CST
Output:
----------------------------------------------------------
DEBUG: Listening for incoming connection...
New connection from 169.254.144.1:50666.
DEBUG: Inbound stream from 169.254.144.1:50666 finished cleanly.
DEBUG: Waiting for clean shutdown... DEBUG: Outbound stream to 169.254.144.1:50666 finished (62000 bytes still in flight).
DEBUG: Outbound stream to 169.254.144.1:50666 has been fully acknowledged.
DEBUG: TCP connection finished cleanly.
done.
<end of output>
Test time =   1.14 sec
----------------------------------------------------------
Test Passed.
"t_isnS_128K_8K_l" end time: May 01 22:51 CST
"t_isnS_128K_8K_l" time elapsed: 00:00:01
----------------------------------------------------------

162/169 Testing: t_isnS_128K_8K_L
162/169 Test: t_isnS_128K_8K_L
Command: "/home/ubuntu/cs144_sponge/txrx.sh" "-isSnd" "128K" "-w" "8K" "-L" "0.1"
Directory: /home/ubuntu/cs144_sponge/build
"t_isnS_128K_8K_L" start time: May 01 22:51 CST
Output:
----------------------------------------------------------
DEBUG: Listening for incoming connection...
New connection from 169.254.144.1:59628.
DEBUG: Inbound stream from 169.254.144.1:59628 finished cleanly.
DEBUG: Waiting for clean shutdown... DEBUG: Outbound stream to 169.254.144.1:59628 finished (62000 bytes still in flight).
DEBUG: Outbound stream to 169.254.144.1:59628 has been fully acknowledged.
DEBUG: TCP connection finished cleanly.
done.
<end of output>
Test time =   0.39 sec
----------------------------------------------------------
Test Passed.
"t_isnS_128K_8K_L" end time: May 01 22:51 CST
"t_isnS_128K_8K_L" time elapsed: 00:00:00
----------------------------------------------------------

163/169 Testing: t_isnS_128K_8K_lL
163/169 Test: t_isnS_128K_8K_lL
Command: "/home/ubuntu/cs144_sponge/txrx.sh" "-isSnd" "128K" "-w" "8K" "-l" "0.1" "-L" "0.1"
Directory: /home/ubuntu/cs144_sponge/build
"t_isnS_128K_8K_lL" start time: May 01 22:51 CST
Output:
----------------------------------------------------------
DEBUG: Listening for incoming connection...
New connection from 169.254.144.1:56874.
DEBUG: Inbound stream from 169.254.144.1:56874 finished cleanly.
DEBUG: Waiting for clean shutdown... DEBUG: Outbound stream to 169.254.144.1:56874 finished (62000 bytes still in flight).
DEBUG: Outbound stream to 169.254.144.1:56874 has been fully acknowledged.
DEBUG: TCP connection finished cleanly.
done.
<end of output>
Test time =   0.61 sec
----------------------------------------------------------
Test Passed.
"t_isnS_128K_8K_lL" end time: May 01 22:51 CST
"t_isnS_128K_8K_lL" time elapsed: 00:00:00
----------------------------------------------------------

164/169 Testing: t_isnR_128K_8K_l
164/169 Test: t_isnR_128K_8K_l
Command: "/home/ubuntu/cs144_sponge/txrx.sh" "-isRnd" "128K" "-w" "8K" "-l" "0.1"
Directory: /home/ubuntu/cs144_sponge/build
"t_isnR_128K_8K_l" start time: May 01 22:51 CST
Output:
----------------------------------------------------------
DEBUG: Listening for incoming connection...
New connection from 169.254.144.1:43610.
DEBUG: Outbound stream to 169.254.144.1:43610 finished (1 byte still in flight).
DEBUG: Outbound stream to 169.254.144.1:43610 has been fully acknowledged.
DEBUG: Inbound stream from 169.254.144.1:43610 finished cleanly.
DEBUG: Waiting for lingering segments (e.g. retransmissions of FIN) from peer...
DEBUG: Waiting for clean shutdown... DEBUG: TCP connection finished cleanly.
done.
<end of output>
Test time =   3.74 sec
----------------------------------------------------------
Test Passed.
"t_isnR_128K_8K_l" end time: May 01 22:51 CST
"t_isnR_128K_8K_l" time elapsed: 00:00:03
----------------------------------------------------------

165/169 Testing: t_isnR_128K_8K_L
165/169 Test: t_isnR_128K_8K_L
Command: "/home/ubuntu/cs144_sponge/txrx.sh" "-isRnd" "128K" "-w" "8K" "-L" "0.1"
Directory: /home/ubuntu/cs144_sponge/build
"t_isnR_128K_8K_L" start time: May 01 22:51 CST
Output:
----------------------------------------------------------
DEBUG: Listening for incoming connection...
New connection from 169.254.144.1:54350.
DEBUG: Outbound stream to 169.254.144.1:54350 finished (1 byte still in flight).
DEBUG: Outbound stream to 169.254.144.1:54350 has been fully acknowledged.
DEBUG: Inbound stream from 169.254.144.1:54350 finished cleanly.
DEBUG: Waiting for lingering segments (e.g. retransmissions of FIN) from peer...
DEBUG: Waiting for clean shutdown... DEBUG: TCP connection finished cleanly.
done.
<end of output>
Test time =   0.27 sec
----------------------------------------------------------
Test Passed.
"t_isnR_128K_8K_L" end time: May 01 22:51 CST
"t_isnR_128K_8K_L" time elapsed: 00:00:00
----------------------------------------------------------

166/169 Testing: t_isnR_128K_8K_lL
166/169 Test: t_isnR_128K_8K_lL
Command: "/home/ubuntu/cs144_sponge/txrx.sh" "-isRnd" "128K" "-w" "8K" "-l" "0.1" "-L" "0.1"
Directory: /home/ubuntu/cs144_sponge/build
"t_isnR_128K_8K_lL" start time: May 01 22:51 CST
Output:
----------------------------------------------------------
DEBUG: Listening for incoming connection...
New connection from 169.254.144.1:48444.
DEBUG: Outbound stream to 169.254.144.1:48444 finished (1 byte still in flight).
DEBUG: Outbound stream to 169.254.144.1:48444 has been fully acknowledged.
DEBUG: Inbound stream from 169.254.144.1:48444 finished cleanly.
DEBUG: Waiting for lingering segments (e.g. retransmissions of FIN) from peer...
DEBUG: Waiting for clean shutdown... DEBUG: TCP connection finished cleanly.
done.
<end of output>
Test time =   0.94 sec
----------------------------------------------------------
Test Passed.
"t_isnR_128K_8K_lL" end time: May 01 22:51 CST
"t_isnR_128K_8K_lL" time elapsed: 00:00:00
----------------------------------------------------------

167/169 Testing: t_isnD_128K_8K_l
167/169 Test: t_isnD_128K_8K_l
Command: "/home/ubuntu/cs144_sponge/txrx.sh" "-isDnd" "128K" "-w" "8K" "-l" "0.1"
Directory: /home/ubuntu/cs144_sponge/build
"t_isnD_128K_8K_l" start time: May 01 22:51 CST
Output:
----------------------------------------------------------
DEBUG: Listening for incoming connection...
New connection from 169.254.144.1:46510.
DEBUG: Outbound stream to 169.254.144.1:46510 finished (62000 bytes still in flight).
DEBUG: Outbound stream to 169.254.144.1:46510 has been fully acknowledged.
DEBUG: Inbound stream from 169.254.144.1:46510 finished cleanly.
DEBUG: Waiting for lingering segments (e.g. retransmissions of FIN) from peer...
DEBUG: Waiting for clean shutdown... DEBUG: TCP connection finished cleanly.
done.
<end of output>
Test time =   1.69 sec
----------------------------------------------------------
Test Passed.
"t_isnD_128K_8K_l" end time: May 01 22:51 CST
"t_isnD_128K_8K_l" time elapsed: 00:00:01
----------------------------------------------------------

168/169 Testing: t_isnD_128K_8K_L
168/169 Test: t_isnD_128K_8K_L
Command: "/home/ubuntu/cs144_sponge/txrx.sh" "-isDnd" "128K" "-w" "8K" "-L" "0.1"
Directory: /home/ubuntu/cs144_sponge/build
"t_isnD_128K_8K_L" start time: May 01 22:51 CST
Output:
----------------------------------------------------------
DEBUG: Listening for incoming connection...
New connection from 169.254.144.1:34190.
DEBUG: Inbound stream from 169.254.144.1:34190 finished cleanly.
DEBUG: Waiting for clean shutdown... DEBUG: Outbound stream to 169.254.144.1:34190 finished (64000 bytes still in flight).
DEBUG: Outbound stream to 169.254.144.1:34190 has been fully acknowledged.
DEBUG: TCP connection finished cleanly.
done.
<end of output>
Test time =   0.33 sec
----------------------------------------------------------
Test Passed.
"t_isnD_128K_8K_L" end time: May 01 22:51 CST
"t_isnD_128K_8K_L" time elapsed: 00:00:00
----------------------------------------------------------

169/169 Testing: t_isnD_128K_8K_lL
169/169 Test: t_isnD_128K_8K_lL
Command: "/home/ubuntu/cs144_sponge/txrx.sh" "-isDnd" "128K" "-w" "8K" "-l" "0.1" "-L" "0.1"
Directory: /home/ubuntu/cs144_sponge/build
"t_isnD_128K_8K_lL" start time: May 01 22:51 CST
Output:
----------------------------------------------------------
DEBUG: Listening for incoming connection...
New connection from 169.254.144.1:44482.
DEBUG: Outbound stream to 169.254.144.1:44482 finished (21000 bytes still in flight).
DEBUG: Inbound stream from 169.254.144.1:44482 finished cleanly.
DEBUG: Waiting for clean shutdown... DEBUG: Outbound stream to 169.254.144.1:44482 has been fully acknowledged.
DEBUG: TCP connection finished cleanly.
done.
<end of output>
Test time =   0.48 sec
----------------------------------------------------------
Test Passed.
"t_isnD_128K_8K_lL" end time: May 01 22:51 CST
"t_isnD_128K_8K_lL" time elapsed: 00:00:00
----------------------------------------------------------

End testing: May 01 22:51 CST
