Start testing: May 01 22:26 CST
----------------------------------------------------------
31/169 Testing: t_webget
31/169 Test: t_webget
Command: "/home/ubuntu/cs144_sponge/tests/webget_t.sh"
Directory: /home/ubuntu/cs144_sponge/build
"t_webget" start time: May 01 22:26 CST
Output:
----------------------------------------------------------
HTTP/1.1 200 OK
Content-type: text/plain

7SmXqWkrLKzVBCEalbSPqBcvs11Pw263K7x4Wv3JckI
<end of output>
Test time =   1.27 sec
----------------------------------------------------------
Test Passed.
"t_webget" end time: May 01 22:26 CST
"t_webget" time elapsed: 00:00:01
----------------------------------------------------------

32/169 Testing: arp_network_interface
32/169 Test: arp_network_interface
Command: "/home/ubuntu/cs144_sponge/build/tests/net_interface"
Directory: /home/ubuntu/cs144_sponge/build
"arp_network_interface" start time: May 01 22:26 CST
Output:
----------------------------------------------------------
DEBUG: Network interface has Ethernet address 4e:7a:e2:2a:c8:6e and IP address 4.3.2.1
DEBUG: Network interface has Ethernet address 02:0f:ea:32:e4:e8 and IP address 5.5.5.5
DEBUG: Network interface has Ethernet address 76:d6:e5:13:c5:b1 and IP address 5.5.5.5
DEBUG: Network interface has Ethernet address fa:b1:81:e8:05:68 and IP address 1.2.3.4
DEBUG: Network interface has Ethernet address 72:f6:2f:d2:dd:4a and IP address 4.3.2.1
DEBUG: Network interface has Ethernet address 96:df:eb:09:70:e8 and IP address 10.0.0.1
<end of output>
Test time =   0.00 sec
----------------------------------------------------------
Test Passed.
"arp_network_interface" end time: May 01 22:26 CST
"arp_network_interface" time elapsed: 00:00:00
----------------------------------------------------------

End testing: May 01 22:26 CST
